{"/Users/patric/Projects/Scratch/whisker-main/whisker-main/src/whisker/bitstring/BitflipMutation.ts": {"path":"/Users/patric/Projects/Scratch/whisker-main/whisker-main/src/whisker/bitstring/BitflipMutation.ts","statementMap":{"0":{"start":{"line":23,"column":0},"end":{"line":23,"column":47}},"1":{"start":{"line":29,"column":24},"end":{"line":29,"column":45}},"2":{"start":{"line":30,"column":35},"end":{"line":30,"column":37}},"3":{"start":{"line":31,"column":36},"end":{"line":31,"column":56}},"4":{"start":{"line":33,"column":8},"end":{"line":39,"column":null}},"5":{"start":{"line":34,"column":12},"end":{"line":38,"column":null}},"6":{"start":{"line":35,"column":16},"end":{"line":35,"column":35}},"7":{"start":{"line":37,"column":16},"end":{"line":37,"column":34}},"8":{"start":{"line":41,"column":8},"end":{"line":41,"column":45}},"9":{"start":{"line":26,"column":0},"end":{"line":26,"column":13}}},"fnMap":{"0":{"name":"(anonymous_0)","decl":{"start":{"line":28,"column":4},"end":{"line":28,"column":9}},"loc":{"start":{"line":28,"column":42},"end":{"line":42,"column":5}}}},"branchMap":{"0":{"loc":{"start":{"line":34,"column":12},"end":{"line":38,"column":null}},"type":"if","locations":[{"start":{"line":34,"column":12},"end":{"line":38,"column":null}},{"start":{"line":36,"column":19},"end":{"line":38,"column":null}}]}},"s":{"0":1,"1":0,"2":0,"3":0,"4":0,"5":0,"6":0,"7":0,"8":0,"9":1},"f":{"0":0},"b":{"0":[0,0]}}
,"/Users/patric/Projects/Scratch/whisker-main/whisker-main/src/whisker/bitstring/BitstringChromosome.ts": {"path":"/Users/patric/Projects/Scratch/whisker-main/whisker-main/src/whisker/bitstring/BitstringChromosome.ts","statementMap":{"0":{"start":{"line":23,"column":0},"end":{"line":23,"column":56}},"1":{"start":{"line":38,"column":8},"end":{"line":38,"column":20}},"2":{"start":{"line":39,"column":8},"end":{"line":39,"column":40}},"3":{"start":{"line":40,"column":8},"end":{"line":40,"column":38}},"4":{"start":{"line":44,"column":8},"end":{"line":44,"column":52}},"5":{"start":{"line":48,"column":8},"end":{"line":48,"column":50}},"6":{"start":{"line":52,"column":8},"end":{"line":52,"column":86}},"7":{"start":{"line":56,"column":8},"end":{"line":56,"column":93}},"8":{"start":{"line":25,"column":0},"end":{"line":25,"column":13}}},"fnMap":{"0":{"name":"(anonymous_0)","decl":{"start":{"line":37,"column":4},"end":{"line":37,"column":16}},"loc":{"start":{"line":37,"column":119},"end":{"line":41,"column":5}}},"1":{"name":"(anonymous_1)","decl":{"start":{"line":43,"column":4},"end":{"line":43,"column":24}},"loc":{"start":{"line":43,"column":24},"end":{"line":45,"column":5}}},"2":{"name":"(anonymous_2)","decl":{"start":{"line":47,"column":4},"end":{"line":47,"column":23}},"loc":{"start":{"line":47,"column":23},"end":{"line":49,"column":5}}},"3":{"name":"(anonymous_3)","decl":{"start":{"line":51,"column":4},"end":{"line":51,"column":13}},"loc":{"start":{"line":51,"column":33},"end":{"line":53,"column":5}}},"4":{"name":"(anonymous_4)","decl":{"start":{"line":55,"column":4},"end":{"line":55,"column":9}},"loc":{"start":{"line":55,"column":9},"end":{"line":57,"column":5}}}},"branchMap":{},"s":{"0":1,"1":0,"2":0,"3":0,"4":0,"5":0,"6":0,"7":0,"8":1},"f":{"0":0,"1":0,"2":0,"3":0,"4":0},"b":{}}
,"/Users/patric/Projects/Scratch/whisker-main/whisker-main/src/whisker/bitstring/BitstringChromosomeGenerator.ts": {"path":"/Users/patric/Projects/Scratch/whisker-main/whisker-main/src/whisker/bitstring/BitstringChromosomeGenerator.ts","statementMap":{"0":{"start":{"line":23,"column":0},"end":{"line":23,"column":58}},"1":{"start":{"line":24,"column":0},"end":{"line":24,"column":47}},"2":{"start":{"line":39,"column":8},"end":{"line":39,"column":51}},"3":{"start":{"line":40,"column":8},"end":{"line":40,"column":38}},"4":{"start":{"line":41,"column":8},"end":{"line":41,"column":40}},"5":{"start":{"line":45,"column":32},"end":{"line":45,"column":34}},"6":{"start":{"line":46,"column":8},"end":{"line":48,"column":null}},"7":{"start":{"line":46,"column":20},"end":{"line":46,"column":21}},"8":{"start":{"line":47,"column":12},"end":{"line":47,"column":67}},"9":{"start":{"line":49,"column":8},"end":{"line":49,"column":82}},"10":{"start":{"line":53,"column":8},"end":{"line":53,"column":38}},"11":{"start":{"line":57,"column":8},"end":{"line":57,"column":40}},"12":{"start":{"line":28,"column":0},"end":{"line":28,"column":13}}},"fnMap":{"0":{"name":"(anonymous_0)","decl":{"start":{"line":36,"column":4},"end":{"line":36,"column":16}},"loc":{"start":{"line":38,"column":59},"end":{"line":42,"column":5}}},"1":{"name":"(anonymous_1)","decl":{"start":{"line":44,"column":4},"end":{"line":44,"column":7}},"loc":{"start":{"line":44,"column":7},"end":{"line":50,"column":5}}},"2":{"name":"(anonymous_2)","decl":{"start":{"line":52,"column":4},"end":{"line":52,"column":23}},"loc":{"start":{"line":52,"column":65},"end":{"line":54,"column":5}}},"3":{"name":"(anonymous_3)","decl":{"start":{"line":56,"column":4},"end":{"line":56,"column":24}},"loc":{"start":{"line":56,"column":68},"end":{"line":58,"column":5}}}},"branchMap":{},"s":{"0":1,"1":1,"2":1,"3":1,"4":1,"5":0,"6":0,"7":0,"8":0,"9":0,"10":0,"11":0,"12":1},"f":{"0":1,"1":0,"2":0,"3":0},"b":{}}
,"/Users/patric/Projects/Scratch/whisker-main/whisker-main/src/whisker/bitstring/OneMaxFitnessFunction.ts": {"path":"/Users/patric/Projects/Scratch/whisker-main/whisker-main/src/whisker/bitstring/OneMaxFitnessFunction.ts","statementMap":{"0":{"start":{"line":23,"column":0},"end":{"line":23,"column":53}},"1":{"start":{"line":31,"column":8},"end":{"line":31,"column":26}},"2":{"start":{"line":35,"column":21},"end":{"line":35,"column":42}},"3":{"start":{"line":36,"column":8},"end":{"line":36,"column":54}},"4":{"start":{"line":38,"column":22},"end":{"line":38,"column":23}},"5":{"start":{"line":42,"column":8},"end":{"line":46,"column":null}},"6":{"start":{"line":43,"column":12},"end":{"line":45,"column":null}},"7":{"start":{"line":44,"column":16},"end":{"line":44,"column":26}},"8":{"start":{"line":48,"column":8},"end":{"line":48,"column":23}},"9":{"start":{"line":52,"column":8},"end":{"line":52,"column":18}},"10":{"start":{"line":56,"column":8},"end":{"line":56,"column":18}},"11":{"start":{"line":60,"column":8},"end":{"line":60,"column":18}},"12":{"start":{"line":64,"column":8},"end":{"line":64,"column":17}},"13":{"start":{"line":70,"column":8},"end":{"line":70,"column":31}},"14":{"start":{"line":74,"column":8},"end":{"line":74,"column":42}},"15":{"start":{"line":78,"column":8},"end":{"line":78,"column":65}},"16":{"start":{"line":26,"column":0},"end":{"line":26,"column":13}}},"fnMap":{"0":{"name":"(anonymous_7)","decl":{"start":{"line":30,"column":4},"end":{"line":30,"column":16}},"loc":{"start":{"line":30,"column":28},"end":{"line":32,"column":5}}},"1":{"name":"(anonymous_8)","decl":{"start":{"line":34,"column":10},"end":{"line":34,"column":20}},"loc":{"start":{"line":34,"column":53},"end":{"line":49,"column":null}}},"2":{"name":"(anonymous_10)","decl":{"start":{"line":51,"column":4},"end":{"line":51,"column":20}},"loc":{"start":{"line":51,"column":53},"end":{"line":53,"column":5}}},"3":{"name":"(anonymous_11)","decl":{"start":{"line":55,"column":4},"end":{"line":55,"column":21}},"loc":{"start":{"line":55,"column":54},"end":{"line":57,"column":5}}},"4":{"name":"(anonymous_12)","decl":{"start":{"line":59,"column":4},"end":{"line":59,"column":18}},"loc":{"start":{"line":59,"column":89},"end":{"line":61,"column":5}}},"5":{"name":"(anonymous_13)","decl":{"start":{"line":63,"column":4},"end":{"line":63,"column":15}},"loc":{"start":{"line":63,"column":15},"end":{"line":65,"column":5}}},"6":{"name":"(anonymous_14)","decl":{"start":{"line":67,"column":4},"end":{"line":67,"column":11}},"loc":{"start":{"line":67,"column":43},"end":{"line":71,"column":5}}},"7":{"name":"(anonymous_15)","decl":{"start":{"line":73,"column":10},"end":{"line":73,"column":19}},"loc":{"start":{"line":73,"column":40},"end":{"line":75,"column":null}}},"8":{"name":"(anonymous_17)","decl":{"start":{"line":77,"column":10},"end":{"line":77,"column":19}},"loc":{"start":{"line":77,"column":51},"end":{"line":79,"column":null}}}},"branchMap":{"0":{"loc":{"start":{"line":43,"column":12},"end":{"line":45,"column":null}},"type":"if","locations":[{"start":{"line":43,"column":12},"end":{"line":45,"column":null}}]}},"s":{"0":1,"1":0,"2":0,"3":0,"4":0,"5":0,"6":0,"7":0,"8":0,"9":0,"10":0,"11":0,"12":0,"13":0,"14":0,"15":0,"16":1},"f":{"0":0,"1":0,"2":0,"3":0,"4":0,"5":0,"6":0,"7":0,"8":0},"b":{"0":[0]}}
,"/Users/patric/Projects/Scratch/whisker-main/whisker-main/src/whisker/bitstring/SingleBitFitnessFunction.ts": {"path":"/Users/patric/Projects/Scratch/whisker-main/whisker-main/src/whisker/bitstring/SingleBitFitnessFunction.ts","statementMap":{"0":{"start":{"line":23,"column":0},"end":{"line":23,"column":53}},"1":{"start":{"line":38,"column":8},"end":{"line":38,"column":56}},"2":{"start":{"line":39,"column":8},"end":{"line":39,"column":26}},"3":{"start":{"line":40,"column":8},"end":{"line":40,"column":40}},"4":{"start":{"line":44,"column":21},"end":{"line":44,"column":42}},"5":{"start":{"line":45,"column":8},"end":{"line":45,"column":54}},"6":{"start":{"line":46,"column":22},"end":{"line":46,"column":23}},"7":{"start":{"line":47,"column":8},"end":{"line":52,"column":null}},"8":{"start":{"line":47,"column":21},"end":{"line":47,"column":22}},"9":{"start":{"line":48,"column":12},"end":{"line":51,"column":null}},"10":{"start":{"line":50,"column":16},"end":{"line":50,"column":26}},"11":{"start":{"line":53,"column":8},"end":{"line":53,"column":23}},"12":{"start":{"line":57,"column":8},"end":{"line":57,"column":18}},"13":{"start":{"line":61,"column":8},"end":{"line":61,"column":18}},"14":{"start":{"line":66,"column":8},"end":{"line":66,"column":18}},"15":{"start":{"line":70,"column":8},"end":{"line":70,"column":17}},"16":{"start":{"line":76,"column":8},"end":{"line":76,"column":31}},"17":{"start":{"line":80,"column":8},"end":{"line":80,"column":43}},"18":{"start":{"line":84,"column":8},"end":{"line":84,"column":65}},"19":{"start":{"line":32,"column":0},"end":{"line":32,"column":13}}},"fnMap":{"0":{"name":"(anonymous_7)","decl":{"start":{"line":37,"column":4},"end":{"line":37,"column":16}},"loc":{"start":{"line":37,"column":49},"end":{"line":41,"column":5}}},"1":{"name":"(anonymous_8)","decl":{"start":{"line":43,"column":10},"end":{"line":43,"column":20}},"loc":{"start":{"line":43,"column":52},"end":{"line":54,"column":null}}},"2":{"name":"(anonymous_10)","decl":{"start":{"line":56,"column":4},"end":{"line":56,"column":20}},"loc":{"start":{"line":56,"column":52},"end":{"line":58,"column":5}}},"3":{"name":"(anonymous_11)","decl":{"start":{"line":60,"column":4},"end":{"line":60,"column":21}},"loc":{"start":{"line":60,"column":53},"end":{"line":62,"column":5}}},"4":{"name":"(anonymous_12)","decl":{"start":{"line":65,"column":4},"end":{"line":65,"column":18}},"loc":{"start":{"line":65,"column":88},"end":{"line":67,"column":5}}},"5":{"name":"(anonymous_13)","decl":{"start":{"line":69,"column":4},"end":{"line":69,"column":15}},"loc":{"start":{"line":69,"column":15},"end":{"line":71,"column":5}}},"6":{"name":"(anonymous_14)","decl":{"start":{"line":73,"column":4},"end":{"line":73,"column":11}},"loc":{"start":{"line":73,"column":42},"end":{"line":77,"column":5}}},"7":{"name":"(anonymous_15)","decl":{"start":{"line":79,"column":10},"end":{"line":79,"column":19}},"loc":{"start":{"line":79,"column":40},"end":{"line":81,"column":null}}},"8":{"name":"(anonymous_17)","decl":{"start":{"line":83,"column":10},"end":{"line":83,"column":19}},"loc":{"start":{"line":83,"column":51},"end":{"line":85,"column":null}}}},"branchMap":{"0":{"loc":{"start":{"line":48,"column":12},"end":{"line":51,"column":null}},"type":"if","locations":[{"start":{"line":48,"column":12},"end":{"line":51,"column":null}}]},"1":{"loc":{"start":{"line":48,"column":16},"end":{"line":49,"column":56}},"type":"binary-expr","locations":[{"start":{"line":48,"column":17},"end":{"line":48,"column":40}},{"start":{"line":48,"column":44},"end":{"line":48,"column":51}},{"start":{"line":49,"column":20},"end":{"line":49,"column":43}},{"start":{"line":49,"column":47},"end":{"line":49,"column":55}}]}},"s":{"0":1,"1":10,"2":10,"3":10,"4":0,"5":0,"6":0,"7":0,"8":0,"9":0,"10":0,"11":0,"12":0,"13":0,"14":0,"15":0,"16":0,"17":0,"18":0,"19":1},"f":{"0":10,"1":0,"2":0,"3":0,"4":0,"5":0,"6":0,"7":0,"8":0},"b":{"0":[0],"1":[0,0,0,0]}}
,"/Users/patric/Projects/Scratch/whisker-main/whisker-main/src/whisker/core/exceptions/IllegalArgumentException.ts": {"path":"/Users/patric/Projects/Scratch/whisker-main/whisker-main/src/whisker/core/exceptions/IllegalArgumentException.ts","statementMap":{"0":{"start":{"line":24,"column":0},"end":{"line":24,"column":13}}},"fnMap":{},"branchMap":{},"s":{"0":1},"f":{},"b":{}}
,"/Users/patric/Projects/Scratch/whisker-main/whisker-main/src/whisker/search/Chromosome.ts": {"path":"/Users/patric/Projects/Scratch/whisker-main/whisker-main/src/whisker/search/Chromosome.ts","statementMap":{"0":{"start":{"line":51,"column":14},"end":{"line":51,"column":77}},"1":{"start":{"line":59,"column":8},"end":{"line":59,"column":46}},"2":{"start":{"line":63,"column":8},"end":{"line":63,"column":47}},"3":{"start":{"line":67,"column":8},"end":{"line":67,"column":35}},"4":{"start":{"line":71,"column":8},"end":{"line":71,"column":36}},"5":{"start":{"line":89,"column":8},"end":{"line":89,"column":54}},"6":{"start":{"line":98,"column":8},"end":{"line":98,"column":62}},"7":{"start":{"line":108,"column":8},"end":{"line":114,"column":null}},"8":{"start":{"line":109,"column":12},"end":{"line":109,"column":59}},"9":{"start":{"line":111,"column":28},"end":{"line":111,"column":66}},"10":{"start":{"line":112,"column":12},"end":{"line":112,"column":61}},"11":{"start":{"line":113,"column":12},"end":{"line":113,"column":27}},"12":{"start":{"line":123,"column":8},"end":{"line":123,"column":58}},"13":{"start":{"line":130,"column":8},"end":{"line":130,"column":35}},"14":{"start":{"line":147,"column":28},"end":{"line":147,"column":29}},"15":{"start":{"line":148,"column":8},"end":{"line":152,"column":null}},"16":{"start":{"line":149,"column":12},"end":{"line":151,"column":null}},"17":{"start":{"line":150,"column":16},"end":{"line":150,"column":32}},"18":{"start":{"line":153,"column":8},"end":{"line":153,"column":48}},"19":{"start":{"line":173,"column":8},"end":{"line":173,"column":39}},"20":{"start":{"line":32,"column":0},"end":{"line":32,"column":22}}},"fnMap":{"0":{"name":"(anonymous_7)","decl":{"start":{"line":32,"column":0},"end":{"line":32,"column":22}},"loc":{"start":{"line":32,"column":0},"end":{"line":175,"column":1}}},"1":{"name":"(anonymous_8)","decl":{"start":{"line":58,"column":4},"end":{"line":58,"column":8}},"loc":{"start":{"line":58,"column":32},"end":{"line":60,"column":5}}},"2":{"name":"(anonymous_9)","decl":{"start":{"line":62,"column":4},"end":{"line":62,"column":8}},"loc":{"start":{"line":62,"column":46},"end":{"line":64,"column":5}}},"3":{"name":"(anonymous_10)","decl":{"start":{"line":66,"column":4},"end":{"line":66,"column":8}},"loc":{"start":{"line":66,"column":21},"end":{"line":68,"column":5}}},"4":{"name":"(anonymous_11)","decl":{"start":{"line":70,"column":4},"end":{"line":70,"column":8}},"loc":{"start":{"line":70,"column":56},"end":{"line":72,"column":5}}},"5":{"name":"(anonymous_12)","decl":{"start":{"line":88,"column":4},"end":{"line":88,"column":10}},"loc":{"start":{"line":88,"column":10},"end":{"line":90,"column":5}}},"6":{"name":"(anonymous_13)","decl":{"start":{"line":97,"column":4},"end":{"line":97,"column":13}},"loc":{"start":{"line":97,"column":25},"end":{"line":99,"column":5}}},"7":{"name":"(anonymous_14)","decl":{"start":{"line":107,"column":10},"end":{"line":107,"column":20}},"loc":{"start":{"line":107,"column":59},"end":{"line":115,"column":null}}},"8":{"name":"(anonymous_16)","decl":{"start":{"line":122,"column":11},"end":{"line":122,"column":27}},"loc":{"start":{"line":122,"column":66},"end":{"line":124,"column":5}}},"9":{"name":"(anonymous_17)","decl":{"start":{"line":129,"column":11},"end":{"line":129,"column":28}},"loc":{"start":{"line":129,"column":28},"end":{"line":131,"column":5}}},"10":{"name":"(anonymous_18)","decl":{"start":{"line":138,"column":10},"end":{"line":138,"column":18}},"loc":{"start":{"line":138,"column":41},"end":{"line":140,"column":null}}},"11":{"name":"(anonymous_20)","decl":{"start":{"line":146,"column":17},"end":{"line":146,"column":43}},"loc":{"start":{"line":146,"column":91},"end":{"line":154,"column":null}}},"12":{"name":"(anonymous_22)","decl":{"start":{"line":172,"column":4},"end":{"line":172,"column":8}},"loc":{"start":{"line":172,"column":25},"end":{"line":174,"column":5}}}},"branchMap":{"0":{"loc":{"start":{"line":108,"column":8},"end":{"line":114,"column":null}},"type":"if","locations":[{"start":{"line":108,"column":8},"end":{"line":114,"column":null}},{"start":{"line":110,"column":15},"end":{"line":114,"column":null}}]},"1":{"loc":{"start":{"line":149,"column":12},"end":{"line":151,"column":null}},"type":"if","locations":[{"start":{"line":149,"column":12},"end":{"line":151,"column":null}}]}},"s":{"0":59422,"1":0,"2":0,"3":27152,"4":27152,"5":17862,"6":13576,"7":0,"8":0,"9":0,"10":0,"11":0,"12":0,"13":0,"14":0,"15":0,"16":0,"17":0,"18":0,"19":0,"20":1},"f":{"0":59422,"1":0,"2":0,"3":27152,"4":27152,"5":17862,"6":13576,"7":0,"8":0,"9":0,"10":0,"11":0,"12":0},"b":{"0":[0,0],"1":[0]}}
,"/Users/patric/Projects/Scratch/whisker-main/whisker-main/src/whisker/search/Crossover.ts": {"path":"/Users/patric/Projects/Scratch/whisker-main/whisker-main/src/whisker/search/Crossover.ts","statementMap":{"0":{"start":{"line":48,"column":8},"end":{"line":48,"column":44}},"1":{"start":{"line":30,"column":0},"end":{"line":30,"column":22}}},"fnMap":{"0":{"name":"(anonymous_0)","decl":{"start":{"line":47,"column":4},"end":{"line":47,"column":17}},"loc":{"start":{"line":47,"column":45},"end":{"line":49,"column":5}}}},"branchMap":{},"s":{"0":0,"1":1},"f":{"0":0},"b":{}}
,"/Users/patric/Projects/Scratch/whisker-main/whisker-main/src/whisker/search/FitnessFunctionType.ts": {"path":"/Users/patric/Projects/Scratch/whisker-main/whisker-main/src/whisker/search/FitnessFunctionType.ts","statementMap":{"0":{"start":{"line":24,"column":0},"end":{"line":24,"column":null}},"1":{"start":{"line":28,"column":4},"end":{"line":28,"column":null}},"2":{"start":{"line":33,"column":4},"end":{"line":33,"column":null}},"3":{"start":{"line":38,"column":4},"end":{"line":38,"column":null}}},"fnMap":{"0":{"name":"(anonymous_0)","decl":{"start":{"line":24,"column":0},"end":{"line":24,"column":12}},"loc":{"start":{"line":24,"column":31},"end":{"line":39,"column":1}}}},"branchMap":{"0":{"loc":{"start":{"line":24,"column":12},"end":{"line":24,"column":null}},"type":"binary-expr","locations":[{"start":{"line":24,"column":12},"end":{"line":24,"column":31}},{"start":{"line":24,"column":12},"end":{"line":24,"column":null}}]}},"s":{"0":1,"1":1,"2":1,"3":1},"f":{"0":1},"b":{"0":[1,1]}}
,"/Users/patric/Projects/Scratch/whisker-main/whisker-main/src/whisker/search/ListChromosome.ts": {"path":"/Users/patric/Projects/Scratch/whisker-main/whisker-main/src/whisker/search/ListChromosome.ts","statementMap":{"0":{"start":{"line":21,"column":0},"end":{"line":21,"column":40}},"1":{"start":{"line":34,"column":8},"end":{"line":34,"column":16}},"2":{"start":{"line":53,"column":20},"end":{"line":60,"column":null}},"3":{"start":{"line":54,"column":21},"end":{"line":54,"column":23}},"4":{"start":{"line":55,"column":8},"end":{"line":57,"column":null}},"5":{"start":{"line":56,"column":12},"end":{"line":56,"column":33}},"6":{"start":{"line":59,"column":8},"end":{"line":59,"column":22}},"7":{"start":{"line":35,"column":8},"end":{"line":35,"column":33}},"8":{"start":{"line":42,"column":8},"end":{"line":42,"column":34}},"9":{"start":{"line":46,"column":8},"end":{"line":46,"column":27}},"10":{"start":{"line":50,"column":8},"end":{"line":50,"column":28}},"11":{"start":{"line":29,"column":0},"end":{"line":29,"column":22}}},"fnMap":{"0":{"name":"(anonymous_0)","decl":{"start":{"line":33,"column":4},"end":{"line":33,"column":26}},"loc":{"start":{"line":33,"column":36},"end":{"line":36,"column":5}}},"1":{"name":"(anonymous_1)","decl":{"start":{"line":53,"column":31},"end":{"line":53,"column":43}},"loc":{"start":{"line":53,"column":45},"end":{"line":60,"column":5}}},"2":{"name":"(anonymous_2)","decl":{"start":{"line":41,"column":4},"end":{"line":41,"column":13}},"loc":{"start":{"line":41,"column":13},"end":{"line":43,"column":5}}},"3":{"name":"(anonymous_3)","decl":{"start":{"line":45,"column":4},"end":{"line":45,"column":12}},"loc":{"start":{"line":45,"column":12},"end":{"line":47,"column":5}}},"4":{"name":"(anonymous_4)","decl":{"start":{"line":49,"column":4},"end":{"line":49,"column":12}},"loc":{"start":{"line":49,"column":23},"end":{"line":51,"column":5}}}},"branchMap":{},"s":{"0":1,"1":0,"2":0,"3":0,"4":0,"5":0,"6":0,"7":0,"8":0,"9":0,"10":0,"11":1},"f":{"0":0,"1":0,"2":0,"3":0,"4":0},"b":{}}
,"/Users/patric/Projects/Scratch/whisker-main/whisker-main/src/whisker/search/SearchAlgorithmBuilder.ts": {"path":"/Users/patric/Projects/Scratch/whisker-main/whisker-main/src/whisker/search/SearchAlgorithmBuilder.ts","statementMap":{"0":{"start":{"line":23,"column":0},"end":{"line":23,"column":79}},"1":{"start":{"line":26,"column":0},"end":{"line":26,"column":37}},"2":{"start":{"line":27,"column":0},"end":{"line":27,"column":39}},"3":{"start":{"line":28,"column":0},"end":{"line":28,"column":73}},"4":{"start":{"line":29,"column":0},"end":{"line":29,"column":103}},"5":{"start":{"line":30,"column":0},"end":{"line":30,"column":56}},"6":{"start":{"line":32,"column":0},"end":{"line":32,"column":55}},"7":{"start":{"line":33,"column":0},"end":{"line":33,"column":55}},"8":{"start":{"line":36,"column":0},"end":{"line":36,"column":87}},"9":{"start":{"line":37,"column":0},"end":{"line":37,"column":61}},"10":{"start":{"line":38,"column":0},"end":{"line":38,"column":70}},"11":{"start":{"line":39,"column":0},"end":{"line":39,"column":58}},"12":{"start":{"line":40,"column":0},"end":{"line":40,"column":100}},"13":{"start":{"line":41,"column":0},"end":{"line":41,"column":45}},"14":{"start":{"line":42,"column":0},"end":{"line":42,"column":47}},"15":{"start":{"line":43,"column":0},"end":{"line":43,"column":51}},"16":{"start":{"line":45,"column":0},"end":{"line":45,"column":86}},"17":{"start":{"line":46,"column":0},"end":{"line":46,"column":57}},"18":{"start":{"line":89,"column":12},"end":{"line":89,"column":57}},"19":{"start":{"line":101,"column":8},"end":{"line":101,"column":36}},"20":{"start":{"line":103,"column":8},"end":{"line":103,"column":39}},"21":{"start":{"line":111,"column":8},"end":{"line":132,"column":10}},"22":{"start":{"line":134,"column":8},"end":{"line":137,"column":77}},"23":{"start":{"line":139,"column":8},"end":{"line":140,"column":54}},"24":{"start":{"line":142,"column":8},"end":{"line":142,"column":54}},"25":{"start":{"line":151,"column":8},"end":{"line":151,"column":46}},"26":{"start":{"line":152,"column":8},"end":{"line":152,"column":20}},"27":{"start":{"line":162,"column":8},"end":{"line":162,"column":71}},"28":{"start":{"line":163,"column":8},"end":{"line":163,"column":73}},"29":{"start":{"line":165,"column":8},"end":{"line":176,"column":null}},"30":{"start":{"line":167,"column":16},"end":{"line":167,"column":107}},"31":{"start":{"line":168,"column":16},"end":{"line":168,"column":54}},"32":{"start":{"line":169,"column":16},"end":{"line":169,"column":22}},"33":{"start":{"line":171,"column":16},"end":{"line":171,"column":57}},"34":{"start":{"line":172,"column":16},"end":{"line":172,"column":22}},"35":{"start":{"line":174,"column":16},"end":{"line":174,"column":58}},"36":{"start":{"line":175,"column":16},"end":{"line":175,"column":22}},"37":{"start":{"line":177,"column":8},"end":{"line":177,"column":20}},"38":{"start":{"line":186,"column":8},"end":{"line":186,"column":38}},"39":{"start":{"line":187,"column":8},"end":{"line":187,"column":20}},"40":{"start":{"line":196,"column":8},"end":{"line":196,"column":46}},"41":{"start":{"line":197,"column":8},"end":{"line":197,"column":20}},"42":{"start":{"line":205,"column":8},"end":{"line":205,"column":58}},"43":{"start":{"line":206,"column":8},"end":{"line":206,"column":20}},"44":{"start":{"line":215,"column":8},"end":{"line":237,"column":null}},"45":{"start":{"line":217,"column":16},"end":{"line":217,"column":52}},"46":{"start":{"line":218,"column":16},"end":{"line":218,"column":22}},"47":{"start":{"line":220,"column":16},"end":{"line":220,"column":51}},"48":{"start":{"line":221,"column":16},"end":{"line":221,"column":22}},"49":{"start":{"line":223,"column":16},"end":{"line":223,"column":58}},"50":{"start":{"line":224,"column":16},"end":{"line":224,"column":22}},"51":{"start":{"line":226,"column":16},"end":{"line":226,"column":56}},"52":{"start":{"line":227,"column":16},"end":{"line":227,"column":22}},"53":{"start":{"line":229,"column":16},"end":{"line":229,"column":85}},"54":{"start":{"line":230,"column":16},"end":{"line":230,"column":22}},"55":{"start":{"line":232,"column":16},"end":{"line":232,"column":55}},"56":{"start":{"line":233,"column":16},"end":{"line":233,"column":22}},"57":{"start":{"line":236,"column":16},"end":{"line":236,"column":54}},"58":{"start":{"line":239,"column":8},"end":{"line":239,"column":56}},"59":{"start":{"line":240,"column":8},"end":{"line":240,"column":74}},"60":{"start":{"line":244,"column":8},"end":{"line":251,"column":null}},"61":{"start":{"line":245,"column":37},"end":{"line":245,"column":72}},"62":{"start":{"line":246,"column":12},"end":{"line":248,"column":null}},"63":{"start":{"line":246,"column":58},"end":{"line":246,"column":109}},"64":{"start":{"line":247,"column":16},"end":{"line":247,"column":112}},"65":{"start":{"line":249,"column":15},"end":{"line":251,"column":null}},"66":{"start":{"line":250,"column":12},"end":{"line":250,"column":102}},"67":{"start":{"line":253,"column":8},"end":{"line":253,"column":31}},"68":{"start":{"line":260,"column":52},"end":{"line":260,"column":62}},"69":{"start":{"line":261,"column":8},"end":{"line":261,"column":68}},"70":{"start":{"line":262,"column":8},"end":{"line":262,"column":70}},"71":{"start":{"line":263,"column":8},"end":{"line":263,"column":76}},"72":{"start":{"line":265,"column":8},"end":{"line":265,"column":31}},"73":{"start":{"line":272,"column":32},"end":{"line":272,"column":44}},"74":{"start":{"line":273,"column":8},"end":{"line":273,"column":68}},"75":{"start":{"line":274,"column":8},"end":{"line":274,"column":72}},"76":{"start":{"line":275,"column":8},"end":{"line":275,"column":76}},"77":{"start":{"line":276,"column":8},"end":{"line":276,"column":31}},"78":{"start":{"line":283,"column":52},"end":{"line":283,"column":70}},"79":{"start":{"line":284,"column":8},"end":{"line":284,"column":66}},"80":{"start":{"line":285,"column":8},"end":{"line":285,"column":68}},"81":{"start":{"line":286,"column":8},"end":{"line":286,"column":31}},"82":{"start":{"line":293,"column":52},"end":{"line":293,"column":70}},"83":{"start":{"line":294,"column":8},"end":{"line":294,"column":66}},"84":{"start":{"line":295,"column":8},"end":{"line":295,"column":68}},"85":{"start":{"line":297,"column":8},"end":{"line":297,"column":31}},"86":{"start":{"line":304,"column":52},"end":{"line":304,"column":66}},"87":{"start":{"line":305,"column":8},"end":{"line":305,"column":66}},"88":{"start":{"line":306,"column":8},"end":{"line":306,"column":68}},"89":{"start":{"line":307,"column":8},"end":{"line":307,"column":70}},"90":{"start":{"line":309,"column":8},"end":{"line":309,"column":31}},"91":{"start":{"line":316,"column":52},"end":{"line":316,"column":95}},"92":{"start":{"line":317,"column":8},"end":{"line":317,"column":68}},"93":{"start":{"line":318,"column":8},"end":{"line":318,"column":31}},"94":{"start":{"line":325,"column":52},"end":{"line":325,"column":98}},"95":{"start":{"line":326,"column":8},"end":{"line":326,"column":68}},"96":{"start":{"line":327,"column":8},"end":{"line":327,"column":31}},"97":{"start":{"line":334,"column":8},"end":{"line":337,"column":null}},"98":{"start":{"line":334,"column":21},"end":{"line":334,"column":22}},"99":{"start":{"line":335,"column":12},"end":{"line":335,"column":110}},"100":{"start":{"line":336,"column":12},"end":{"line":336,"column":61}},"101":{"start":{"line":336,"column":49},"end":{"line":336,"column":59}},"102":{"start":{"line":344,"column":8},"end":{"line":347,"column":null}},"103":{"start":{"line":344,"column":21},"end":{"line":344,"column":22}},"104":{"start":{"line":345,"column":12},"end":{"line":345,"column":126}},"105":{"start":{"line":346,"column":12},"end":{"line":346,"column":71}},"106":{"start":{"line":346,"column":49},"end":{"line":346,"column":69}},"107":{"start":{"line":355,"column":57},"end":{"line":355,"column":94}},"108":{"start":{"line":356,"column":26},"end":{"line":356,"column":80}},"109":{"start":{"line":358,"column":8},"end":{"line":360,"column":null}},"110":{"start":{"line":359,"column":12},"end":{"line":359,"column":82}},"111":{"start":{"line":362,"column":8},"end":{"line":366,"column":null}},"112":{"start":{"line":362,"column":21},"end":{"line":362,"column":22}},"113":{"start":{"line":363,"column":28},"end":{"line":363,"column":40}},"114":{"start":{"line":364,"column":12},"end":{"line":364,"column":84}},"115":{"start":{"line":365,"column":12},"end":{"line":365,"column":62}},"116":{"start":{"line":365,"column":49},"end":{"line":365,"column":60}},"117":{"start":{"line":371,"column":8},"end":{"line":371,"column":38}},"118":{"start":{"line":54,"column":0},"end":{"line":54,"column":13}}},"fnMap":{"0":{"name":"(anonymous_0)","decl":{"start":{"line":100,"column":4},"end":{"line":100,"column":16}},"loc":{"start":{"line":100,"column":46},"end":{"line":104,"column":5}}},"1":{"name":"(anonymous_1)","decl":{"start":{"line":110,"column":12},"end":{"line":110,"column":35}},"loc":{"start":{"line":110,"column":35},"end":{"line":143,"column":5}}},"2":{"name":"(anonymous_2)","decl":{"start":{"line":150,"column":4},"end":{"line":150,"column":26}},"loc":{"start":{"line":150,"column":60},"end":{"line":153,"column":5}}},"3":{"name":"(anonymous_3)","decl":{"start":{"line":161,"column":4},"end":{"line":161,"column":29}},"loc":{"start":{"line":161,"column":105},"end":{"line":178,"column":5}}},"4":{"name":"(anonymous_4)","decl":{"start":{"line":185,"column":4},"end":{"line":185,"column":17}},"loc":{"start":{"line":185,"column":58},"end":{"line":188,"column":5}}},"5":{"name":"(anonymous_5)","decl":{"start":{"line":195,"column":4},"end":{"line":195,"column":24}},"loc":{"start":{"line":195,"column":50},"end":{"line":198,"column":5}}},"6":{"name":"(anonymous_6)","decl":{"start":{"line":204,"column":4},"end":{"line":204,"column":27}},"loc":{"start":{"line":204,"column":66},"end":{"line":207,"column":5}}},"7":{"name":"(anonymous_7)","decl":{"start":{"line":213,"column":4},"end":{"line":213,"column":24}},"loc":{"start":{"line":213,"column":24},"end":{"line":254,"column":5}}},"8":{"name":"(anonymous_8)","decl":{"start":{"line":246,"column":39},"end":{"line":246,"column":54}},"loc":{"start":{"line":246,"column":58},"end":{"line":246,"column":109}}},"9":{"name":"(anonymous_9)","decl":{"start":{"line":259,"column":12},"end":{"line":259,"column":22}},"loc":{"start":{"line":259,"column":22},"end":{"line":266,"column":5}}},"10":{"name":"(anonymous_10)","decl":{"start":{"line":271,"column":12},"end":{"line":271,"column":21}},"loc":{"start":{"line":271,"column":21},"end":{"line":277,"column":5}}},"11":{"name":"(anonymous_11)","decl":{"start":{"line":282,"column":12},"end":{"line":282,"column":24}},"loc":{"start":{"line":282,"column":24},"end":{"line":287,"column":5}}},"12":{"name":"(anonymous_12)","decl":{"start":{"line":292,"column":12},"end":{"line":292,"column":28}},"loc":{"start":{"line":292,"column":28},"end":{"line":298,"column":5}}},"13":{"name":"(anonymous_13)","decl":{"start":{"line":303,"column":12},"end":{"line":303,"column":26}},"loc":{"start":{"line":303,"column":26},"end":{"line":310,"column":5}}},"14":{"name":"(anonymous_14)","decl":{"start":{"line":315,"column":12},"end":{"line":315,"column":22}},"loc":{"start":{"line":315,"column":22},"end":{"line":319,"column":5}}},"15":{"name":"(anonymous_15)","decl":{"start":{"line":324,"column":12},"end":{"line":324,"column":25}},"loc":{"start":{"line":324,"column":25},"end":{"line":328,"column":5}}},"16":{"name":"(anonymous_16)","decl":{"start":{"line":333,"column":12},"end":{"line":333,"column":36}},"loc":{"start":{"line":333,"column":51},"end":{"line":338,"column":5}}},"17":{"name":"(anonymous_17)","decl":{"start":{"line":336,"column":44},"end":{"line":336,"column":45}},"loc":{"start":{"line":336,"column":49},"end":{"line":336,"column":59}}},"18":{"name":"(anonymous_18)","decl":{"start":{"line":343,"column":12},"end":{"line":343,"column":39}},"loc":{"start":{"line":343,"column":64},"end":{"line":348,"column":5}}},"19":{"name":"(anonymous_19)","decl":{"start":{"line":346,"column":44},"end":{"line":346,"column":45}},"loc":{"start":{"line":346,"column":49},"end":{"line":346,"column":69}}},"20":{"name":"(anonymous_20)","decl":{"start":{"line":353,"column":12},"end":{"line":353,"column":39}},"loc":{"start":{"line":353,"column":57},"end":{"line":367,"column":5}}},"21":{"name":"(anonymous_21)","decl":{"start":{"line":365,"column":44},"end":{"line":365,"column":45}},"loc":{"start":{"line":365,"column":49},"end":{"line":365,"column":60}}},"22":{"name":"(anonymous_22)","decl":{"start":{"line":370,"column":4},"end":{"line":370,"column":8}},"loc":{"start":{"line":370,"column":24},"end":{"line":372,"column":5}}}},"branchMap":{"0":{"loc":{"start":{"line":165,"column":8},"end":{"line":176,"column":null}},"type":"switch","locations":[{"start":{"line":166,"column":12},"end":{"line":169,"column":22}},{"start":{"line":170,"column":12},"end":{"line":172,"column":22}},{"start":{"line":173,"column":12},"end":{"line":175,"column":22}}]},"1":{"loc":{"start":{"line":215,"column":8},"end":{"line":237,"column":null}},"type":"switch","locations":[{"start":{"line":216,"column":12},"end":{"line":218,"column":22}},{"start":{"line":219,"column":12},"end":{"line":221,"column":22}},{"start":{"line":222,"column":12},"end":{"line":224,"column":22}},{"start":{"line":225,"column":12},"end":{"line":227,"column":22}},{"start":{"line":228,"column":12},"end":{"line":230,"column":22}},{"start":{"line":231,"column":12},"end":{"line":233,"column":22}},{"start":{"line":234,"column":12},"end":{"line":234,"column":26}},{"start":{"line":235,"column":12},"end":{"line":236,"column":54}}]},"2":{"loc":{"start":{"line":244,"column":8},"end":{"line":251,"column":null}},"type":"if","locations":[{"start":{"line":244,"column":8},"end":{"line":251,"column":null}},{"start":{"line":249,"column":15},"end":{"line":251,"column":null}}]},"3":{"loc":{"start":{"line":246,"column":12},"end":{"line":248,"column":null}},"type":"if","locations":[{"start":{"line":246,"column":12},"end":{"line":248,"column":null}}]},"4":{"loc":{"start":{"line":249,"column":15},"end":{"line":251,"column":null}},"type":"if","locations":[{"start":{"line":249,"column":15},"end":{"line":251,"column":null}}]},"5":{"loc":{"start":{"line":249,"column":19},"end":{"line":249,"column":101}},"type":"binary-expr","locations":[{"start":{"line":249,"column":19},"end":{"line":249,"column":40}},{"start":{"line":249,"column":44},"end":{"line":249,"column":101}}]},"6":{"loc":{"start":{"line":358,"column":8},"end":{"line":360,"column":null}},"type":"if","locations":[{"start":{"line":358,"column":8},"end":{"line":360,"column":null}}]}},"s":{"0":1,"1":1,"2":1,"3":1,"4":1,"5":1,"6":1,"7":1,"8":1,"9":1,"10":1,"11":1,"12":1,"13":1,"14":1,"15":1,"16":1,"17":1,"18":1,"19":1,"20":1,"21":1,"22":1,"23":1,"24":1,"25":1,"26":1,"27":2,"28":2,"29":2,"30":0,"31":0,"32":0,"33":1,"34":1,"35":1,"36":1,"37":2,"38":1,"39":1,"40":0,"41":0,"42":0,"43":0,"44":1,"45":0,"46":0,"47":0,"48":0,"49":0,"50":0,"51":0,"52":0,"53":1,"54":1,"55":0,"56":0,"57":0,"58":1,"59":1,"60":1,"61":0,"62":0,"63":0,"64":0,"65":1,"66":0,"67":1,"68":0,"69":0,"70":0,"71":0,"72":0,"73":0,"74":0,"75":0,"76":0,"77":0,"78":0,"79":0,"80":0,"81":0,"82":0,"83":0,"84":0,"85":0,"86":0,"87":0,"88":0,"89":0,"90":0,"91":1,"92":1,"93":1,"94":0,"95":0,"96":0,"97":0,"98":0,"99":0,"100":0,"101":0,"102":1,"103":1,"104":10,"105":10,"106":0,"107":1,"108":1,"109":1,"110":0,"111":1,"112":1,"113":0,"114":0,"115":0,"116":0,"117":1,"118":1},"f":{"0":1,"1":1,"2":1,"3":2,"4":1,"5":0,"6":0,"7":1,"8":0,"9":0,"10":0,"11":0,"12":0,"13":0,"14":1,"15":0,"16":0,"17":0,"18":1,"19":0,"20":1,"21":0,"22":1},"b":{"0":[0,1,1],"1":[0,0,0,0,1,0,0,0],"2":[0,1],"3":[0],"4":[0],"5":[1,0],"6":[0]}}
,"/Users/patric/Projects/Scratch/whisker-main/whisker-main/src/whisker/search/algorithms/MIO.ts": {"path":"/Users/patric/Projects/Scratch/whisker-main/whisker-main/src/whisker/search/algorithms/MIO.ts","statementMap":{"0":{"start":{"line":25,"column":0},"end":{"line":25,"column":50}},"1":{"start":{"line":26,"column":0},"end":{"line":26,"column":64}},"2":{"start":{"line":27,"column":0},"end":{"line":27,"column":68}},"3":{"start":{"line":30,"column":0},"end":{"line":30,"column":89}},"4":{"start":{"line":31,"column":0},"end":{"line":31,"column":40}},"5":{"start":{"line":32,"column":0},"end":{"line":32,"column":48}},"6":{"start":{"line":124,"column":12},"end":{"line":124,"column":57}},"7":{"start":{"line":126,"column":21},"end":{"line":126,"column":56}},"8":{"start":{"line":129,"column":8},"end":{"line":129,"column":46}},"9":{"start":{"line":133,"column":8},"end":{"line":133,"column":38}},"10":{"start":{"line":134,"column":8},"end":{"line":134,"column":69}},"11":{"start":{"line":135,"column":8},"end":{"line":135,"column":51}},"12":{"start":{"line":136,"column":8},"end":{"line":136,"column":35}},"13":{"start":{"line":137,"column":8},"end":{"line":137,"column":38}},"14":{"start":{"line":144,"column":8},"end":{"line":144,"column":92}},"15":{"start":{"line":145,"column":8},"end":{"line":145,"column":106}},"16":{"start":{"line":152,"column":8},"end":{"line":152,"column":74}},"17":{"start":{"line":153,"column":8},"end":{"line":153,"column":88}},"18":{"start":{"line":160,"column":8},"end":{"line":160,"column":78}},"19":{"start":{"line":161,"column":8},"end":{"line":161,"column":92}},"20":{"start":{"line":165,"column":8},"end":{"line":165,"column":50}},"21":{"start":{"line":166,"column":8},"end":{"line":166,"column":87}},"22":{"start":{"line":175,"column":8},"end":{"line":175,"column":54}},"23":{"start":{"line":179,"column":8},"end":{"line":179,"column":58}},"24":{"start":{"line":180,"column":8},"end":{"line":182,"column":null}},"25":{"start":{"line":181,"column":12},"end":{"line":181,"column":51}},"26":{"start":{"line":186,"column":8},"end":{"line":186,"column":32}},"27":{"start":{"line":190,"column":8},"end":{"line":190,"column":37}},"28":{"start":{"line":199,"column":8},"end":{"line":199,"column":36}},"29":{"start":{"line":200,"column":30},"end":{"line":200,"column":31}},"30":{"start":{"line":201,"column":8},"end":{"line":254,"column":null}},"31":{"start":{"line":204,"column":12},"end":{"line":248,"column":null}},"32":{"start":{"line":206,"column":35},"end":{"line":206,"column":66}},"33":{"start":{"line":207,"column":16},"end":{"line":207,"column":48}},"34":{"start":{"line":208,"column":16},"end":{"line":208,"column":53}},"35":{"start":{"line":210,"column":16},"end":{"line":210,"column":56}},"36":{"start":{"line":211,"column":16},"end":{"line":211,"column":35}},"37":{"start":{"line":212,"column":16},"end":{"line":212,"column":76}},"38":{"start":{"line":215,"column":46},"end":{"line":215,"column":77}},"39":{"start":{"line":216,"column":43},"end":{"line":216,"column":90}},"40":{"start":{"line":217,"column":40},"end":{"line":217,"column":86}},"41":{"start":{"line":218,"column":16},"end":{"line":218,"column":113}},"42":{"start":{"line":220,"column":16},"end":{"line":225,"column":null}},"43":{"start":{"line":221,"column":42},"end":{"line":221,"column":88}},"44":{"start":{"line":222,"column":20},"end":{"line":222,"column":77}},"45":{"start":{"line":224,"column":20},"end":{"line":224,"column":78}},"46":{"start":{"line":226,"column":16},"end":{"line":226,"column":59}},"47":{"start":{"line":227,"column":39},"end":{"line":227,"column":99}},"48":{"start":{"line":228,"column":16},"end":{"line":242,"column":null}},"49":{"start":{"line":229,"column":35},"end":{"line":229,"column":54}},"50":{"start":{"line":230,"column":20},"end":{"line":230,"column":59}},"51":{"start":{"line":231,"column":20},"end":{"line":231,"column":48}},"52":{"start":{"line":232,"column":20},"end":{"line":232,"column":53}},"53":{"start":{"line":233,"column":44},"end":{"line":233,"column":100}},"54":{"start":{"line":235,"column":20},"end":{"line":238,"column":null}},"55":{"start":{"line":236,"column":24},"end":{"line":236,"column":44}},"56":{"start":{"line":237,"column":24},"end":{"line":237,"column":59}},"57":{"start":{"line":239,"column":20},"end":{"line":239,"column":38}},"58":{"start":{"line":240,"column":20},"end":{"line":240,"column":39}},"59":{"start":{"line":241,"column":20},"end":{"line":241,"column":80}},"60":{"start":{"line":245,"column":16},"end":{"line":245,"column":56}},"61":{"start":{"line":247,"column":16},"end":{"line":247,"column":36}},"62":{"start":{"line":249,"column":12},"end":{"line":251,"column":null}},"63":{"start":{"line":250,"column":16},"end":{"line":250,"column":46}},"64":{"start":{"line":252,"column":12},"end":{"line":253,"column":77}},"65":{"start":{"line":255,"column":8},"end":{"line":255,"column":36}},"66":{"start":{"line":263,"column":8},"end":{"line":268,"column":null}},"67":{"start":{"line":264,"column":12},"end":{"line":267,"column":null}},"68":{"start":{"line":265,"column":43},"end":{"line":265,"column":78}},"69":{"start":{"line":266,"column":16},"end":{"line":266,"column":61}},"70":{"start":{"line":275,"column":8},"end":{"line":275,"column":29}},"71":{"start":{"line":276,"column":8},"end":{"line":276,"column":37}},"72":{"start":{"line":277,"column":8},"end":{"line":277,"column":35}},"73":{"start":{"line":278,"column":8},"end":{"line":278,"column":52}},"74":{"start":{"line":279,"column":8},"end":{"line":279,"column":67}},"75":{"start":{"line":280,"column":8},"end":{"line":280,"column":58}},"76":{"start":{"line":281,"column":8},"end":{"line":283,"column":null}},"77":{"start":{"line":282,"column":12},"end":{"line":282,"column":61}},"78":{"start":{"line":284,"column":8},"end":{"line":284,"column":38}},"79":{"start":{"line":285,"column":8},"end":{"line":285,"column":61}},"80":{"start":{"line":286,"column":8},"end":{"line":286,"column":75}},"81":{"start":{"line":287,"column":8},"end":{"line":287,"column":65}},"82":{"start":{"line":288,"column":8},"end":{"line":288,"column":122}},"83":{"start":{"line":297,"column":33},"end":{"line":297,"column":110}},"84":{"start":{"line":299,"column":8},"end":{"line":312,"column":42}},"85":{"start":{"line":300,"column":40},"end":{"line":300,"column":98}},"86":{"start":{"line":301,"column":74},"end":{"line":301,"column":76}},"87":{"start":{"line":302,"column":12},"end":{"line":302,"column":123}},"88":{"start":{"line":302,"column":71},"end":{"line":302,"column":121}},"89":{"start":{"line":303,"column":12},"end":{"line":303,"column":87}},"90":{"start":{"line":304,"column":50},"end":{"line":304,"column":87}},"91":{"start":{"line":305,"column":12},"end":{"line":309,"column":15}},"92":{"start":{"line":306,"column":16},"end":{"line":308,"column":null}},"93":{"start":{"line":307,"column":20},"end":{"line":307,"column":66}},"94":{"start":{"line":310,"column":12},"end":{"line":310,"column":49}},"95":{"start":{"line":312,"column":12},"end":{"line":312,"column":42}},"96":{"start":{"line":321,"column":8},"end":{"line":321,"column":52}},"97":{"start":{"line":322,"column":8},"end":{"line":322,"column":54}},"98":{"start":{"line":331,"column":8},"end":{"line":358,"column":null}},"99":{"start":{"line":332,"column":35},"end":{"line":332,"column":95}},"100":{"start":{"line":333,"column":12},"end":{"line":357,"column":null}},"101":{"start":{"line":334,"column":16},"end":{"line":356,"column":null}},"102":{"start":{"line":335,"column":46},"end":{"line":335,"column":90}},"103":{"start":{"line":336,"column":20},"end":{"line":339,"column":null}},"104":{"start":{"line":338,"column":24},"end":{"line":338,"column":87}},"105":{"start":{"line":341,"column":20},"end":{"line":341,"column":139}},"106":{"start":{"line":342,"column":20},"end":{"line":344,"column":null}},"107":{"start":{"line":343,"column":24},"end":{"line":343,"column":74}},"108":{"start":{"line":345,"column":20},"end":{"line":345,"column":83}},"109":{"start":{"line":346,"column":20},"end":{"line":346,"column":113}},"110":{"start":{"line":347,"column":20},"end":{"line":350,"column":null}},"111":{"start":{"line":348,"column":24},"end":{"line":348,"column":109}},"112":{"start":{"line":349,"column":24},"end":{"line":349,"column":113}},"113":{"start":{"line":353,"column":20},"end":{"line":355,"column":null}},"114":{"start":{"line":354,"column":24},"end":{"line":354,"column":94}},"115":{"start":{"line":367,"column":8},"end":{"line":399,"column":null}},"116":{"start":{"line":368,"column":35},"end":{"line":368,"column":95}},"117":{"start":{"line":371,"column":12},"end":{"line":398,"column":null}},"118":{"start":{"line":372,"column":52},"end":{"line":372,"column":54}},"119":{"start":{"line":373,"column":16},"end":{"line":377,"column":null}},"120":{"start":{"line":374,"column":20},"end":{"line":374,"column":83}},"121":{"start":{"line":376,"column":20},"end":{"line":376,"column":39}},"122":{"start":{"line":378,"column":33},"end":{"line":378,"column":61}},"123":{"start":{"line":379,"column":16},"end":{"line":379,"column":99}},"124":{"start":{"line":381,"column":16},"end":{"line":383,"column":null}},"125":{"start":{"line":382,"column":20},"end":{"line":382,"column":29}},"126":{"start":{"line":384,"column":16},"end":{"line":396,"column":null}},"127":{"start":{"line":385,"column":20},"end":{"line":385,"column":49}},"128":{"start":{"line":387,"column":46},"end":{"line":387,"column":104}},"129":{"start":{"line":388,"column":48},"end":{"line":388,"column":80}},"130":{"start":{"line":389,"column":44},"end":{"line":389,"column":72}},"131":{"start":{"line":390,"column":20},"end":{"line":395,"column":null}},"132":{"start":{"line":392,"column":24},"end":{"line":392,"column":72}},"133":{"start":{"line":393,"column":24},"end":{"line":393,"column":53}},"134":{"start":{"line":394,"column":24},"end":{"line":394,"column":73}},"135":{"start":{"line":397,"column":16},"end":{"line":397,"column":78}},"136":{"start":{"line":411,"column":32},"end":{"line":411,"column":82}},"137":{"start":{"line":412,"column":27},"end":{"line":412,"column":69}},"138":{"start":{"line":413,"column":8},"end":{"line":418,"column":null}},"139":{"start":{"line":414,"column":31},"end":{"line":414,"column":76}},"140":{"start":{"line":415,"column":12},"end":{"line":417,"column":null}},"141":{"start":{"line":416,"column":16},"end":{"line":416,"column":28}},"142":{"start":{"line":419,"column":8},"end":{"line":419,"column":21}},"143":{"start":{"line":423,"column":8},"end":{"line":423,"column":47}},"144":{"start":{"line":433,"column":8},"end":{"line":433,"column":65}},"145":{"start":{"line":434,"column":8},"end":{"line":434,"column":79}},"146":{"start":{"line":435,"column":8},"end":{"line":435,"column":91}},"147":{"start":{"line":436,"column":8},"end":{"line":436,"column":57}},"148":{"start":{"line":448,"column":34},"end":{"line":448,"column":35}},"149":{"start":{"line":449,"column":8},"end":{"line":458,"column":null}},"150":{"start":{"line":450,"column":49},"end":{"line":450,"column":54}},"151":{"start":{"line":451,"column":12},"end":{"line":457,"column":null}},"152":{"start":{"line":455,"column":16},"end":{"line":455,"column":53}},"153":{"start":{"line":456,"column":16},"end":{"line":456,"column":35}},"154":{"start":{"line":459,"column":8},"end":{"line":459,"column":26}},"155":{"start":{"line":471,"column":28},"end":{"line":471,"column":29}},"156":{"start":{"line":472,"column":28},"end":{"line":472,"column":29}},"157":{"start":{"line":473,"column":8},"end":{"line":476,"column":null}},"158":{"start":{"line":474,"column":12},"end":{"line":474,"column":91}},"159":{"start":{"line":475,"column":12},"end":{"line":475,"column":91}},"160":{"start":{"line":477,"column":8},"end":{"line":477,"column":45}},"161":{"start":{"line":488,"column":32},"end":{"line":488,"column":78}},"162":{"start":{"line":489,"column":29},"end":{"line":489,"column":73}},"163":{"start":{"line":490,"column":8},"end":{"line":490,"column":78}},"164":{"start":{"line":499,"column":8},"end":{"line":501,"column":76}},"165":{"start":{"line":510,"column":32},"end":{"line":510,"column":79}},"166":{"start":{"line":511,"column":49},"end":{"line":511,"column":103}},"167":{"start":{"line":512,"column":39},"end":{"line":512,"column":59}},"168":{"start":{"line":513,"column":8},"end":{"line":527,"column":null}},"169":{"start":{"line":514,"column":12},"end":{"line":514,"column":92}},"170":{"start":{"line":515,"column":12},"end":{"line":515,"column":68}},"171":{"start":{"line":516,"column":12},"end":{"line":516,"column":72}},"172":{"start":{"line":518,"column":12},"end":{"line":520,"column":51}},"173":{"start":{"line":521,"column":12},"end":{"line":523,"column":52}},"174":{"start":{"line":524,"column":12},"end":{"line":526,"column":52}},"175":{"start":{"line":528,"column":8},"end":{"line":536,"column":null}},"176":{"start":{"line":529,"column":12},"end":{"line":535,"column":null}},"177":{"start":{"line":530,"column":38},"end":{"line":530,"column":84}},"178":{"start":{"line":531,"column":16},"end":{"line":533,"column":null}},"179":{"start":{"line":532,"column":20},"end":{"line":532,"column":109}},"180":{"start":{"line":534,"column":16},"end":{"line":534,"column":78}},"181":{"start":{"line":546,"column":35},"end":{"line":546,"column":51}},"182":{"start":{"line":548,"column":36},"end":{"line":549,"column":73}},"183":{"start":{"line":550,"column":8},"end":{"line":556,"column":null}},"184":{"start":{"line":551,"column":34},"end":{"line":551,"column":79}},"185":{"start":{"line":552,"column":12},"end":{"line":555,"column":null}},"186":{"start":{"line":553,"column":16},"end":{"line":553,"column":53}},"187":{"start":{"line":554,"column":16},"end":{"line":554,"column":63}},"188":{"start":{"line":557,"column":8},"end":{"line":557,"column":41}},"189":{"start":{"line":561,"column":8},"end":{"line":561,"column":31}},"190":{"start":{"line":565,"column":8},"end":{"line":565,"column":51}},"191":{"start":{"line":569,"column":8},"end":{"line":569,"column":51}},"192":{"start":{"line":41,"column":0},"end":{"line":41,"column":13}}},"fnMap":{"0":{"name":"(anonymous_8)","decl":{"start":{"line":41,"column":0},"end":{"line":41,"column":13}},"loc":{"start":{"line":41,"column":0},"end":{"line":571,"column":1}}},"1":{"name":"(anonymous_9)","decl":{"start":{"line":128,"column":4},"end":{"line":128,"column":26}},"loc":{"start":{"line":128,"column":60},"end":{"line":130,"column":5}}},"2":{"name":"(anonymous_10)","decl":{"start":{"line":132,"column":4},"end":{"line":132,"column":17}},"loc":{"start":{"line":132,"column":46},"end":{"line":138,"column":5}}},"3":{"name":"(anonymous_11)","decl":{"start":{"line":143,"column":12},"end":{"line":143,"column":47}},"loc":{"start":{"line":143,"column":47},"end":{"line":146,"column":5}}},"4":{"name":"(anonymous_12)","decl":{"start":{"line":151,"column":12},"end":{"line":151,"column":31}},"loc":{"start":{"line":151,"column":31},"end":{"line":154,"column":5}}},"5":{"name":"(anonymous_13)","decl":{"start":{"line":159,"column":12},"end":{"line":159,"column":34}},"loc":{"start":{"line":159,"column":34},"end":{"line":162,"column":5}}},"6":{"name":"(anonymous_14)","decl":{"start":{"line":164,"column":4},"end":{"line":164,"column":23}},"loc":{"start":{"line":164,"column":73},"end":{"line":167,"column":5}}},"7":{"name":"(anonymous_15)","decl":{"start":{"line":174,"column":4},"end":{"line":174,"column":25}},"loc":{"start":{"line":174,"column":77},"end":{"line":176,"column":5}}},"8":{"name":"(anonymous_16)","decl":{"start":{"line":178,"column":4},"end":{"line":178,"column":27}},"loc":{"start":{"line":178,"column":66},"end":{"line":183,"column":5}}},"9":{"name":"(anonymous_17)","decl":{"start":{"line":185,"column":4},"end":{"line":185,"column":25}},"loc":{"start":{"line":185,"column":25},"end":{"line":187,"column":5}}},"10":{"name":"(anonymous_18)","decl":{"start":{"line":189,"column":4},"end":{"line":189,"column":22}},"loc":{"start":{"line":189,"column":22},"end":{"line":191,"column":5}}},"11":{"name":"(anonymous_19)","decl":{"start":{"line":198,"column":10},"end":{"line":198,"column":22}},"loc":{"start":{"line":198,"column":22},"end":{"line":256,"column":null}}},"12":{"name":"(anonymous_21)","decl":{"start":{"line":262,"column":18},"end":{"line":262,"column":34}},"loc":{"start":{"line":262,"column":48},"end":{"line":269,"column":null}}},"13":{"name":"(anonymous_23)","decl":{"start":{"line":274,"column":18},"end":{"line":274,"column":32}},"loc":{"start":{"line":274,"column":32},"end":{"line":289,"column":null}}},"14":{"name":"(anonymous_25)","decl":{"start":{"line":296,"column":12},"end":{"line":296,"column":36}},"loc":{"start":{"line":296,"column":36},"end":{"line":313,"column":5}}},"15":{"name":"(anonymous_26)","decl":{"start":{"line":302,"column":54},"end":{"line":302,"column":67}},"loc":{"start":{"line":302,"column":71},"end":{"line":302,"column":121}}},"16":{"name":"(anonymous_27)","decl":{"start":{"line":305,"column":43},"end":{"line":305,"column":44}},"loc":{"start":{"line":305,"column":58},"end":{"line":309,"column":13}}},"17":{"name":"(anonymous_28)","decl":{"start":{"line":320,"column":29},"end":{"line":320,"column":42}},"loc":{"start":{"line":320,"column":56},"end":{"line":323,"column":null}}},"18":{"name":"(anonymous_30)","decl":{"start":{"line":330,"column":18},"end":{"line":330,"column":38}},"loc":{"start":{"line":330,"column":52},"end":{"line":359,"column":null}}},"19":{"name":"(anonymous_32)","decl":{"start":{"line":366,"column":18},"end":{"line":366,"column":40}},"loc":{"start":{"line":366,"column":54},"end":{"line":400,"column":null}}},"20":{"name":"(anonymous_34)","decl":{"start":{"line":409,"column":12},"end":{"line":409,"column":35}},"loc":{"start":{"line":410,"column":60},"end":{"line":420,"column":5}}},"21":{"name":"(anonymous_35)","decl":{"start":{"line":422,"column":4},"end":{"line":422,"column":23}},"loc":{"start":{"line":422,"column":23},"end":{"line":424,"column":5}}},"22":{"name":"(anonymous_36)","decl":{"start":{"line":432,"column":12},"end":{"line":432,"column":37}},"loc":{"start":{"line":432,"column":68},"end":{"line":437,"column":5}}},"23":{"name":"(anonymous_37)","decl":{"start":{"line":446,"column":18},"end":{"line":446,"column":50}},"loc":{"start":{"line":446,"column":92},"end":{"line":460,"column":null}}},"24":{"name":"(anonymous_39)","decl":{"start":{"line":470,"column":18},"end":{"line":470,"column":54}},"loc":{"start":{"line":470,"column":85},"end":{"line":478,"column":null}}},"25":{"name":"(anonymous_41)","decl":{"start":{"line":487,"column":18},"end":{"line":487,"column":35}},"loc":{"start":{"line":487,"column":77},"end":{"line":491,"column":null}}},"26":{"name":"(anonymous_43)","decl":{"start":{"line":498,"column":12},"end":{"line":498,"column":33}},"loc":{"start":{"line":498,"column":33},"end":{"line":502,"column":5}}},"27":{"name":"(anonymous_44)","decl":{"start":{"line":509,"column":18},"end":{"line":509,"column":34}},"loc":{"start":{"line":509,"column":34},"end":{"line":537,"column":null}}},"28":{"name":"(anonymous_46)","decl":{"start":{"line":545,"column":12},"end":{"line":545,"column":40}},"loc":{"start":{"line":545,"column":78},"end":{"line":558,"column":5}}},"29":{"name":"(anonymous_47)","decl":{"start":{"line":560,"column":4},"end":{"line":560,"column":16}},"loc":{"start":{"line":560,"column":16},"end":{"line":562,"column":5}}},"30":{"name":"(anonymous_48)","decl":{"start":{"line":564,"column":4},"end":{"line":564,"column":22}},"loc":{"start":{"line":564,"column":58},"end":{"line":566,"column":5}}},"31":{"name":"(anonymous_49)","decl":{"start":{"line":568,"column":4},"end":{"line":568,"column":24}},"loc":{"start":{"line":568,"column":56},"end":{"line":570,"column":5}}}},"branchMap":{"0":{"loc":{"start":{"line":204,"column":12},"end":{"line":248,"column":null}},"type":"if","locations":[{"start":{"line":204,"column":12},"end":{"line":248,"column":null}},{"start":{"line":213,"column":19},"end":{"line":248,"column":null}}]},"1":{"loc":{"start":{"line":204,"column":16},"end":{"line":205,"column":79}},"type":"binary-expr","locations":[{"start":{"line":204,"column":17},"end":{"line":204,"column":50}},{"start":{"line":204,"column":54},"end":{"line":204,"column":85}},{"start":{"line":204,"column":90},"end":{"line":204,"column":118}},{"start":{"line":205,"column":19},"end":{"line":205,"column":79}}]},"2":{"loc":{"start":{"line":220,"column":16},"end":{"line":225,"column":null}},"type":"if","locations":[{"start":{"line":220,"column":16},"end":{"line":225,"column":null}},{"start":{"line":223,"column":23},"end":{"line":225,"column":null}}]},"3":{"loc":{"start":{"line":228,"column":23},"end":{"line":228,"column":112}},"type":"binary-expr","locations":[{"start":{"line":228,"column":23},"end":{"line":228,"column":63}},{"start":{"line":228,"column":67},"end":{"line":228,"column":112}}]},"4":{"loc":{"start":{"line":235,"column":20},"end":{"line":238,"column":null}},"type":"if","locations":[{"start":{"line":235,"column":20},"end":{"line":238,"column":null}}]},"5":{"loc":{"start":{"line":249,"column":12},"end":{"line":251,"column":null}},"type":"if","locations":[{"start":{"line":249,"column":12},"end":{"line":251,"column":null}}]},"6":{"loc":{"start":{"line":264,"column":12},"end":{"line":267,"column":null}},"type":"if","locations":[{"start":{"line":264,"column":12},"end":{"line":267,"column":null}}]},"7":{"loc":{"start":{"line":264,"column":16},"end":{"line":264,"column":118}},"type":"binary-expr","locations":[{"start":{"line":264,"column":16},"end":{"line":264,"column":58}},{"start":{"line":264,"column":62},"end":{"line":264,"column":118}}]},"8":{"loc":{"start":{"line":299,"column":8},"end":{"line":312,"column":42}},"type":"if","locations":[{"start":{"line":299,"column":8},"end":{"line":312,"column":42}},{"start":{"line":312,"column":12},"end":{"line":312,"column":42}}]},"9":{"loc":{"start":{"line":306,"column":16},"end":{"line":308,"column":null}},"type":"if","locations":[{"start":{"line":306,"column":16},"end":{"line":308,"column":null}}]},"10":{"loc":{"start":{"line":333,"column":12},"end":{"line":357,"column":null}},"type":"if","locations":[{"start":{"line":333,"column":12},"end":{"line":357,"column":null}}]},"11":{"loc":{"start":{"line":334,"column":16},"end":{"line":356,"column":null}},"type":"if","locations":[{"start":{"line":334,"column":16},"end":{"line":356,"column":null}},{"start":{"line":340,"column":23},"end":{"line":356,"column":null}}]},"12":{"loc":{"start":{"line":336,"column":20},"end":{"line":339,"column":null}},"type":"if","locations":[{"start":{"line":336,"column":20},"end":{"line":339,"column":null}}]},"13":{"loc":{"start":{"line":336,"column":24},"end":{"line":337,"column":106}},"type":"binary-expr","locations":[{"start":{"line":336,"column":24},"end":{"line":336,"column":78}},{"start":{"line":337,"column":24},"end":{"line":337,"column":106}}]},"14":{"loc":{"start":{"line":342,"column":20},"end":{"line":344,"column":null}},"type":"if","locations":[{"start":{"line":342,"column":20},"end":{"line":344,"column":null}}]},"15":{"loc":{"start":{"line":347,"column":20},"end":{"line":350,"column":null}},"type":"if","locations":[{"start":{"line":347,"column":20},"end":{"line":350,"column":null}}]},"16":{"loc":{"start":{"line":353,"column":20},"end":{"line":355,"column":null}},"type":"if","locations":[{"start":{"line":353,"column":20},"end":{"line":355,"column":null}}]},"17":{"loc":{"start":{"line":371,"column":12},"end":{"line":398,"column":null}},"type":"if","locations":[{"start":{"line":371,"column":12},"end":{"line":398,"column":null}}]},"18":{"loc":{"start":{"line":371,"column":16},"end":{"line":371,"column":83}},"type":"binary-expr","locations":[{"start":{"line":371,"column":16},"end":{"line":371,"column":34}},{"start":{"line":371,"column":38},"end":{"line":371,"column":83}}]},"19":{"loc":{"start":{"line":373,"column":16},"end":{"line":377,"column":null}},"type":"if","locations":[{"start":{"line":373,"column":16},"end":{"line":377,"column":null}},{"start":{"line":375,"column":23},"end":{"line":377,"column":null}}]},"20":{"loc":{"start":{"line":381,"column":16},"end":{"line":383,"column":null}},"type":"if","locations":[{"start":{"line":381,"column":16},"end":{"line":383,"column":null}}]},"21":{"loc":{"start":{"line":384,"column":16},"end":{"line":396,"column":null}},"type":"if","locations":[{"start":{"line":384,"column":16},"end":{"line":396,"column":null}},{"start":{"line":386,"column":23},"end":{"line":396,"column":null}}]},"22":{"loc":{"start":{"line":390,"column":20},"end":{"line":395,"column":null}},"type":"if","locations":[{"start":{"line":390,"column":20},"end":{"line":395,"column":null}}]},"23":{"loc":{"start":{"line":390,"column":24},"end":{"line":391,"column":109}},"type":"binary-expr","locations":[{"start":{"line":390,"column":24},"end":{"line":390,"column":60}},{"start":{"line":390,"column":65},"end":{"line":390,"column":102}},{"start":{"line":391,"column":27},"end":{"line":391,"column":108}}]},"24":{"loc":{"start":{"line":415,"column":12},"end":{"line":417,"column":null}},"type":"if","locations":[{"start":{"line":415,"column":12},"end":{"line":417,"column":null}}]},"25":{"loc":{"start":{"line":451,"column":12},"end":{"line":457,"column":null}},"type":"if","locations":[{"start":{"line":451,"column":12},"end":{"line":457,"column":null}}]},"26":{"loc":{"start":{"line":451,"column":16},"end":{"line":454,"column":107}},"type":"binary-expr","locations":[{"start":{"line":451,"column":16},"end":{"line":451,"column":39}},{"start":{"line":452,"column":16},"end":{"line":452,"column":52}},{"start":{"line":453,"column":17},"end":{"line":453,"column":55}},{"start":{"line":454,"column":20},"end":{"line":454,"column":106}}]},"27":{"loc":{"start":{"line":499,"column":15},"end":{"line":501,"column":75}},"type":"binary-expr","locations":[{"start":{"line":499,"column":15},"end":{"line":499,"column":95}},{"start":{"line":500,"column":15},"end":{"line":500,"column":71}},{"start":{"line":501,"column":15},"end":{"line":501,"column":75}}]},"28":{"loc":{"start":{"line":513,"column":8},"end":{"line":527,"column":null}},"type":"if","locations":[{"start":{"line":513,"column":8},"end":{"line":527,"column":null}},{"start":{"line":517,"column":15},"end":{"line":527,"column":null}}]},"29":{"loc":{"start":{"line":528,"column":8},"end":{"line":536,"column":null}},"type":"if","locations":[{"start":{"line":528,"column":8},"end":{"line":536,"column":null}}]},"30":{"loc":{"start":{"line":548,"column":36},"end":{"line":549,"column":73}},"type":"cond-expr","locations":[{"start":{"line":549,"column":14},"end":{"line":549,"column":43}},{"start":{"line":549,"column":46},"end":{"line":549,"column":73}}]},"31":{"loc":{"start":{"line":552,"column":12},"end":{"line":555,"column":null}},"type":"if","locations":[{"start":{"line":552,"column":12},"end":{"line":555,"column":null}}]}},"s":{"0":1,"1":1,"2":1,"3":1,"4":1,"5":1,"6":0,"7":0,"8":0,"9":0,"10":0,"11":0,"12":0,"13":0,"14":0,"15":0,"16":0,"17":0,"18":0,"19":0,"20":0,"21":0,"22":0,"23":0,"24":0,"25":0,"26":0,"27":0,"28":0,"29":0,"30":0,"31":0,"32":0,"33":0,"34":0,"35":0,"36":0,"37":0,"38":0,"39":0,"40":0,"41":0,"42":0,"43":0,"44":0,"45":0,"46":0,"47":0,"48":0,"49":0,"50":0,"51":0,"52":0,"53":0,"54":0,"55":0,"56":0,"57":0,"58":0,"59":0,"60":0,"61":0,"62":0,"63":0,"64":0,"65":0,"66":0,"67":0,"68":0,"69":0,"70":0,"71":0,"72":0,"73":0,"74":0,"75":0,"76":0,"77":0,"78":0,"79":0,"80":0,"81":0,"82":0,"83":0,"84":0,"85":0,"86":0,"87":0,"88":0,"89":0,"90":0,"91":0,"92":0,"93":0,"94":0,"95":0,"96":0,"97":0,"98":0,"99":0,"100":0,"101":0,"102":0,"103":0,"104":0,"105":0,"106":0,"107":0,"108":0,"109":0,"110":0,"111":0,"112":0,"113":0,"114":0,"115":0,"116":0,"117":0,"118":0,"119":0,"120":0,"121":0,"122":0,"123":0,"124":0,"125":0,"126":0,"127":0,"128":0,"129":0,"130":0,"131":0,"132":0,"133":0,"134":0,"135":0,"136":0,"137":0,"138":0,"139":0,"140":0,"141":0,"142":0,"143":0,"144":0,"145":0,"146":0,"147":0,"148":0,"149":0,"150":0,"151":0,"152":0,"153":0,"154":0,"155":0,"156":0,"157":0,"158":0,"159":0,"160":0,"161":0,"162":0,"163":0,"164":0,"165":0,"166":0,"167":0,"168":0,"169":0,"170":0,"171":0,"172":0,"173":0,"174":0,"175":0,"176":0,"177":0,"178":0,"179":0,"180":0,"181":0,"182":0,"183":0,"184":0,"185":0,"186":0,"187":0,"188":0,"189":0,"190":0,"191":0,"192":1},"f":{"0":0,"1":0,"2":0,"3":0,"4":0,"5":0,"6":0,"7":0,"8":0,"9":0,"10":0,"11":0,"12":0,"13":0,"14":0,"15":0,"16":0,"17":0,"18":0,"19":0,"20":0,"21":0,"22":0,"23":0,"24":0,"25":0,"26":0,"27":0,"28":0,"29":0,"30":0,"31":0},"b":{"0":[0,0],"1":[0,0,0,0],"2":[0,0],"3":[0,0],"4":[0],"5":[0],"6":[0],"7":[0,0],"8":[0,0],"9":[0],"10":[0],"11":[0,0],"12":[0],"13":[0,0],"14":[0],"15":[0],"16":[0],"17":[0],"18":[0,0],"19":[0,0],"20":[0],"21":[0,0],"22":[0],"23":[0,0,0],"24":[0],"25":[0],"26":[0,0,0,0],"27":[0,0,0],"28":[0,0],"29":[0],"30":[0,0],"31":[0]}}
,"/Users/patric/Projects/Scratch/whisker-main/whisker-main/src/whisker/search/algorithms/MOSA.ts": {"path":"/Users/patric/Projects/Scratch/whisker-main/whisker-main/src/whisker/search/algorithms/MOSA.ts","statementMap":{"0":{"start":{"line":25,"column":0},"end":{"line":25,"column":50}},"1":{"start":{"line":27,"column":0},"end":{"line":27,"column":64}},"2":{"start":{"line":28,"column":0},"end":{"line":28,"column":68}},"3":{"start":{"line":30,"column":0},"end":{"line":30,"column":40}},"4":{"start":{"line":31,"column":0},"end":{"line":31,"column":48}},"5":{"start":{"line":54,"column":12},"end":{"line":54,"column":null}},"6":{"start":{"line":64,"column":21},"end":{"line":64,"column":56}},"7":{"start":{"line":67,"column":8},"end":{"line":67,"column":46}},"8":{"start":{"line":71,"column":8},"end":{"line":71,"column":38}},"9":{"start":{"line":72,"column":8},"end":{"line":72,"column":69}},"10":{"start":{"line":76,"column":8},"end":{"line":76,"column":50}},"11":{"start":{"line":77,"column":8},"end":{"line":77,"column":87}},"12":{"start":{"line":81,"column":8},"end":{"line":81,"column":52}},"13":{"start":{"line":85,"column":8},"end":{"line":85,"column":58}},"14":{"start":{"line":86,"column":8},"end":{"line":88,"column":null}},"15":{"start":{"line":87,"column":12},"end":{"line":87,"column":51}},"16":{"start":{"line":92,"column":8},"end":{"line":92,"column":32}},"17":{"start":{"line":96,"column":8},"end":{"line":96,"column":37}},"18":{"start":{"line":100,"column":8},"end":{"line":100,"column":47}},"19":{"start":{"line":104,"column":32},"end":{"line":104,"column":34}},"20":{"start":{"line":105,"column":8},"end":{"line":110,"column":null}},"21":{"start":{"line":105,"column":21},"end":{"line":105,"column":22}},"22":{"start":{"line":106,"column":12},"end":{"line":108,"column":null}},"23":{"start":{"line":107,"column":16},"end":{"line":107,"column":22}},"24":{"start":{"line":109,"column":12},"end":{"line":109,"column":61}},"25":{"start":{"line":111,"column":8},"end":{"line":111,"column":26}},"26":{"start":{"line":121,"column":8},"end":{"line":121,"column":44}},"27":{"start":{"line":122,"column":8},"end":{"line":122,"column":30}},"28":{"start":{"line":123,"column":8},"end":{"line":123,"column":29}},"29":{"start":{"line":124,"column":8},"end":{"line":124,"column":37}},"30":{"start":{"line":125,"column":8},"end":{"line":125,"column":61}},"31":{"start":{"line":126,"column":8},"end":{"line":126,"column":75}},"32":{"start":{"line":127,"column":8},"end":{"line":127,"column":65}},"33":{"start":{"line":128,"column":33},"end":{"line":128,"column":71}},"34":{"start":{"line":129,"column":8},"end":{"line":129,"column":56}},"35":{"start":{"line":130,"column":8},"end":{"line":130,"column":113}},"36":{"start":{"line":130,"column":88},"end":{"line":130,"column":111}},"37":{"start":{"line":131,"column":8},"end":{"line":131,"column":54}},"38":{"start":{"line":134,"column":8},"end":{"line":136,"column":null}},"39":{"start":{"line":135,"column":12},"end":{"line":135,"column":36}},"40":{"start":{"line":137,"column":8},"end":{"line":159,"column":null}},"41":{"start":{"line":138,"column":12},"end":{"line":138,"column":134}},"42":{"start":{"line":139,"column":40},"end":{"line":139,"column":118}},"43":{"start":{"line":140,"column":12},"end":{"line":140,"column":63}},"44":{"start":{"line":141,"column":12},"end":{"line":141,"column":117}},"45":{"start":{"line":141,"column":92},"end":{"line":141,"column":115}},"46":{"start":{"line":142,"column":32},"end":{"line":142,"column":77}},"47":{"start":{"line":143,"column":27},"end":{"line":143,"column":68}},"48":{"start":{"line":144,"column":12},"end":{"line":144,"column":43}},"49":{"start":{"line":145,"column":12},"end":{"line":153,"column":null}},"50":{"start":{"line":146,"column":16},"end":{"line":146,"column":60}},"51":{"start":{"line":147,"column":16},"end":{"line":152,"column":null}},"52":{"start":{"line":148,"column":20},"end":{"line":148,"column":52}},"53":{"start":{"line":150,"column":20},"end":{"line":150,"column":122}},"54":{"start":{"line":151,"column":20},"end":{"line":151,"column":26}},"55":{"start":{"line":154,"column":12},"end":{"line":154,"column":39}},"56":{"start":{"line":155,"column":12},"end":{"line":155,"column":58}},"57":{"start":{"line":156,"column":12},"end":{"line":156,"column":31}},"58":{"start":{"line":157,"column":12},"end":{"line":157,"column":72}},"59":{"start":{"line":158,"column":12},"end":{"line":158,"column":36}},"60":{"start":{"line":162,"column":8},"end":{"line":164,"column":null}},"61":{"start":{"line":163,"column":12},"end":{"line":163,"column":102}},"62":{"start":{"line":165,"column":8},"end":{"line":165,"column":29}},"63":{"start":{"line":174,"column":8},"end":{"line":189,"column":null}},"64":{"start":{"line":176,"column":12},"end":{"line":188,"column":null}},"65":{"start":{"line":178,"column":16},"end":{"line":187,"column":null}},"66":{"start":{"line":180,"column":47},"end":{"line":180,"column":82}},"67":{"start":{"line":182,"column":20},"end":{"line":186,"column":null}},"68":{"start":{"line":183,"column":24},"end":{"line":183,"column":83}},"69":{"start":{"line":184,"column":24},"end":{"line":184,"column":69}},"70":{"start":{"line":185,"column":24},"end":{"line":185,"column":48}},"71":{"start":{"line":201,"column":36},"end":{"line":201,"column":38}},"72":{"start":{"line":202,"column":8},"end":{"line":232,"column":null}},"73":{"start":{"line":203,"column":28},"end":{"line":203,"column":91}},"74":{"start":{"line":205,"column":28},"end":{"line":205,"column":91}},"75":{"start":{"line":208,"column":12},"end":{"line":212,"column":null}},"76":{"start":{"line":209,"column":16},"end":{"line":209,"column":62}},"77":{"start":{"line":211,"column":16},"end":{"line":211,"column":80}},"78":{"start":{"line":213,"column":12},"end":{"line":215,"column":null}},"79":{"start":{"line":214,"column":16},"end":{"line":214,"column":41}},"80":{"start":{"line":216,"column":12},"end":{"line":218,"column":null}},"81":{"start":{"line":217,"column":16},"end":{"line":217,"column":41}},"82":{"start":{"line":221,"column":12},"end":{"line":223,"column":null}},"83":{"start":{"line":222,"column":16},"end":{"line":222,"column":46}},"84":{"start":{"line":224,"column":12},"end":{"line":226,"column":null}},"85":{"start":{"line":225,"column":16},"end":{"line":225,"column":46}},"86":{"start":{"line":228,"column":12},"end":{"line":228,"column":45}},"87":{"start":{"line":229,"column":12},"end":{"line":231,"column":null}},"88":{"start":{"line":230,"column":16},"end":{"line":230,"column":49}},"89":{"start":{"line":233,"column":8},"end":{"line":233,"column":35}},"90":{"start":{"line":244,"column":8},"end":{"line":249,"column":null}},"91":{"start":{"line":245,"column":12},"end":{"line":245,"column":67}},"92":{"start":{"line":247,"column":32},"end":{"line":247,"column":74}},"93":{"start":{"line":248,"column":12},"end":{"line":248,"column":43}},"94":{"start":{"line":259,"column":30},"end":{"line":259,"column":32}},"95":{"start":{"line":260,"column":31},"end":{"line":260,"column":33}},"96":{"start":{"line":261,"column":50},"end":{"line":261,"column":66}},"97":{"start":{"line":262,"column":8},"end":{"line":280,"column":null}},"98":{"start":{"line":263,"column":36},"end":{"line":263,"column":76}},"99":{"start":{"line":264,"column":33},"end":{"line":264,"column":47}},"100":{"start":{"line":265,"column":30},"end":{"line":265,"column":78}},"101":{"start":{"line":266,"column":12},"end":{"line":274,"column":null}},"102":{"start":{"line":267,"column":41},"end":{"line":267,"column":94}},"103":{"start":{"line":268,"column":37},"end":{"line":268,"column":91}},"104":{"start":{"line":269,"column":16},"end":{"line":273,"column":null}},"105":{"start":{"line":271,"column":20},"end":{"line":271,"column":57}},"106":{"start":{"line":272,"column":20},"end":{"line":272,"column":51}},"107":{"start":{"line":275,"column":12},"end":{"line":275,"column":97}},"108":{"start":{"line":276,"column":12},"end":{"line":279,"column":null}},"109":{"start":{"line":277,"column":16},"end":{"line":277,"column":47}},"110":{"start":{"line":278,"column":16},"end":{"line":278,"column":81}},"111":{"start":{"line":281,"column":8},"end":{"line":283,"column":null}},"112":{"start":{"line":282,"column":12},"end":{"line":282,"column":35}},"113":{"start":{"line":284,"column":8},"end":{"line":288,"column":null}},"114":{"start":{"line":285,"column":12},"end":{"line":285,"column":59}},"115":{"start":{"line":287,"column":12},"end":{"line":287,"column":98}},"116":{"start":{"line":289,"column":8},"end":{"line":289,"column":22}},"117":{"start":{"line":299,"column":23},"end":{"line":299,"column":25}},"118":{"start":{"line":300,"column":32},"end":{"line":300,"column":49}},"119":{"start":{"line":301,"column":32},"end":{"line":301,"column":52}},"120":{"start":{"line":302,"column":27},"end":{"line":302,"column":29}},"121":{"start":{"line":303,"column":8},"end":{"line":321,"column":null}},"122":{"start":{"line":304,"column":42},"end":{"line":304,"column":44}},"123":{"start":{"line":305,"column":35},"end":{"line":305,"column":36}},"124":{"start":{"line":306,"column":12},"end":{"line":315,"column":null}},"125":{"start":{"line":307,"column":16},"end":{"line":309,"column":null}},"126":{"start":{"line":308,"column":20},"end":{"line":308,"column":29}},"127":{"start":{"line":310,"column":16},"end":{"line":314,"column":null}},"128":{"start":{"line":311,"column":20},"end":{"line":311,"column":45}},"129":{"start":{"line":312,"column":23},"end":{"line":314,"column":null}},"130":{"start":{"line":313,"column":20},"end":{"line":313,"column":39}},"131":{"start":{"line":316,"column":12},"end":{"line":318,"column":null}},"132":{"start":{"line":317,"column":16},"end":{"line":317,"column":35}},"133":{"start":{"line":319,"column":12},"end":{"line":319,"column":53}},"134":{"start":{"line":320,"column":12},"end":{"line":320,"column":53}},"135":{"start":{"line":322,"column":27},"end":{"line":322,"column":37}},"136":{"start":{"line":323,"column":8},"end":{"line":336,"column":null}},"137":{"start":{"line":324,"column":12},"end":{"line":324,"column":38}},"138":{"start":{"line":325,"column":35},"end":{"line":325,"column":37}},"139":{"start":{"line":326,"column":12},"end":{"line":334,"column":null}},"140":{"start":{"line":327,"column":16},"end":{"line":333,"column":null}},"141":{"start":{"line":328,"column":45},"end":{"line":328,"column":71}},"142":{"start":{"line":329,"column":20},"end":{"line":329,"column":61}},"143":{"start":{"line":330,"column":20},"end":{"line":332,"column":null}},"144":{"start":{"line":331,"column":24},"end":{"line":331,"column":42}},"145":{"start":{"line":335,"column":12},"end":{"line":335,"column":37}},"146":{"start":{"line":337,"column":8},"end":{"line":337,"column":22}},"147":{"start":{"line":348,"column":35},"end":{"line":348,"column":40}},"148":{"start":{"line":349,"column":8},"end":{"line":359,"column":null}},"149":{"start":{"line":350,"column":36},"end":{"line":350,"column":76}},"150":{"start":{"line":351,"column":29},"end":{"line":351,"column":74}},"151":{"start":{"line":352,"column":29},"end":{"line":352,"column":74}},"152":{"start":{"line":353,"column":33},"end":{"line":353,"column":76}},"153":{"start":{"line":354,"column":12},"end":{"line":358,"column":null}},"154":{"start":{"line":355,"column":16},"end":{"line":355,"column":29}},"155":{"start":{"line":356,"column":19},"end":{"line":358,"column":null}},"156":{"start":{"line":357,"column":16},"end":{"line":357,"column":44}},"157":{"start":{"line":360,"column":8},"end":{"line":360,"column":36}},"158":{"start":{"line":369,"column":26},"end":{"line":369,"column":46}},"159":{"start":{"line":370,"column":8},"end":{"line":380,"column":null}},"160":{"start":{"line":371,"column":12},"end":{"line":371,"column":42}},"161":{"start":{"line":372,"column":12},"end":{"line":379,"column":null}},"162":{"start":{"line":373,"column":16},"end":{"line":378,"column":null}},"163":{"start":{"line":374,"column":32},"end":{"line":374,"column":81}},"164":{"start":{"line":375,"column":20},"end":{"line":377,"column":null}},"165":{"start":{"line":376,"column":24},"end":{"line":376,"column":56}},"166":{"start":{"line":382,"column":8},"end":{"line":382,"column":76}},"167":{"start":{"line":382,"column":37},"end":{"line":382,"column":74}},"168":{"start":{"line":394,"column":18},"end":{"line":394,"column":19}},"169":{"start":{"line":395,"column":8},"end":{"line":402,"column":null}},"170":{"start":{"line":396,"column":29},"end":{"line":396,"column":74}},"171":{"start":{"line":397,"column":29},"end":{"line":397,"column":74}},"172":{"start":{"line":398,"column":33},"end":{"line":398,"column":76}},"173":{"start":{"line":399,"column":12},"end":{"line":401,"column":null}},"174":{"start":{"line":400,"column":16},"end":{"line":400,"column":22}},"175":{"start":{"line":403,"column":8},"end":{"line":403,"column":19}},"176":{"start":{"line":407,"column":8},"end":{"line":407,"column":31}},"177":{"start":{"line":417,"column":8},"end":{"line":417,"column":91}},"178":{"start":{"line":418,"column":8},"end":{"line":423,"column":null}},"179":{"start":{"line":419,"column":12},"end":{"line":419,"column":45}},"180":{"start":{"line":420,"column":12},"end":{"line":421,"column":73}},"181":{"start":{"line":422,"column":12},"end":{"line":422,"column":101}},"182":{"start":{"line":427,"column":8},"end":{"line":427,"column":51}},"183":{"start":{"line":39,"column":0},"end":{"line":39,"column":13}}},"fnMap":{"0":{"name":"(anonymous_8)","decl":{"start":{"line":39,"column":0},"end":{"line":39,"column":13}},"loc":{"start":{"line":39,"column":0},"end":{"line":429,"column":1}}},"1":{"name":"(anonymous_9)","decl":{"start":{"line":66,"column":4},"end":{"line":66,"column":26}},"loc":{"start":{"line":66,"column":60},"end":{"line":68,"column":5}}},"2":{"name":"(anonymous_10)","decl":{"start":{"line":70,"column":4},"end":{"line":70,"column":17}},"loc":{"start":{"line":70,"column":59},"end":{"line":73,"column":5}}},"3":{"name":"(anonymous_11)","decl":{"start":{"line":75,"column":4},"end":{"line":75,"column":23}},"loc":{"start":{"line":75,"column":73},"end":{"line":78,"column":5}}},"4":{"name":"(anonymous_12)","decl":{"start":{"line":80,"column":4},"end":{"line":80,"column":24}},"loc":{"start":{"line":80,"column":56},"end":{"line":82,"column":5}}},"5":{"name":"(anonymous_13)","decl":{"start":{"line":84,"column":4},"end":{"line":84,"column":27}},"loc":{"start":{"line":84,"column":66},"end":{"line":89,"column":5}}},"6":{"name":"(anonymous_14)","decl":{"start":{"line":91,"column":4},"end":{"line":91,"column":25}},"loc":{"start":{"line":91,"column":25},"end":{"line":93,"column":5}}},"7":{"name":
[...]
":160,"column":null}},"33":{"start":{"line":139,"column":20},"end":{"line":139,"column":35}},"34":{"start":{"line":140,"column":20},"end":{"line":140,"column":47}},"35":{"start":{"line":141,"column":23},"end":{"line":160,"column":null}},"36":{"start":{"line":142,"column":20},"end":{"line":142,"column":35}},"37":{"start":{"line":143,"column":20},"end":{"line":143,"column":79}},"38":{"start":{"line":148,"column":20},"end":{"line":151,"column":null}},"39":{"start":{"line":149,"column":24},"end":{"line":149,"column":39}},"40":{"start":{"line":150,"column":24},"end":{"line":150,"column":101}},"41":{"start":{"line":152,"column":20},"end":{"line":155,"column":null}},"42":{"start":{"line":153,"column":24},"end":{"line":153,"column":39}},"43":{"start":{"line":154,"column":24},"end":{"line":154,"column":62}},"44":{"start":{"line":156,"column":20},"end":{"line":159,"column":null}},"45":{"start":{"line":157,"column":24},"end":{"line":157,"column":59}},"46":{"start":{"line":158,"column":24},"end":{"line":158,"column":39}},"47":{"start":{"line":163,"column":8},"end":{"line":163,"column":22}},"48":{"start":{"line":172,"column":21},"end":{"line":172,"column":22}},"49":{"start":{"line":177,"column":28},"end":{"line":178,"column":72}},"50":{"start":{"line":178,"column":12},"end":{"line":178,"column":71}},"51":{"start":{"line":181,"column":34},"end":{"line":181,"column":39}},"52":{"start":{"line":182,"column":8},"end":{"line":184,"column":null}},"53":{"start":{"line":183,"column":12},"end":{"line":183,"column":39}},"54":{"start":{"line":187,"column":30},"end":{"line":187,"column":35}},"55":{"start":{"line":188,"column":8},"end":{"line":250,"column":null}},"56":{"start":{"line":190,"column":12},"end":{"line":212,"column":null}},"57":{"start":{"line":192,"column":37},"end":{"line":192,"column":42}},"58":{"start":{"line":193,"column":16},"end":{"line":195,"column":null}},"59":{"start":{"line":194,"column":20},"end":{"line":194,"column":42}},"60":{"start":{"line":197,"column":16},"end":{"line":205,"column":null}},"61":{"start":{"line":198,"column":20},"end":{"line":198,"column":59}},"62":{"start":{"line":199,"column":20},"end":{"line":199,"column":34}},"63":{"start":{"line":203,"column":20},"end":{"line":203,"column":59}},"64":{"start":{"line":204,"column":20},"end":{"line":204,"column":59}},"65":{"start":{"line":210,"column":16},"end":{"line":210,"column":68}},"66":{"start":{"line":211,"column":16},"end":{"line":211,"column":55}},"67":{"start":{"line":215,"column":23},"end":{"line":215,"column":28}},"68":{"start":{"line":218,"column":12},"end":{"line":220,"column":null}},"69":{"start":{"line":219,"column":16},"end":{"line":219,"column":28}},"70":{"start":{"line":223,"column":12},"end":{"line":235,"column":null}},"71":{"start":{"line":224,"column":16},"end":{"line":234,"column":null}},"72":{"start":{"line":225,"column":20},"end":{"line":228,"column":null}},"73":{"start":{"line":226,"column":24},"end":{"line":226,"column":36}},"74":{"start":{"line":227,"column":24},"end":{"line":227,"column":30}},"75":{"start":{"line":230,"column":20},"end":{"line":233,"column":null}},"76":{"start":{"line":231,"column":24},"end":{"line":231,"column":36}},"77":{"start":{"line":232,"column":24},"end":{"line":232,"column":30}},"78":{"start":{"line":238,"column":12},"end":{"line":249,"column":null}},"79":{"start":{"line":240,"column":36},"end":{"line":240,"column":62}},"80":{"start":{"line":241,"column":16},"end":{"line":246,"column":null}},"81":{"start":{"line":242,"column":20},"end":{"line":242,"column":35}},"82":{"start":{"line":243,"column":20},"end":{"line":243,"column":43}},"83":{"start":{"line":245,"column":20},"end":{"line":245,"column":29}},"84":{"start":{"line":248,"column":16},"end":{"line":248,"column":25}},"85":{"start":{"line":254,"column":8},"end":{"line":259,"column":null}},"86":{"start":{"line":255,"column":27},"end":{"line":255,"column":65}},"87":{"start":{"line":256,"column":27},"end":{"line":256,"column":87}},"88":{"start":{"line":257,"column":34},"end":{"line":257,"column":83}},"89":{"start":{"line":258,"column":12},"end":{"line":258,"column":52}},"90":{"start":{"line":269,"column":37},"end":{"line":269,"column":42}},"91":{"start":{"line":270,"column":8},"end":{"line":280,"column":null}},"92":{"start":{"line":273,"column":25},"end":{"line":273,"column":58}},"93":{"start":{"line":276,"column":12},"end":{"line":279,"column":null}},"94":{"start":{"line":277,"column":16},"end":{"line":277,"column":46}},"95":{"start":{"line":278,"column":16},"end":{"line":278,"column":51}},"96":{"start":{"line":283,"column":8},"end":{"line":285,"column":null}},"97":{"start":{"line":284,"column":12},"end":{"line":284,"column":63}},"98":{"start":{"line":294,"column":20},"end":{"line":294,"column":21}},"99":{"start":{"line":295,"column":20},"end":{"line":295,"column":25}},"100":{"start":{"line":299,"column":8},"end":{"line":304,"column":null}},"101":{"start":{"line":300,"column":12},"end":{"line":300,"column":72}},"102":{"start":{"line":301,"column":12},"end":{"line":302,"column":29}},"103":{"start":{"line":302,"column":16},"end":{"line":302,"column":29}},"104":{"start":{"line":303,"column":12},"end":{"line":303,"column":20}},"105":{"start":{"line":307,"column":8},"end":{"line":309,"column":null}},"106":{"start":{"line":308,"column":12},"end":{"line":308,"column":19}},"107":{"start":{"line":311,"column":8},"end":{"line":311,"column":59}},"108":{"start":{"line":321,"column":28},"end":{"line":321,"column":50}},"109":{"start":{"line":322,"column":8},"end":{"line":328,"column":null}},"110":{"start":{"line":323,"column":12},"end":{"line":327,"column":null}},"111":{"start":{"line":324,"column":16},"end":{"line":324,"column":81}},"112":{"start":{"line":326,"column":16},"end":{"line":326,"column":88}},"113":{"start":{"line":337,"column":8},"end":{"line":337,"column":89}},"114":{"start":{"line":346,"column":8},"end":{"line":350,"column":null}},"115":{"start":{"line":346,"column":25},"end":{"line":346,"column":26}},"116":{"start":{"line":348,"column":37},"end":{"line":348,"column":78}},"117":{"start":{"line":349,"column":12},"end":{"line":349,"column":69}},"118":{"start":{"line":358,"column":8},"end":{"line":363,"column":null}},"119":{"start":{"line":359,"column":12},"end":{"line":362,"column":null}},"120":{"start":{"line":360,"column":16},"end":{"line":360,"column":44}},"121":{"start":{"line":361,"column":16},"end":{"line":361,"column":22}},"122":{"start":{"line":14,"column":0},"end":{"line":14,"column":13}}},"fnMap":{"0":{"name":"(anonymous_0)","decl":{"start":{"line":91,"column":4},"end":{"line":91,"column":16}},"loc":{"start":{"line":92,"column":79},"end":{"line":114,"column":5}}},"1":{"name":"(anonymous_1)","decl":{"start":{"line":120,"column":4},"end":{"line":120,"column":9}},"loc":{"start":{"line":120,"column":32},"end":{"line":164,"column":5}}},"2":{"name":"(anonymous_2)","decl":{"start":{"line":171,"column":4},"end":{"line":171,"column":23}},"loc":{"start":{"line":171,"column":65},"end":{"line":260,"column":5}}},"3":{"name":"(anonymous_3)","decl":{"start":{"line":177,"column":60},"end":{"line":177,"column":64}},"loc":{"start":{"line":178,"column":12},"end":{"line":178,"column":71}}},"4":{"name":"(anonymous_4)","decl":{"start":{"line":267,"column":11},"end":{"line":267,"column":24}},"loc":{"start":{"line":267,"column":71},"end":{"line":286,"column":5}}},"5":{"name":"(anonymous_5)","decl":{"start":{"line":292,"column":4},"end":{"line":292,"column":17}},"loc":{"start":{"line":292,"column":44},"end":{"line":312,"column":5}}},"6":{"name":"(anonymous_6)","decl":{"start":{"line":320,"column":11},"end":{"line":320,"column":23}},"loc":{"start":{"line":320,"column":65},"end":{"line":329,"column":5}}},"7":{"name":"(anonymous_7)","decl":{"start":{"line":336,"column":12},"end":{"line":336,"column":32}},"loc":{"start":{"line":336,"column":59},"end":{"line":338,"column":5}}},"8":{"name":"(anonymous_8)","decl":{"start":{"line":345,"column":4},"end":{"line":345,"column":32}},"loc":{"start":{"line":345,"column":74},"end":{"line":351,"column":5}}},"9":{"name":"(anonymous_9)","decl":{"start":{"line":357,"column":4},"end":{"line":357,"column":28}},"loc":{"start":{"line":357,"column":55},"end":{"line":364,"column":5}}}},"branchMap":{"0":{"loc":{"start":{"line":104,"column":8},"end":{"line":113,"column":null}},"type":"if","locations":[{"start":{"line":104,"column":8},"end":{"line":113,"column":null}}]},"1":{"loc":{"start":{"line":104,"column":12},"end":{"line":104,"column":104}},"type":"binary-expr","locations":[{"start":{"line":104,"column":12},"end":{"line":104,"column":49}},{"start":{"line":104,"column":53},"end":{"line":104,"column":104}}]},"2":{"loc":{"start":{"line":108,"column":12},"end":{"line":112,"column":null}},"type":"if","locations":[{"start":{"line":108,"column":12},"end":{"line":112,"column":null}}]},"3":{"loc":{"start":{"line":108,"column":16},"end":{"line":108,"column":84}},"type":"binary-expr","locations":[{"start":{"line":108,"column":16},"end":{"line":108,"column":44}},{"start":{"line":108,"column":48},"end":{"line":108,"column":84}}]},"4":{"loc":{"start":{"line":125,"column":12},"end":{"line":161,"column":null}},"type":"if","locations":[{"start":{"line":125,"column":12},"end":{"line":161,"column":null}},{"start":{"line":136,"column":17},"end":{"line":161,"column":null}}]},"5":{"loc":{"start":{"line":127,"column":16},"end":{"line":131,"column":null}},"type":"if","locations":[{"start":{"line":127,"column":16},"end":{"line":131,"column":null}},{"start":{"line":129,"column":23},"end":{"line":131,"column":null}}]},"6":{"loc":{"start":{"line":138,"column":16},"end":{"line":160,"column":null}},"type":"if","locations":[{"start":{"line":138,"column":16},"end":{"line":160,"column":null}},{"start":{"line":141,"column":23},"end":{"line":160,"column":null}}]},"7":{"loc":{"start":{"line":141,"column":23},"end":{"line":160,"column":null}},"type":"if","locations":[{"start":{"line":141,"column":23},"end":{"line":160,"column":null}},{"start":{"line":147,"column":21},"end":{"line":160,"column":null}}]},"8":{"loc":{"start":{"line":148,"column":20},"end":{"line":151,"column":null}},"type":"if","locations":[{"start":{"line":148,"column":20},"end":{"line":151,"column":null}}]},"9":{"loc":{"start":{"line":152,"column":20},"end":{"line":155,"column":null}},"type":"if","locations":[{"start":{"line":152,"column":20},"end":{"line":155,"column":null}}]},"10":{"loc":{"start":{"line":156,"column":20},"end":{"line":159,"column":null}},"type":"if","locations":[{"start":{"line":156,"column":20},"end":{"line":159,"column":null}}]},"11":{"loc":{"start":{"line":178,"column":12},"end":{"line":178,"column":71}},"type":"binary-expr","locations":[{"start":{"line":178,"column":12},"end":{"line":178,"column":40}},{"start":{"line":178,"column":44},"end":{"line":178,"column":71}}]},"12":{"loc":{"start":{"line":182,"column":8},"end":{"line":184,"column":null}},"type":"if","locations":[{"start":{"line":182,"column":8},"end":{"line":184,"column":null}}]},"13":{"loc":{"start":{"line":190,"column":12},"end":{"line":212,"column":null}},"type":"if","locations":[{"start":{"line":190,"column":12},"end":{"line":212,"column":null}},{"start":{"line":209,"column":17},"end":{"line":212,"column":null}}]},"14":{"loc":{"start":{"line":193,"column":16},"end":{"line":195,"column":null}},"type":"if","locations":[{"start":{"line":193,"column":16},"end":{"line":195,"column":null}}]},"15":{"loc":{"start":{"line":197,"column":16},"end":{"line":205,"column":null}},"type":"if","locations":[{"start":{"line":197,"column":16},"end":{"line":205,"column":null}},{"start":{"line":202,"column":21},"end":{"line":205,"column":null}}]},"16":{"loc":{"start":{"line":218,"column":12},"end":{"line":220,"column":null}},"type":"if","locations":[{"start":{"line":218,"column":12},"end":{"line":220,"column":null}}]},"17":{"loc":{"start":{"line":218,"column":16},"end":{"line":218,"column":55}},"type":"binary-expr","locations":[{"start":{"line":218,"column":16},"end":{"line":218,"column":36}},{"start":{"line":218,"column":40},"end":{"line":218,"column":55}}]},"18":{"loc":{"start":{"line":223,"column":12},"end":{"line":235,"column":null}},"type":"if","locations":[{"start":{"line":223,"column":12},"end":{"line":235,"column":null}}]},"19":{"loc":{"start":{"line":225,"column":20},"end":{"line":228,"column":null}},"type":"if","locations":[{"start":{"line":225,"column":20},"end":{"line":228,"column":null}}]},"20":{"loc":{"start":{"line":225,"column":24},"end":{"line":225,"column":131}},"type":"binary-expr","locations":[{"start":{"line":225,"column":24},"end":{"line":225,"column":51}},{"start":{"line":225,"column":55},"end":{"line":225,"column":82}},{"start":{"line":225,"column":86},"end":{"line":225,"column":108}},{"start":{"line":225,"column":112},"end":{"line":225,"column":131}}]},"21":{"loc":{"start":{"line":230,"column":20},"end":{"line":233,"column":null}},"type":"if","locations":[{"start":{"line":230,"column":20},"end":{"line":233,"column":null}}]},"22":{"loc":{"start":{"line":230,"column":24},"end":{"line":230,"column":133}},"type":"binary-expr","locations":[{"start":{"line":230,"column":24},"end":{"line":230,"column":51}},{"start":{"line":230,"column":55},"end":{"line":230,"column":82}},{"start":{"line":230,"column":86},"end":{"line":230,"column":109}},{"start":{"line":230,"column":113},"end":{"line":230,"column":133}}]},"23":{"loc":{"start":{"line":238,"column":12},"end":{"line":249,"column":null}},"type":"if","locations":[{"start":{"line":238,"column":12},"end":{"line":249,"column":null}},{"start":{"line":247,"column":19},"end":{"line":249,"column":null}}]},"24":{"loc":{"start":{"line":241,"column":16},"end":{"line":246,"column":null}},"type":"if","locations":[{"start":{"line":241,"column":16},"end":{"line":246,"column":null}},{"start":{"line":244,"column":23},"end":{"line":246,"column":null}}]},"25":{"loc":{"start":{"line":254,"column":8},"end":{"line":259,"column":null}},"type":"if","locations":[{"start":{"line":254,"column":8},"end":{"line":259,"column":null}}]},"26":{"loc":{"start":{"line":255,"column":27},"end":{"line":255,"column":65}},"type":"cond-expr","locations":[{"start":{"line":255,"column":58},"end":{"line":255,"column":60}},{"start":{"line":255,"column":63},"end":{"line":255,"column":65}}]},"27":{"loc":{"start":{"line":270,"column":8},"end":{"line":280,"column":null}},"type":"if","locations":[{"start":{"line":270,"column":8},"end":{"line":280,"column":null}}]},"28":{"loc":{"start":{"line":270,"column":12},"end":{"line":272,"column":72}},"type":"binary-expr","locations":[{"start":{"line":270,"column":12},"end":{"line":270,"column":40}},{"start":{"line":271,"column":12},"end":{"line":271,"column":40}},{"start":{"line":272,"column":12},"end":{"line":272,"column":72}}]},"29":{"loc":{"start":{"line":276,"column":12},"end":{"line":279,"column":null}},"type":"if","locations":[{"start":{"line":276,"column":12},"end":{"line":279,"column":null}}]},"30":{"loc":{"start":{"line":283,"column":8},"end":{"line":285,"column":null}},"type":"if","locations":[{"start":{"line":283,"column":8},"end":{"line":285,"column":null}}]},"31":{"loc":{"start":{"line":299,"column":15},"end":{"line":299,"column":39}},"type":"binary-expr","locations":[{"start":{"line":299,"column":16},"end":{"line":299,"column":26}},{"start":{"line":299,"column":32},"end":{"line":299,"column":38}}]},"32":{"loc":{"start":{"line":301,"column":12},"end":{"line":302,"column":29}},"type":"if","locations":[{"start":{"line":301,"column":12},"end":{"line":302,"column":29}}]},"33":{"loc":{"start":{"line":301,"column":16},"end":{"line":301,"column":90}},"type":"binary-expr","locations":[{"start":{"line":301,"column":16},"end":{"line":301,"column":41}},{"start":{"line":301,"column":45},"end":{"line":301,"column":90}}]},"34":{"loc":{"start":{"line":307,"column":8},"end":{"line":309,"column":null}},"type":"if","locations":[{"start":{"line":307,"column":8},"end":{"line":309,"column":null}}]},"35":{"loc":{"start":{"line":323,"column":12},"end":{"line":327,"column":null}},"type":"if","locations":[{"start":{"line":323,"column":12},"end":{"line":327,"column":null}},{"start":{"line":325,"column":19},"end":{"line":327,"column":null}}]},"36":{"loc":{"start":{"line":359,"column":12},"end":{"line":362,"column":null}},"type":"if","locations":[{"start":{"line":359,"column":12},"end":{"line":362,"column":null}}]}},"s":{"0":1,"1":1,"2":1,"3":1,"4":1,"5":1,"6":2,"7":2,"8":2,"9":2,"10":2,"11":2,"12":2,"13":2,"14":2,"15":2,"16":2,"17":2,"18":2,"19":0,"20":0,"21":0,"22":0,"23":0,"24":17862,"25":17862,"26":17862,"27":21258,"28":507,"29":507,"30":135,"31":372,"32":20751,"33":1034,"34":1034,"35":19717,"36":9979,"37":9979,"38":9738,"39":976,"40":976,"41":9738,"42":282,"43":282,"44":9738,"45":5834,"46":5834,"47":17862,"48":10114,"49":10114,"50":45155,"51":10114,"52":10114,"53":0,"54":10114,"55":10114,"56":195792,"57":0,"58":0,"59":0,"60":0,"61":0,"62":0,"63":0,"64":0,"65":195792,"66":195792,"67":195792,"68":195792,"69":44607,"70":195792,"71":151185,"72":464058,"73":0,"74":0,"75":464058,"76":142224,"77":142224,"78":195792,"79":8961,"80":8961,"81":452,"82":452,"83":8509,"84":186831,"85":10114,"86":452,"87":452,"88":452,"89":452,"90":6206,"91":6206,"92":0,"93":0,"94":0,"95":0,"96":6206,"97":6206,"98":1034,"99":1034,"100":1034,"101":1788,"102":1788,"103":1023,"104":1788,"105":1034,"106":11,"107":1023,"108":6206,"109":6206,"110":29651,"111":2950,"112":26701,"113":0,"114":976,"115":976,"116":3904,"117":3904,"118":282,"119":1108,"120":55,"121":55,"122":1},"f":{"0":2,"1":17862,"2":10114,"3":45155,"4":6206,"5":1034,"6":6206,"7":0,"8":976,"9":282},"b":{"0":[0],"1":[2,0],"2":[0],"3":[0,0],"4":[507,20751],"5":[135,372],"6":[1034,19717],"7":[9979,9738],"8":[976],"9":[282],"10":[5834],"11":[45155,24927],"12":[0],"13":[0,195792],"14":[0],"15":[0,0],"16":[44607],"17":[195792,195792],"18":[151185],"19":[0],"20":[464058,167816,142224,0],"21":[142224],"22":[464058,167816,142224,142224],"23":[8961,186831],"24":[452,8509],"25":[452],"26":[226,226],"27":[0],"28":[6206,0,0],"29":[0],"30":[6206],"31":[2822,2811],"32":[1023],"33":[1788,1534],"34":[11],"35":[2950,26701],"36":[55]}}
,"/Users/patric/Projects/Scratch/whisker-main/whisker-main/src/whisker/whiskerNet/Operators/NetworkCrossover.ts": {"path":"/Users/patric/Projects/Scratch/whisker-main/whisker-main/src/whisker/whiskerNet/Operators/NetworkCrossover.ts","statementMap":{"0":{"start":{"line":1,"column":0},"end":{"line":1,"column":49}},"1":{"start":{"line":5,"column":0},"end":{"line":5,"column":22}}},"fnMap":{},"branchMap":{},"s":{"0":1,"1":1},"f":{},"b":{}}
,"/Users/patric/Projects/Scratch/whisker-main/whisker-main/test/whisker/utils/VMWrapperMock.ts": {"path":"/Users/patric/Projects/Scratch/whisker-main/whisker-main/test/whisker/utils/VMWrapperMock.ts","statementMap":{"0":{"start":{"line":10,"column":8},"end":{"line":10,"column":36}},"1":{"start":{"line":11,"column":8},"end":{"line":11,"column":31}},"2":{"start":{"line":12,"column":8},"end":{"line":12,"column":39}},"3":{"start":{"line":19,"column":8},"end":{"line":19,"column":45}},"4":{"start":{"line":26,"column":8},"end":{"line":26,"column":48}},"5":{"start":{"line":33,"column":8},"end":{"line":33,"column":34}},"6":{"start":{"line":3,"column":0},"end":{"line":3,"column":13}}},"fnMap":{"0":{"name":"(anonymous_0)","decl":{"start":{"line":9,"column":4},"end":{"line":9,"column":8}},"loc":{"start":{"line":9,"column":8},"end":{"line":13,"column":5}}},"1":{"name":"(anonymous_1)","decl":{"start":{"line":18,"column":4},"end":{"line":18,"column":23}},"loc":{"start":{"line":18,"column":23},"end":{"line":20,"column":5}}},"2":{"name":"(anonymous_2)","decl":{"start":{"line":25,"column":4},"end":{"line":25,"column":21}},"loc":{"start":{"line":25,"column":21},"end":{"line":27,"column":5}}},"3":{"name":"(anonymous_3)","decl":{"start":{"line":32,"column":4},"end":{"line":32,"column":25}},"loc":{"start":{"line":32,"column":25},"end":{"line":34,"column":5}}}},"branchMap":{},"s":{"0":1,"1":1,"2":1,"3":0,"4":0,"5":0,"6":1},"f":{"0":1,"1":0,"2":0,"3":0},"b":{}}
}
