TN:
SF:src/whisker/bitstring/BitflipMutation.ts
FN:28,(anonymous_0)
FNF:1
FNH:0
FNDA:0,(anonymous_0)
DA:23,1
DA:26,1
DA:29,0
DA:30,0
DA:31,0
DA:33,0
DA:34,0
DA:35,0
DA:37,0
DA:41,0
LF:10
LH:2
BRDA:34,0,0,0
BRDA:34,0,1,0
BRF:2
BRH:0
end_of_record
TN:
SF:src/whisker/bitstring/BitstringChromosome.ts
FN:37,(anonymous_0)
FN:43,(anonymous_1)
FN:47,(anonymous_2)
FN:51,(anonymous_3)
FN:55,(anonymous_4)
FNF:5
FNH:0
FNDA:0,(anonymous_0)
FNDA:0,(anonymous_1)
FNDA:0,(anonymous_2)
FNDA:0,(anonymous_3)
FNDA:0,(anonymous_4)
DA:23,1
DA:25,1
DA:38,0
DA:39,0
DA:40,0
DA:44,0
DA:48,0
DA:52,0
DA:56,0
LF:9
LH:2
BRF:0
BRH:0
end_of_record
TN:
SF:src/whisker/bitstring/BitstringChromosomeGenerator.ts
FN:36,(anonymous_0)
FN:44,(anonymous_1)
FN:52,(anonymous_2)
FN:56,(anonymous_3)
FNF:4
FNH:1
FNDA:1,(anonymous_0)
FNDA:0,(anonymous_1)
FNDA:0,(anonymous_2)
FNDA:0,(anonymous_3)
DA:23,1
DA:24,1
DA:28,1
DA:39,1
DA:40,1
DA:41,1
DA:45,0
DA:46,0
DA:47,0
DA:49,0
DA:53,0
DA:57,0
LF:12
LH:6
BRF:0
BRH:0
end_of_record
TN:
SF:src/whisker/bitstring/OneMaxFitnessFunction.ts
FN:30,(anonymous_7)
FN:34,(anonymous_8)
FN:51,(anonymous_10)
FN:55,(anonymous_11)
FN:59,(anonymous_12)
FN:63,(anonymous_13)
FN:67,(anonymous_14)
FN:73,(anonymous_15)
FN:77,(anonymous_17)
FNF:9
FNH:0
FNDA:0,(anonymous_7)
FNDA:0,(anonymous_8)
FNDA:0,(anonymous_10)
FNDA:0,(anonymous_11)
FNDA:0,(anonymous_12)
FNDA:0,(anonymous_13)
FNDA:0,(anonymous_14)
FNDA:0,(anonymous_15)
FNDA:0,(anonymous_17)
DA:23,1
DA:26,1
DA:31,0
DA:35,0
DA:36,0
DA:38,0
DA:42,0
DA:43,0
DA:44,0
DA:48,0
DA:52,0
DA:56,0
DA:60,0
DA:64,0
DA:70,0
DA:74,0
DA:78,0
LF:17
LH:2
BRDA:43,0,0,0
BRF:1
BRH:0
end_of_record
TN:
SF:src/whisker/bitstring/SingleBitFitnessFunction.ts
FN:37,(anonymous_7)
FN:43,(anonymous_8)
FN:56,(anonymous_10)
FN:60,(anonymous_11)
FN:65,(anonymous_12)
FN:69,(anonymous_13)
FN:73,(anonymous_14)
FN:79,(anonymous_15)
FN:83,(anonymous_17)
FNF:9
FNH:1
FNDA:10,(anonymous_7)
FNDA:0,(anonymous_8)
FNDA:0,(anonymous_10)
FNDA:0,(anonymous_11)
FNDA:0,(anonymous_12)
FNDA:0,(anonymous_13)
FNDA:0,(anonymous_14)
FNDA:0,(anonymous_15)
FNDA:0,(anonymous_17)
DA:23,1
DA:32,1
DA:38,10
DA:39,10
DA:40,10
DA:44,0
DA:45,0
DA:46,0
DA:47,0
DA:48,0
DA:50,0
DA:53,0
DA:57,0
DA:61,0
DA:66,0
DA:70,0
DA:76,0
DA:80,0
DA:84,0
LF:19
LH:5
BRDA:48,0,0,0
BRDA:48,1,0,0
BRDA:48,1,1,0
BRDA:48,1,2,0
BRDA:48,1,3,0
BRF:5
BRH:0
end_of_record
TN:
SF:src/whisker/core/exceptions/IllegalArgumentException.ts
FNF:0
FNH:0
DA:24,1
LF:1
LH:1
BRF:0
BRH:0
end_of_record
TN:
SF:src/whisker/search/Chromosome.ts
FN:32,(anonymous_7)
FN:58,(anonymous_8)
FN:62,(anonymous_9)
FN:66,(anonymous_10)
FN:70,(anonymous_11)
FN:88,(anonymous_12)
FN:97,(anonymous_13)
FN:107,(anonymous_14)
FN:122,(anonymous_16)
FN:129,(anonymous_17)
FN:138,(anonymous_18)
FN:146,(anonymous_20)
FN:172,(anonymous_22)
FNF:13
FNH:5
FNDA:59422,(anonymous_7)
FNDA:0,(anonymous_8)
FNDA:0,(anonymous_9)
FNDA:27152,(anonymous_10)
FNDA:27152,(anonymous_11)
FNDA:17862,(anonymous_12)
FNDA:13576,(anonymous_13)
FNDA:0,(anonymous_14)
FNDA:0,(anonymous_16)
FNDA:0,(anonymous_17)
FNDA:0,(anonymous_18)
FNDA:0,(anonymous_20)
FNDA:0,(anonymous_22)
DA:32,1
DA:51,59422
DA:59,0
DA:63,0
DA:67,27152
DA:71,27152
DA:89,17862
DA:98,13576
DA:108,0
DA:109,0
DA:111,0
DA:112,0
DA:113,0
DA:123,0
DA:130,0
DA:147,0
DA:148,0
DA:149,0
DA:150,0
DA:153,0
DA:173,0
LF:21
LH:6
BRDA:108,0,0,0
BRDA:108,0,1,0
BRDA:149,1,0,0
BRF:3
BRH:0
end_of_record
TN:
SF:src/whisker/search/Crossover.ts
FN:47,(anonymous_0)
FNF:1
FNH:0
FNDA:0,(anonymous_0)
DA:30,1
DA:48,0
LF:2
LH:1
BRF:0
BRH:0
end_of_record
TN:
SF:src/whisker/search/FitnessFunctionType.ts
FN:24,(anonymous_0)
FNF:1
FNH:1
FNDA:1,(anonymous_0)
DA:24,1
DA:28,1
DA:33,1
DA:38,1
LF:4
LH:4
BRDA:24,0,0,1
BRDA:24,0,1,1
BRF:2
BRH:2
end_of_record
TN:
SF:src/whisker/search/ListChromosome.ts
FN:33,(anonymous_0)
FN:53,(anonymous_1)
FN:41,(anonymous_2)
FN:45,(anonymous_3)
FN:49,(anonymous_4)
FNF:5
FNH:0
FNDA:0,(anonymous_0)
FNDA:0,(anonymous_1)
FNDA:0,(anonymous_2)
FNDA:0,(anonymous_3)
FNDA:0,(anonymous_4)
DA:21,1
DA:29,1
DA:34,0
DA:35,0
DA:42,0
DA:46,0
DA:50,0
DA:53,0
DA:54,0
DA:55,0
DA:56,0
DA:59,0
LF:12
LH:2
BRF:0
BRH:0
end_of_record
TN:
SF:src/whisker/search/SearchAlgorithmBuilder.ts
FN:100,(anonymous_0)
FN:110,(anonymous_1)
FN:150,(anonymous_2)
FN:161,(anonymous_3)
FN:185,(anonymous_4)
FN:195,(anonymous_5)
FN:204,(anonymous_6)
FN:213,(anonymous_7)
FN:246,(anonymous_8)
FN:259,(anonymous_9)
FN:271,(anonymous_10)
FN:282,(anonymous_11)
FN:292,(anonymous_12)
FN:303,(anonymous_13)
FN:315,(anonymous_14)
FN:324,(anonymous_15)
FN:333,(anonymous_16)
FN:336,(anonymous_17)
FN:343,(anonymous_18)
FN:346,(anonymous_19)
FN:353,(anonymous_20)
FN:365,(anonymous_21)
FN:370,(anonymous_22)
FNF:23
FNH:10
FNDA:1,(anonymous_0)
FNDA:1,(anonymous_1)
FNDA:1,(anonymous_2)
FNDA:2,(anonymous_3)
FNDA:1,(anonymous_4)
FNDA:0,(anonymous_5)
FNDA:0,(anonymous_6)
FNDA:1,(anonymous_7)
FNDA:0,(anonymous_8)
FNDA:0,(anonymous_9)
FNDA:0,(anonymous_10)
FNDA:0,(anonymous_11)
FNDA:0,(anonymous_12)
FNDA:0,(anonymous_13)
FNDA:1,(anonymous_14)
FNDA:0,(anonymous_15)
FNDA:0,(anonymous_16)
FNDA:0,(anonymous_17)
FNDA:1,(anonymous_18)
FNDA:0,(anonymous_19)
FNDA:1,(anonymous_20)
FNDA:0,(anonymous_21)
FNDA:1,(anonymous_22)
DA:23,1
DA:26,1
DA:27,1
DA:28,1
DA:29,1
DA:30,1
DA:32,1
DA:33,1
DA:36,1
DA:37,1
DA:38,1
DA:39,1
DA:40,1
DA:41,1
DA:42,1
DA:43,1
DA:45,1
DA:46,1
DA:54,1
DA:89,1
DA:101,1
DA:103,1
DA:111,1
DA:134,1
DA:139,1
DA:142,1
DA:151,1
DA:152,1
DA:162,2
DA:163,2
DA:165,2
DA:167,0
DA:168,0
DA:169,0
DA:171,1
DA:172,1
DA:174,1
DA:175,1
DA:177,2
DA:186,1
DA:187,1
DA:196,0
DA:197,0
DA:205,0
DA:206,0
DA:215,1
DA:217,0
DA:218,0
DA:220,0
DA:221,0
DA:223,0
DA:224,0
DA:226,0
DA:227,0
DA:229,1
DA:230,1
DA:232,0
DA:233,0
DA:236,0
DA:239,1
DA:240,1
DA:244,1
DA:245,0
DA:246,0
DA:247,0
DA:249,1
DA:250,0
DA:253,1
DA:260,0
DA:261,0
DA:262,0
DA:263,0
DA:265,0
DA:272,0
DA:273,0
DA:274,0
DA:275,0
DA:276,0
DA:283,0
DA:284,0
DA:285,0
DA:286,0
DA:293,0
DA:294,0
DA:295,0
DA:297,0
DA:304,0
DA:305,0
DA:306,0
DA:307,0
DA:309,0
DA:316,1
DA:317,1
DA:318,1
DA:325,0
DA:326,0
DA:327,0
DA:334,0
DA:335,0
DA:336,0
DA:344,1
DA:345,10
DA:346,10
DA:355,1
DA:356,1
DA:358,1
DA:359,0
DA:362,1
DA:363,0
DA:364,0
DA:365,0
DA:371,1
LF:112
LH:57
BRDA:165,0,0,0
BRDA:165,0,1,1
BRDA:165,0,2,1
BRDA:215,1,0,0
BRDA:215,1,1,0
BRDA:215,1,2,0
BRDA:215,1,3,0
BRDA:215,1,4,1
BRDA:215,1,5,0
BRDA:215,1,6,0
BRDA:215,1,7,0
BRDA:244,2,0,0
BRDA:244,2,1,1
BRDA:246,3,0,0
BRDA:249,4,0,0
BRDA:249,5,0,1
BRDA:249,5,1,0
BRDA:358,6,0,0
BRF:18
BRH:5
end_of_record
TN:
SF:src/whisker/search/algorithms/MIO.ts
FN:41,(anonymous_8)
FN:128,(anonymous_9)
FN:132,(anonymous_10)
FN:143,(anonymous_11)
FN:151,(anonymous_12)
FN:159,(anonymous_13)
FN:164,(anonymous_14)
FN:174,(anonymous_15)
FN:178,(anonymous_16)
FN:185,(anonymous_17)
FN:189,(anonymous_18)
FN:198,(anonymous_19)
FN:262,(anonymous_21)
FN:274,(anonymous_23)
FN:296,(anonymous_25)
FN:302,(anonymous_26)
FN:305,(anonymous_27)
FN:320,(anonymous_28)
FN:330,(anonymous_30)
FN:366,(anonymous_32)
FN:409,(anonymous_34)
FN:422,(anonymous_35)
FN:432,(anonymous_36)
FN:446,(anonymous_37)
FN:470,(anonymous_39)
FN:487,(anonymous_41)
FN:498,(anonymous_43)
FN:509,(anonymous_44)
FN:545,(anonymous_46)
FN:560,(anonymous_47)
FN:564,(anonymous_48)
FN:568,(anonymous_49)
FNF:32
FNH:0
FNDA:0,(anonymous_8)
FNDA:0,(anonymous_9)
FNDA:0,(anonymous_10)
FNDA:0,(anonymous_11)
FNDA:0,(anonymous_12)
FNDA:0,(anonymous_13)
FNDA:0,(anonymous_14)
FNDA:0,(anonymous_15)
FNDA:0,(anonymous_16)
FNDA:0,(anonymous_17)
FNDA:0,(anonymous_18)
FNDA:0,(anonymous_19)
FNDA:0,(anonymous_21)
FNDA:0,(anonymous_23)
FNDA:0,(anonymous_25)
FNDA:0,(anonymous_26)
FNDA:0,(anonymous_27)
FNDA:0,(anonymous_28)
FNDA:0,(anonymous_30)
FNDA:0,(anonymous_32)
FNDA:0,(anonymous_34)
FNDA:0,(anonymous_35)
FNDA:0,(anonymous_36)
FNDA:0,(anonymous_37)
FNDA:0,(anonymous_39)
FNDA:0,(anonymous_41)
FNDA:0,(anonymous_43)
FNDA:0,(anonymous_44)
FNDA:0,(anonymous_46)
FNDA:0,(anonymous_47)
FNDA:0,(anonymous_48)
FNDA:0,(anonymous_49)
DA:25,1
DA:26,1
DA:27,1
DA:30,1
DA:31,1
DA:32,1
DA:41,1
DA:124,0
DA:126,0
DA:129,0
DA:133,0
DA:134,0
DA:135,0
DA:136,0
DA:137,0
DA:144,0
DA:145,0
DA:152,0
DA:153,0
DA:160,0
DA:161,0
DA:165,0
DA:166,0
DA:175,0
DA:179,0
DA:180,0
DA:181,0
DA:186,0
DA:190,0
DA:199,0
DA:200,0
DA:201,0
DA:204,0
DA:206,0
DA:207,0
DA:208,0
DA:210,0
DA:211,0
DA:212,0
DA:215,0
DA:216,0
DA:217,0
DA:218,0
DA:220,0
DA:221,0
DA:222,0
DA:224,0
DA:226,0
DA:227,0
DA:228,0
DA:229,0
DA:230,0
DA:231,0
DA:232,0
DA:233,0
DA:235,0
DA:236,0
DA:237,0
DA:239,0
DA:240,0
DA:241,0
DA:245,0
DA:247,0
DA:249,0
DA:250,0
DA:252,0
DA:255,0
DA:263,0
DA:264,0
DA:265,0
DA:266,0
DA:275,0
DA:276,0
DA:277,0
DA:278,0
DA:279,0
DA:280,0
DA:281,0
DA:282,0
DA:284,0
DA:285,0
DA:286,0
DA:287,0
DA:288,0
DA:297,0
DA:299,0
DA:300,0
DA:301,0
DA:302,0
DA:303,0
DA:304,0
DA:305,0
DA:306,0
DA:307,0
DA:310,0
DA:312,0
DA:321,0
DA:322,0
DA:331,0
DA:332,0
DA:333,0
DA:334,0
DA:335,0
DA:336,0
DA:338,0
DA:341,0
DA:342,0
DA:343,0
DA:345,0
DA:346,0
DA:347,0
DA:348,0
DA:349,0
DA:353,0
DA:354,0
DA:367,0
DA:368,0
DA:371,0
DA:372,0
DA:373,0
DA:374,0
DA:376,0
DA:378,0
DA:379,0
DA:381,0
DA:382,0
DA:384,0
DA:385,0
DA:387,0
DA:388,0
DA:389,0
DA:390,0
DA:392,0
DA:393,0
DA:394,0
DA:397,0
DA:411,0
DA:412,0
DA:413,0
DA:414,0
DA:415,0
DA:416,0
DA:419,0
DA:423,0
DA:433,0
DA:434,0
DA:435,0
DA:436,0
DA:448,0
DA:449,0
DA:450,0
DA:451,0
DA:455,0
DA:456,0
DA:459,0
DA:471,0
DA:472,0
DA:473,0
DA:474,0
DA:475,0
DA:477,0
DA:488,0
DA:489,0
DA:490,0
DA:499,0
DA:510,0
DA:511,0
DA:512,0
DA:513,0
DA:514,0
DA:515,0
DA:516,0
DA:518,0
DA:521,0
DA:524,0
DA:528,0
DA:529,0
DA:530,0
DA:531,0
DA:532,0
DA:534,0
DA:546,0
DA:548,0
DA:550,0
DA:551,0
DA:552,0
DA:553,0
DA:554,0
DA:557,0
DA:561,0
DA:565,0
DA:569,0
LF:192
LH:7
BRDA:204,0,0,0
BRDA:204,0,1,0
BRDA:204,1,0,0
BRDA:204,1,1,0
BRDA:204,1,2,0
BRDA:204,1,3,0
BRDA:220,2,0,0
BRDA:220,2,1,0
BRDA:228,3,0,0
BRDA:228,3,1,0
BRDA:235,4,0,0
BRDA:249,5,0,0
BRDA:264,6,0,0
BRDA:264,7,0,0
BRDA:264,7,1,0
BRDA:299,8,0,0
BRDA:299,8,1,0
BRDA:306,9,0,0
BRDA:333,10,0,0
BRDA:334,11,0,0
BRDA:334,11,1,0
BRDA:336,12,0,0
BRDA:336,13,0,0
BRDA:336,13,1,0
BRDA:342,14,0,0
BRDA:347,15,0,0
BRDA:353,16,0,0
BRDA:371,17,0,0
BRDA:371,18,0,0
BRDA:371,18,1,0
BRDA:373,19,0,0
BRDA:373,19,1,0
BRDA:381,20,0,0
BRDA:384,21,0,0
BRDA:384,21,1,0
BRDA:390,22,0,0
BRDA:390,23,0,0
BRDA:390,23,1,0
BRDA:390,23,2,0
BRDA:415,24,0,0
BRDA:451,25,0,0
BRDA:451,26,0,0
BRDA:451,26,1,0
BRDA:451,26,2,0
BRDA:451,26,3,0
BRDA:499,27,0,0
BRDA:499,27,1,0
BRDA:499,27,2,0
BRDA:513,28,0,0
BRDA:513,28,1,0
BRDA:528,29,0,0
BRDA:548,30,0,0
BRDA:548,30,1,0
BRDA:552,31,0,0
BRF:54
BRH:0
end_of_record
TN:
SF:src/whisker/search/algorithms/MOSA.ts
FN:39,(anonymous_8)
FN:66,(anonymous_9)
FN:70,(anonymous_10)
FN:75,(anonymous_11)
FN:80,(anonymous_12)
FN:84,(anonymous_13)
FN:91,(anonymous_14)
FN:95,(anonymous_15)
FN:99,(anonymous_16)
FN:103,(anonymous_17)
FN:120,(anonymous_19)
FN:130,(anonymous_21)
FN:141,(anonymous_22)
FN:172,(anonymous_23)
FN:200,(anonymous_25)
FN:243,(anonymous_27)
FN:258,(anonymous_29)
FN:298,(anonymous_31)
FN:347,(anonymous_33)
FN:368,(anonymous_35)
FN:382,(anonymous_37)
FN:393,(anonymous_38)
FN:406,(anonymous_40)
FN:416,(anonymous_41)
FN:426,(anonymous_42)
FNF:25
FNH:0
FNDA:0,(anonymous_8)
FNDA:0,(anonymous_9)
FNDA:0,(anonymous_10)
FNDA:0,(anonymous_11)
FNDA:0,(anonymous_12)
FNDA:0,(anonymous_13)
FNDA:0,(anonymous_14)
FNDA:0,(anonymous_15)
FNDA:0,(anonymous_16)
FNDA:0,(anonymous_17)
FNDA:0,(anonymous_19)
FNDA:0,(anonymous_21)
FNDA:0,(anonymous_22)
FNDA:0,(anonymous_23)
FNDA:0,(anonymous_25)
FNDA:0,(anonymous_27)
FNDA:0,(anonymous_29)
FNDA:0,(anonymous_31)
FNDA:0,(anonymous_33)
FNDA:0,(anonymous_35)
FNDA:0,(anonymous_37)
FNDA:0,(anonymous_38)
FNDA:0,(anonymous_40)
FNDA:0,(anonymous_41)
FNDA:0,(anonymous_42)
DA:25,1
DA:27,1
DA:28,1
DA:30,1
DA:31,1
DA:39,1
DA:54,0
DA:64,0
DA:67,0
DA:71,0
DA:72,0
DA:76,0
DA:77,0
DA:81,0
DA:85,0
DA:86,0
DA:87,0
DA:92,0
DA:96,0
DA:100,0
DA:104,0
DA:105,0
DA:106,0
DA:107,0
DA:109,0
DA:111,0
DA:121,0
DA:122,0
DA:123,0
DA:124,0
DA:125,0
DA:126,0
DA:127,0
DA:128,0
DA:129,0
DA:130,0
DA:131,0
DA:134,0
DA:135,0
DA:137,0
DA:138,0
DA:139,0
DA:140,0
DA:141,0
DA:142,0
DA:143,0
DA:144,0
DA:145,0
DA:146,0
DA:147,0
DA:148,0
DA:150,0
DA:151,0
DA:154,0
DA:155,0
DA:156,0
DA:157,0
DA:158,0
DA:162,0
DA:163,0
DA:165,0
DA:174,0
DA:176,0
DA:178,0
DA:180,0
DA:182,0
DA:183,0
DA:184,0
DA:185,0
DA:201,0
DA:202,0
DA:203,0
DA:205,0
DA:208,0
DA:209,0
DA:211,0
DA:213,0
DA:214,0
DA:216,0
DA:217,0
DA:221,0
DA:222,0
DA:224,0
DA:225,0
DA:228,0
DA:229,0
DA:230,0
DA:233,0
DA:244,0
DA:245,0
DA:247,0
DA:248,0
DA:259,0
DA:260,0
DA:261,0
DA:262,0
DA:263,0
DA:264,0
DA:265,0
DA:266,0
DA:267,0
DA:268,0
DA:269,0
DA:271,0
DA:272,0
DA:275,0
DA:276,0
DA:277,0
DA:278,0
DA:281,0
DA:282,0
DA:284,0
DA:285,0
DA:287,0
DA:289,0
DA:299,0
DA:300,0
DA:301,0
DA:302,0
DA:303,0
DA:304,0
DA:305,0
DA:306,0
DA:307,0
DA:308,0
DA:310,0
DA:311,0
DA:312,0
DA:313,0
DA:316,0
DA:317,0
DA:319,0
DA:320,0
DA:322,0
DA:323,0
DA:324,0
DA:325,0
DA:326,0
DA:327,0
DA:328,0
DA:329,0
DA:330,0
DA:331,0
DA:335,0
DA:337,0
DA:348,0
DA:349,0
DA:350,0
DA:351,0
DA:352,0
DA:353,0
DA:354,0
DA:355,0
DA:356,0
DA:357,0
DA:360,0
DA:369,0
DA:370,0
DA:371,0
DA:372,0
DA:373,0
DA:374,0
DA:375,0
DA:376,0
DA:382,0
DA:394,0
DA:395,0
DA:396,0
DA:397,0
DA:398,0
DA:399,0
DA:400,0
DA:403,0
DA:407,0
DA:417,0
DA:418,0
DA:419,0
DA:420,0
DA:422,0
DA:427,0
LF:180
LH:6
BRDA:106,0,0,0
BRDA:134,1,0,0
BRDA:147,2,0,0
BRDA:147,2,1,0
BRDA:178,3,0,0
BRDA:178,4,0,0
BRDA:178,4,1,0
BRDA:178,4,2,0
BRDA:182,5,0,0
BRDA:208,6,0,0
BRDA:208,6,1,0
BRDA:213,7,0,0
BRDA:216,8,0,0
BRDA:221,9,0,0
BRDA:224,10,0,0
BRDA:229,11,0,0
BRDA:244,12,0,0
BRDA:244,12,1,0
BRDA:269,13,0,0
BRDA:269,14,0,0
BRDA:269,14,1,0
BRDA:269,14,2,0
BRDA:276,15,0,0
BRDA:281,16,0,0
BRDA:284,17,0,0
BRDA:284,17,1,0
BRDA:307,18,0,0
BRDA:310,19,0,0
BRDA:310,19,1,0
BRDA:312,20,0,0
BRDA:316,21,0,0
BRDA:330,22,0,0
BRDA:354,23,0,0
BRDA:354,23,1,0
BRDA:356,24,0,0
BRDA:373,25,0,0
BRDA:375,26,0,0
BRDA:399,27,0,0
BRDA:418,28,0,0
BRDA:418,29,0,0
BRDA:418,29,1,0
BRF:41
BRH:0
end_of_record
TN:
SF:src/whisker/search/algorithms/OnePlusOneEA.ts
FN:38,(anonymous_7)
FN:42,(anonymous_8)
FN:46,(anonymous_9)
FN:51,(anonymous_10)
FN:60,(anonymous_11)
FN:105,(anonymous_13)
FN:112,(anonymous_14)
FN:122,(anonymous_15)
FN:127,(anonymous_16)
FN:131,(anonymous_17)
FN:135,(anonymous_18)
FN:139,(anonymous_19)
FN:143,(anonymous_20)
FN:147,(anonymous_21)
FNF:14
FNH:0
FNDA:0,(anonymous_7)
FNDA:0,(anonymous_8)
FNDA:0,(anonymous_9)
FNDA:0,(anonymous_10)
FNDA:0,(anonymous_11)
FNDA:0,(anonymous_13)
FNDA:0,(anonymous_14)
FNDA:0,(anonymous_15)
FNDA:0,(anonymous_16)
FNDA:0,(anonymous_17)
FNDA:0,(anonymous_18)
FNDA:0,(anonymous_19)
FNDA:0,(anonymous_20)
FNDA:0,(anonymous_21)
DA:25,1
DA:26,1
DA:27,1
DA:31,1
DA:39,0
DA:43,0
DA:47,0
DA:48,0
DA:52,0
DA:53,0
DA:62,0
DA:63,0
DA:64,0
DA:66,0
DA:68,0
DA:69,0
DA:70,0
DA:71,0
DA:72,0
DA:74,0
DA:75,0
DA:78,0
DA:79,0
DA:80,0
DA:81,0
DA:82,0
DA:83,0
DA:85,0
DA:86,0
DA:87,0
DA:89,0
DA:90,0
DA:91,0
DA:93,0
DA:94,0
DA:96,0
DA:97,0
DA:106,0
DA:113,0
DA:114,0
DA:115,0
DA:116,0
DA:123,0
DA:124,0
DA:128,0
DA:132,0
DA:136,0
DA:140,0
DA:144,0
DA:148,0
LF:50
LH:4
BRDA:63,0,0,0
BRDA:74,1,0,0
BRDA:85,2,0,0
BRDA:86,3,0,0
BRF:4
BRH:0
end_of_record
TN:
SF:src/whisker/search/algorithms/RandomSearch.ts
FN:33,(anonymous_7)
FN:37,(anonymous_8)
FN:42,(anonymous_9)
FN:47,(anonymous_10)
FN:56,(anonymous_11)
FN:94,(anonymous_13)
FN:104,(anonymous_14)
FN:108,(anonymous_15)
FN:112,(anonymous_16)
FN:119,(anonymous_17)
FN:123,(anonymous_18)
FN:127,(anonymous_19)
FNF:12
FNH:0
FNDA:0,(anonymous_7)
FNDA:0,(anonymous_8)
FNDA:0,(anonymous_9)
FNDA:0,(anonymous_10)
FNDA:0,(anonymous_11)
FNDA:0,(anonymous_13)
FNDA:0,(anonymous_14)
FNDA:0,(anonymous_15)
FNDA:0,(anonymous_16)
FNDA:0,(anonymous_17)
FNDA:0,(anonymous_18)
FNDA:0,(anonymous_19)
DA:25,1
DA:26,1
DA:27,1
DA:31,1
DA:34,0
DA:38,0
DA:39,0
DA:43,0
DA:44,0
DA:48,0
DA:49,0
DA:58,0
DA:59,0
DA:60,0
DA:61,0
DA:62,0
DA:63,0
DA:65,0
DA:66,0
DA:67,0
DA:68,0
DA:71,0
DA:72,0
DA:73,0
DA:74,0
DA:75,0
DA:76,0
DA:77,0
DA:80,0
DA:81,0
DA:82,0
DA:84,0
DA:95,0
DA:96,0
DA:97,0
DA:98,0
DA:99,0
DA:100,0
DA:105,0
DA:109,0
DA:113,0
DA:114,0
DA:116,0
DA:120,0
DA:124,0
DA:128,0
LF:46
LH:4
BRDA:71,0,0,0
BRDA:73,1,0,0
BRDA:97,2,0,0
BRDA:97,3,0,0
BRDA:97,3,1,0
BRDA:113,4,0,0
BRDA:113,4,1,0
BRF:7
BRH:0
end_of_record
TN:
SF:src/whisker/search/algorithms/SearchAlgorithmDefault.ts
FN:39,(anonymous_8)
FN:117,(anonymous_9)
FN:121,(anonymous_11)
FN:137,(anonymous_12)
FN:163,(anonymous_14)
FNF:5
FNH:1
FNDA:1,(anonymous_8)
FNDA:0,(anonymous_9)
FNDA:0,(anonymous_11)
FNDA:0,(anonymous_12)
FNDA:0,(anonymous_14)
DA:28,1
DA:31,1
DA:39,1
DA:59,1
DA:64,1
DA:79,1
DA:84,1
DA:118,0
DA:120,0
DA:121,0
DA:122,0
DA:123,0
DA:124,0
DA:126,0
DA:127,0
DA:138,0
DA:139,0
DA:140,0
DA:143,0
DA:144,0
DA:145,0
DA:146,0
DA:147,0
DA:148,0
DA:150,0
DA:153,0
DA:164,0
DA:165,0
DA:166,0
DA:167,0
DA:168,0
DA:170,0
LF:32
LH:7
BRDA:120,0,0,0
BRDA:120,0,1,0
BRDA:140,1,0,0
BRDA:140,1,1,0
BRDA:145,2,0,0
BRDA:145,3,0,0
BRDA:145,3,1,0
BRDA:147,4,0,0
BRDA:166,5,0,0
BRDA:166,6,0,0
BRDA:166,6,1,0
BRF:11
BRH:0
end_of_record
TN:
SF:src/whisker/search/algorithms/SimpleGA.ts
FN:33,(anonymous_8)
FN:55,(anonymous_9)
FN:59,(anonymous_10)
FN:63,(anonymous_11)
FN:68,(anonymous_12)
FN:72,(anonymous_13)
FN:77,(anonymous_14)
FN:92,(anonymous_16)
FN:135,(anonymous_18)
FN:143,(anonymous_20)
FN:182,(anonymous_21)
FN:213,(anonymous_23)
FN:217,(anonymous_24)
FN:221,(anonymous_25)
FN:228,(anonymous_26)
FN:232,(anonymous_27)
FNF:16
FNH:0
FNDA:0,(anonymous_8)
FNDA:0,(anonymous_9)
FNDA:0,(anonymous_10)
FNDA:0,(anonymous_11)
FNDA:0,(anonymous_12)
FNDA:0,(anonymous_13)
FNDA:0,(anonymous_14)
FNDA:0,(anonymous_16)
FNDA:0,(anonymous_18)
FNDA:0,(anonymous_20)
FNDA:0,(anonymous_21)
FNDA:0,(anonymous_23)
FNDA:0,(anonymous_24)
FNDA:0,(anonymous_25)
FNDA:0,(anonymous_26)
FNDA:0,(anonymous_27)
DA:26,1
DA:27,1
DA:28,1
DA:29,1
DA:30,1
DA:33,1
DA:48,0
DA:53,0
DA:56,0
DA:60,0
DA:64,0
DA:65,0
DA:69,0
DA:73,0
DA:74,0
DA:78,0
DA:79,0
DA:80,0
DA:81,0
DA:83,0
DA:85,0
DA:95,0
DA:97,0
DA:98,0
DA:99,0
DA:101,0
DA:104,0
DA:105,0
DA:108,0
DA:109,0
DA:112,0
DA:113,0
DA:115,0
DA:116,0
DA:117,0
DA:118,0
DA:120,0
DA:121,0
DA:122,0
DA:125,0
DA:127,0
DA:136,0
DA:138,0
DA:139,0
DA:140,0
DA:143,0
DA:144,0
DA:145,0
DA:147,0
DA:148,0
DA:150,0
DA:154,0
DA:155,0
DA:156,0
DA:157,0
DA:160,0
DA:161,0
DA:162,0
DA:164,0
DA:166,0
DA:167,0
DA:168,0
DA:169,0
DA:170,0
DA:184,0
DA:188,0
DA:190,0
DA:191,0
DA:192,0
DA:194,0
DA:195,0
DA:196,0
DA:197,0
DA:199,0
DA:200,0
DA:202,0
DA:203,0
DA:205,0
DA:206,0
DA:207,0
DA:210,0
DA:214,0
DA:218,0
DA:222,0
DA:223,0
DA:225,0
DA:229,0
DA:233,0
LF:88
LH:6
BRDA:80,0,0,0
BRDA:108,1,0,0
BRDA:117,2,0,0
BRDA:147,3,0,0
BRDA:147,3,1,0
BRDA:157,4,0,0
BRDA:157,5,0,0
BRDA:157,5,1,0
BRDA:157,5,2,0
BRDA:157,5,3,0
BRDA:160,6,0,0
BRDA:160,7,0,0
BRDA:160,7,1,0
BRDA:196,8,0,0
BRDA:199,9,0,0
BRDA:202,10,0,0
BRDA:206,11,0,0
BRDA:222,12,0,0
BRF:18
BRH:0
end_of_record
TN:
SF:src/whisker/search/operators/RankSelection.ts
FN:44,(anonymous_7)
FN:50,(anonymous_9)
FN:51,(anonymous_10)
FN:52,(anonymous_11)
FN:80,(anonymous_12)
FNF:5
FNH:0
FNDA:0,(anonymous_7)
FNDA:0,(anonymous_9)
FNDA:0,(anonymous_10)
FNDA:0,(anonymous_11)
FNDA:0,(anonymous_12)
DA:23,1
DA:25,1
DA:33,1
DA:45,0
DA:46,0
DA:47,0
DA:50,0
DA:51,0
DA:52,0
DA:54,0
DA:55,0
DA:56,0
DA:57,0
DA:59,0
DA:62,0
DA:63,0
DA:64,0
DA:65,0
DA:81,0
DA:82,0
DA:85,0
DA:86,0
DA:87,0
DA:88,0
DA:92,0
DA:93,0
DA:94,0
DA:97,0
LF:28
LH:3
BRDA:45,0,0,0
BRDA:56,1,0,0
BRDA:81,2,0,0
BRDA:85,3,0,0
BRDA:85,3,1,0
BRDA:87,4,0,0
BRDA:87,5,0,0
BRDA:87,5,1,0
BRF:8
BRH:0
end_of_record
TN:
SF:src/whisker/search/operators/SinglePointCrossover.ts
FN:30,(anonymous_1)
FN:54,(anonymous_2)
FNF:2
FNH:0
FNDA:0,(anonymous_1)
FNDA:0,(anonymous_2)
DA:21,1
DA:24,1
DA:25,1
DA:26,1
DA:28,1
DA:31,0
DA:33,0
DA:34,0
DA:37,0
DA:38,0
DA:39,0
DA:40,0
DA:42,0
DA:43,0
DA:44,0
DA:46,0
DA:47,0
DA:48,0
DA:51,0
DA:55,0
DA:56,0
DA:57,0
LF:22
LH:5
BRF:0
BRH:0
end_of_record
TN:
SF:src/whisker/search/stoppingconditions/FixedIterationsStoppingCondition.ts
FN:29,(anonymous_7)
FN:33,(anonymous_8)
FN:37,(anonymous_10)
FN:41,(anonymous_12)
FNF:4
FNH:1
FNDA:2,(anonymous_7)
FNDA:0,(anonymous_8)
FNDA:0,(anonymous_10)
FNDA:0,(anonymous_12)
DA:23,1
DA:25,1
DA:30,2
DA:34,0
DA:38,0
DA:42,0
LF:6
LH:3
BRF:0
BRH:0
end_of_record
TN:
SF:src/whisker/search/stoppingconditions/OneOfStoppingCondition.ts
FN:30,(anonymous_7)
FN:35,(anonymous_8)
FN:47,(anonymous_9)
FN:48,(anonymous_11)
FN:53,(anonymous_12)
FN:62,(anonymous_14)
FN:64,(anonymous_15)
FN:64,(anonymous_16)
FN:68,(anonymous_17)
FN:72,(anonymous_18)
FNF:10
FNH:0
FNDA:0,(anonymous_7)
FNDA:0,(anonymous_8)
FNDA:0,(anonymous_9)
FNDA:0,(anonymous_11)
FNDA:0,(anonymous_12)
FNDA:0,(anonymous_14)
FNDA:0,(anonymous_15)
FNDA:0,(anonymous_16)
FNDA:0,(anonymous_17)
FNDA:0,(anonymous_18)
DA:24,1
DA:26,1
DA:28,0
DA:32,0
DA:36,0
DA:37,0
DA:38,0
DA:39,0
DA:41,0
DA:44,0
DA:48,0
DA:49,0
DA:50,0
DA:62,0
DA:63,0
DA:64,0
DA:65,0
DA:69,0
DA:73,0
LF:19
LH:2
BRDA:38,0,0,0
BRDA:38,0,1,0
BRF:2
BRH:0
end_of_record
TN:
SF:src/whisker/search/stoppingconditions/OptimalSolutionStoppingCondition.ts
FN:27,(anonymous_7)
FN:50,(anonymous_9)
FNF:2
FNH:0
FNDA:0,(anonymous_7)
FNDA:0,(anonymous_9)
DA:25,1
DA:28,0
DA:29,0
DA:32,0
DA:33,0
DA:34,0
DA:35,0
DA:36,0
DA:37,0
DA:38,0
DA:42,0
DA:43,0
DA:47,0
DA:51,0
DA:52,0
DA:53,0
DA:54,0
DA:55,0
DA:56,0
DA:57,0
DA:58,0
DA:62,0
LF:22
LH:1
BRDA:36,0,0,0
BRDA:42,1,0,0
BRDA:56,2,0,0
BRF:3
BRH:0
end_of_record
TN:
SF:src/whisker/testcase/events/KeyPressEvent.ts
FN:32,(anonymous_7)
FN:38,(anonymous_8)
FN:47,(anonymous_10)
FN:56,(anonymous_11)
FN:63,(anonymous_12)
FN:67,(anonymous_13)
FN:71,(anonymous_14)
FN:75,(anonymous_15)
FN:79,(anonymous_16)
FN:101,(anonymous_17)
FNF:10
FNH:1
FNDA:2,(anonymous_7)
FNDA:0,(anonymous_8)
FNDA:0,(anonymous_10)
FNDA:0,(anonymous_11)
FNDA:0,(anonymous_12)
FNDA:0,(anonymous_13)
FNDA:0,(anonymous_14)
FNDA:0,(anonymous_15)
FNDA:0,(anonymous_16)
FNDA:0,(anonymous_17)
DA:21,1
DA:22,1
DA:23,1
DA:25,1
DA:27,1
DA:33,2
DA:34,2
DA:35,2
DA:40,0
DA:42,0
DA:43,0
DA:48,0
DA:49,0
DA:50,0
DA:52,0
DA:57,0
DA:58,0
DA:59,0
DA:60,0
DA:64,0
DA:68,0
DA:72,0
DA:76,0
DA:80,0
DA:82,0
DA:83,0
DA:85,0
DA:86,0
DA:88,0
DA:89,0
DA:91,0
DA:92,0
DA:95,0
DA:96,0
DA:98,0
DA:102,0
LF:36
LH:8
BRDA:32,0,0,0
BRDA:42,1,0,0
BRDA:49,2,0,0
BRDA:49,2,1,0
BRDA:80,3,0,0
BRDA:80,3,1,0
BRDA:80,3,2,0
BRDA:91,4,0,0
BRDA:95,5,0,0
BRF:9
BRH:0
end_of_record
TN:
SF:src/whisker/testcase/events/MouseMoveEvent.ts
FN:32,(anonymous_7)
FN:38,(anonymous_8)
FN:42,(anonymous_10)
FN:46,(anonymous_11)
FN:53,(anonymous_12)
FN:57,(anonymous_13)
FN:61,(anonymous_14)
FN:65,(anonymous_15)
FN:69,(anonymous_16)
FN:96,(anonymous_17)
FNF:10
FNH:1
FNDA:1,(anonymous_7)
FNDA:0,(anonymous_8)
FNDA:0,(anonymous_10)
FNDA:0,(anonymous_11)
FNDA:0,(anonymous_12)
FNDA:0,(anonymous_13)
FNDA:0,(anonymous_14)
FNDA:0,(anonymous_15)
FNDA:0,(anonymous_16)
FNDA:0,(anonymous_17)
DA:21,1
DA:22,1
DA:24,1
DA:27,1
DA:33,1
DA:34,1
DA:35,1
DA:39,0
DA:43,0
DA:47,0
DA:48,0
DA:49,0
DA:50,0
DA:54,0
DA:58,0
DA:62,0
DA:66,0
DA:70,0
DA:72,0
DA:73,0
DA:74,0
DA:75,0
DA:76,0
DA:77,0
DA:78,0
DA:81,0
DA:82,0
DA:83,0
DA:84,0
DA:88,0
DA:89,0
DA:90,0
DA:93,0
DA:97,0
LF:34
LH:7
BRDA:32,0,0,1
BRDA:32,1,0,1
BRDA:70,2,0,0
BRDA:70,2,1,0
BRDA:70,2,2,0
BRF:5
BRH:2
end_of_record
TN:
SF:src/whisker/testcase/events/MouseMoveToEvent.ts
FN:31,(anonymous_7)
FN:38,(anonymous_8)
FN:42,(anonymous_10)
FN:46,(anonymous_11)
FN:53,(anonymous_12)
FN:57,(anonymous_13)
FN:61,(anonymous_14)
FN:65,(anonymous_15)
FN:69,(anonymous_16)
FN:73,(anonymous_17)
FN:77,(anonymous_18)
FN:81,(anonymous_19)
FN:85,(anonymous_20)
FNF:13
FNH:0
FNDA:0,(anonymous_7)
FNDA:0,(anonymous_8)
FNDA:0,(anonymous_10)
FNDA:0,(anonymous_11)
FNDA:0,(anonymous_12)
FNDA:0,(anonymous_13)
FNDA:0,(anonymous_14)
FNDA:0,(anonymous_15)
FNDA:0,(anonymous_16)
FNDA:0,(anonymous_17)
FNDA:0,(anonymous_18)
FNDA:0,(anonymous_19)
FNDA:0,(anonymous_20)
DA:21,1
DA:22,1
DA:24,1
DA:32,0
DA:33,0
DA:34,0
DA:35,0
DA:39,0
DA:43,0
DA:47,0
DA:48,0
DA:49,0
DA:50,0
DA:54,0
DA:58,0
DA:62,0
DA:66,0
DA:70,0
DA:74,0
DA:78,0
DA:82,0
DA:86,0
LF:22
LH:3
BRF:0
BRH:0
end_of_record
TN:
SF:src/whisker/testcase/events/ScratchEvent.ts
FN:93,(anonymous_0)
FNF:1
FNH:0
FNDA:0,(anonymous_0)
DA:22,1
DA:35,1
DA:94,0
DA:95,0
DA:96,0
DA:97,0
DA:98,0
LF:7
LH:2
BRF:0
BRH:0
end_of_record
TN:
SF:src/whisker/testcase/events/WaitEvent.ts
FN:29,(anonymous_7)
FN:33,(anonymous_8)
FN:37,(anonymous_10)
FN:41,(anonymous_11)
FN:48,(anonymous_12)
FN:52,(anonymous_13)
FN:56,(anonymous_14)
FN:60,(anonymous_15)
FN:64,(anonymous_16)
FN:88,(anonymous_17)
FNF:10
FNH:1
FNDA:1,(anonymous_7)
FNDA:0,(anonymous_8)
FNDA:0,(anonymous_10)
FNDA:0,(anonymous_11)
FNDA:0,(anonymous_12)
FNDA:0,(anonymous_13)
FNDA:0,(anonymous_14)
FNDA:0,(anonymous_15)
FNDA:0,(anonymous_16)
FNDA:0,(anonymous_17)
DA:21,1
DA:22,1
DA:24,1
DA:27,1
DA:29,1
DA:30,1
DA:34,0
DA:38,0
DA:42,0
DA:43,0
DA:44,0
DA:45,0
DA:49,0
DA:53,0
DA:57,0
DA:61,0
DA:65,0
DA:67,0
DA:68,0
DA:70,0
DA:71,0
DA:73,0
DA:74,0
DA:80,0
DA:83,0
DA:85,0
DA:89,0
LF:27
LH:6
BRDA:29,0,0,1
BRDA:65,1,0,0
BRDA:65,1,1,0
BRDA:65,1,2,0
BRDA:80,2,0,0
BRDA:80,3,0,0
BRDA:80,3,1,0
BRDA:80,3,2,0
BRF:8
BRH:1
end_of_record
TN:
SF:src/whisker/testcase/fitness/StatementFitnessFunction.ts
FN:37,(anonymous_7)
FN:668,(anonymous_8)
FN:43,(anonymous_9)
FN:86,(anonymous_10)
FN:108,(anonymous_12)
FN:114,(anonymous_13)
FN:119,(anonymous_15)
FN:123,(anonymous_17)
FN:127,(anonymous_18)
FN:141,(anonymous_19)
FN:157,(anonymous_20)
FN:214,(anonymous_21)
FN:218,(anonymous_22)
FN:224,bfs
FN:260,bfsPredecessors
FN:308,(anonymous_25)
FN:318,(anonymous_26)
FN:325,(anonymous_27)
FN:412,(anonymous_28)
FN:440,(anonymous_29)
FN:459,(anonymous_30)
FN:462,(anonymous_31)
FN:472,(anonymous_32)
FN:478,(anonymous_33)
FN:519,(anonymous_34)
FN:520,(anonymous_35)
FN:521,(anonymous_36)
FN:533,(anonymous_37)
FN:536,(anonymous_38)
FN:559,(anonymous_39)
FN:574,(anonymous_40)
FN:587,(anonymous_41)
FN:590,(anonymous_42)
FN:599,(anonymous_43)
FN:600,(anonymous_44)
FN:616,(anonymous_45)
FN:623,(anonymous_46)
FN:632,(anonymous_47)
FN:648,(anonymous_48)
FN:665,(anonymous_49)
FN:672,(anonymous_50)
FNF:41
FNH:0
FNDA:0,(anonymous_7)
FNDA:0,(anonymous_8)
FNDA:0,(anonymous_9)
FNDA:0,(anonymous_10)
FNDA:0,(anonymous_12)
FNDA:0,(anonymous_13)
FNDA:0,(anonymous_15)
FNDA:0,(anonymous_17)
FNDA:0,(anonymous_18)
FNDA:0,(anonymous_19)
FNDA:0,(anonymous_20)
FNDA:0,(anonymous_21)
FNDA:0,(anonymous_22)
FNDA:0,bfs
FNDA:0,bfsPredecessors
FNDA:0,(anonymous_25)
FNDA:0,(anonymous_26)
FNDA:0,(anonymous_27)
FNDA:0,(anonymous_28)
FNDA:0,(anonymous_29)
FNDA:0,(anonymous_30)
FNDA:0,(anonymous_31)
FNDA:0,(anonymous_32)
FNDA:0,(anonymous_33)
FNDA:0,(anonymous_34)
FNDA:0,(anonymous_35)
FNDA:0,(anonymous_36)
FNDA:0,(anonymous_37)
FNDA:0,(anonymous_38)
FNDA:0,(anonymous_39)
FNDA:0,(anonymous_40)
FNDA:0,(anonymous_41)
FNDA:0,(anonymous_42)
FNDA:0,(anonymous_43)
FNDA:0,(anonymous_44)
FNDA:0,(anonymous_45)
FNDA:0,(anonymous_46)
FNDA:0,(anonymous_47)
FNDA:0,(anonymous_48)
FNDA:0,(anonymous_49)
FNDA:0,(anonymous_50)
DA:23,1
DA:24,1
DA:26,1
DA:28,1
DA:30,1
DA:38,0
DA:39,0
DA:40,0
DA:44,0
DA:45,0
DA:46,0
DA:48,0
DA:49,0
DA:50,0
DA:51,0
DA:52,0
DA:54,0
DA:55,0
DA:58,0
DA:59,0
DA:60,0
DA:61,0
DA:63,0
DA:64,0
DA:65,0
DA:66,0
DA:67,0
DA:71,0
DA:72,0
DA:73,0
DA:76,0
DA:79,0
DA:83,0
DA:87,0
DA:88,0
DA:90,0
DA:93,0
DA:96,0
DA:97,0
DA:100,0
DA:101,0
DA:103,0
DA:105,0
DA:111,0
DA:116,0
DA:120,0
DA:124,0
DA:128,0
DA:129,0
DA:131,0
DA:132,0
DA:133,0
DA:134,0
DA:138,0
DA:142,0
DA:143,0
DA:144,0
DA:147,0
DA:148,0
DA:149,0
DA:150,0
DA:151,0
DA:154,0
DA:158,0
DA:159,0
DA:160,0
DA:161,0
DA:163,0
DA:165,0
DA:166,0
DA:167,0
DA:169,0
DA:172,0
DA:173,0
DA:175,0
DA:176,0
DA:177,0
DA:178,0
DA:180,0
DA:186,0
DA:187,0
DA:189,0
DA:192,0
DA:194,0
DA:195,0
DA:197,0
DA:201,0
DA:202,0
DA:204,0
DA:205,0
DA:211,0
DA:215,0
DA:225,0
DA:226,0
DA:228,0
DA:229,0
DA:230,0
DA:231,0
DA:232,0
DA:233,0
DA:234,0
DA:235,0
DA:237,0
DA:238,0
DA:239,0
DA:240,0
DA:251,0
DA:261,0
DA:262,0
DA:264,0
DA:265,0
DA:266,0
DA:267,0
DA:268,0
DA:269,0
DA:270,0
DA:271,0
DA:275,0
DA:277,0
DA:278,0
DA:282,0
DA:283,0
DA:288,0
DA:290,0
DA:294,0
DA:295,0
DA:296,0
DA:299,0
DA:302,0
DA:304,0
DA:309,0
DA:319,0
DA:327,0
DA:329,0
DA:330,0
DA:333,0
DA:334,0
DA:337,0
DA:338,0
DA:339,0
DA:340,0
DA:341,0
DA:344,0
DA:347,0
DA:348,0
DA:349,0
DA:350,0
DA:351,0
DA:354,0
DA:357,0
DA:359,0
DA:360,0
DA:361,0
DA:362,0
DA:364,0
DA:365,0
DA:367,0
DA:370,0
DA:371,0
DA:374,0
DA:376,0
DA:377,0
DA:378,0
DA:379,0
DA:381,0
DA:382,0
DA:383,0
DA:385,0
DA:386,0
DA:387,0
DA:388,0
DA:392,0
DA:394,0
DA:405,0
DA:406,0
DA:409,0
DA:413,0
DA:414,0
DA:415,0
DA:416,0
DA:417,0
DA:418,0
DA:420,0
DA:425,0
DA:441,0
DA:442,0
DA:445,0
DA:446,0
DA:447,0
DA:448,0
DA:453,0
DA:455,0
DA:459,0
DA:462,0
DA:463,0
DA:464,0
DA:466,0
DA:467,0
DA:468,0
DA:470,0
DA:472,0
DA:475,0
DA:478,0
DA:481,0
DA:482,0
DA:490,0
DA:492,0
DA:495,0
DA:499,0
DA:501,0
DA:502,0
DA:504,0
DA:506,0
DA:507,0
DA:508,0
DA:509,0
DA:510,0
DA:512,0
DA:514,0
DA:518,0
DA:519,0
DA:520,0
DA:521,0
DA:522,0
DA:524,0
DA:534,0
DA:535,0
DA:536,0
DA:537,0
DA:538,0
DA:539,0
DA:540,0
DA:541,0
DA:543,0
DA:544,0
DA:545,0
DA:546,0
DA:550,0
DA:560,0
DA:561,0
DA:562,0
DA:565,0
DA:575,0
DA:576,0
DA:578,0
DA:588,0
DA:589,0
DA:590,0
DA:594,0
DA:595,0
DA:599,0
DA:600,0
DA:601,0
DA:603,0
DA:604,0
DA:606,0
DA:610,0
DA:611,0
DA:615,0
DA:616,0
DA:617,0
DA:618,0
DA:623,0
DA:633,0
DA:634,0
DA:636,0
DA:649,0
DA:650,0
DA:651,0
DA:652,0
DA:653,0
DA:655,0
DA:657,0
DA:659,0
DA:660,0
DA:662,0
DA:665,0
DA:668,0
DA:669,0
DA:673,0
LF:280
LH:5
BRDA:54,0,0,0
BRDA:63,1,0,0
BRDA:63,2,0,0
BRDA:63,2,1,0
BRDA:71,3,0,0
BRDA:71,3,1,0
BRDA:72,4,0,0
BRDA:87,5,0,0
BRDA:90,6,0,0
BRDA:100,7,0,0
BRDA:100,7,1,0
BRDA:100,8,0,0
BRDA:100,8,1,0
BRDA:133,9,0,0
BRDA:143,10,0,0
BRDA:147,11,0,0
BRDA:150,12,0,0
BRDA:150,13,0,0
BRDA:150,13,1,0
BRDA:163,14,0,0
BRDA:163,14,1,0
BRDA:172,15,0,0
BRDA:173,16,0,0
BRDA:173,16,1,0
BRDA:176,17,0,0
BRDA:186,18,0,0
BRDA:186,18,1,0
BRDA:192,19,0,0
BRDA:192,20,0,0
BRDA:192,20,1,0
BRDA:192,20,2,0
BRDA:197,21,0,0
BRDA:197,22,0,0
BRDA:197,22,1,0
BRDA:202,23,0,0
BRDA:202,24,0,0
BRDA:202,24,1,0
BRDA:202,24,2,0
BRDA:234,25,0,0
BRDA:239,26,0,0
BRDA:270,27,0,0
BRDA:271,28,0,0
BRDA:271,29,0,0
BRDA:271,29,1,0
BRDA:282,30,0,0
BRDA:294,31,0,0
BRDA:294,31,1,0
BRDA:296,32,0,0
BRDA:319,33,0,0
BRDA:319,33,1,0
BRDA:319,33,2,0
BRDA:319,33,3,0
BRDA:327,34,0,0
BRDA:327,34,1,0
BRDA:327,34,2,0
BRDA:327,34,3,0
BRDA:327,34,4,0
BRDA:327,34,5,0
BRDA:327,34,6,0
BRDA:327,34,7,0
BRDA:327,34,8,0
BRDA:327,34,9,0
BRDA:327,34,10,0
BRDA:327,34,11,0
BRDA:327,34,12,0
BRDA:327,34,13,0
BRDA:338,35,0,0
BRDA:340,36,0,0
BRDA:348,37,0,0
BRDA:350,38,0,0
BRDA:359,39,0,0
BRDA:359,39,1,0
BRDA:361,40,0,0
BRDA:364,41,0,0
BRDA:364,42,0,0
BRDA:364,42,1,0
BRDA:376,43,0,0
BRDA:376,43,1,0
BRDA:378,44,0,0
BRDA:381,45,0,0
BRDA:385,46,0,0
BRDA:385,46,1,0
BRDA:387,47,0,0
BRDA:415,48,0,0
BRDA:415,48,1,0
BRDA:415,48,2,0
BRDA:417,49,0,0
BRDA:445,50,0,0
BRDA:447,51,0,0
BRDA:453,52,0,0
BRDA:453,52,1,0
BRDA:459,53,0,0
BRDA:459,53,1,0
BRDA:463,54,0,0
BRDA:467,55,0,0
BRDA:472,56,0,0
BRDA:472,56,1,0
BRDA:481,57,0,0
BRDA:490,58,0,0
BRDA:490,59,0,0
BRDA:490,59,1,0
BRDA:490,59,2,0
BRDA:490,59,3,0
BRDA:499,60,0,0
BRDA:499,61,0,0
BRDA:499,61,1,0
BRDA:508,62,0,0
BRDA:540,63,0,0
BRDA:545,64,0,0
BRDA:545,65,0,0
BRDA:545,65,1,0
BRDA:561,66,0,0
BRDA:575,67,0,0
BRDA:575,67,1,0
BRDA:594,68,0,0
BRDA:599,69,0,0
BRDA:599,69,1,0
BRDA:600,70,0,0
BRDA:600,70,1,0
BRDA:610,71,0,0
BRDA:610,71,1,0
BRDA:610,72,0,0
BRDA:610,72,1,0
BRDA:615,73,0,0
BRDA:617,74,0,0
BRDA:617,75,0,0
BRDA:617,75,1,0
BRDA:623,76,0,0
BRDA:623,76,1,0
BRDA:633,77,0,0
BRDA:633,77,1,0
BRDA:652,78,0,0
BRDA:657,79,0,0
BRDA:657,79,1,0
BRDA:659,80,0,0
BRF:135
BRH:0
end_of_record
TN:
SF:src/whisker/testcase/fitness/StatementFitnessFunctionFactory.ts
FN:8,(anonymous_0)
FNF:1
FNH:1
FNDA:1,(anonymous_0)
DA:2,1
DA:3,1
DA:4,1
DA:6,1
DA:9,1
DA:11,1
DA:12,0
DA:13,0
DA:14,0
DA:16,0
DA:17,0
DA:20,0
DA:21,0
DA:24,0
DA:26,0
DA:30,0
DA:31,0
DA:33,0
DA:37,0
DA:38,0
DA:42,1
LF:21
LH:7
BRDA:11,0,0,0
BRDA:11,1,0,1
BRDA:11,1,1,0
BRDA:16,2,0,0
BRDA:16,3,0,0
BRDA:16,3,1,0
BRDA:16,3,2,0
BRDA:20,4,0,0
BRDA:24,5,0,0
BRDA:24,6,0,0
BRDA:24,6,1,0
BRDA:30,7,0,0
BRDA:30,8,0,0
BRDA:30,8,1,0
BRDA:31,9,0,0
BRF:15
BRH:1
end_of_record
TN:
SF:src/whisker/utils/Arrays.ts
FN:19,(anonymous_1)
FN:36,(anonymous_2)
FN:38,(anonymous_3)
FN:38,(anonymous_4)
FN:54,(anonymous_5)
FN:56,(anonymous_6)
FN:56,(anonymous_7)
FN:66,(anonymous_8)
FN:67,(anonymous_9)
FN:67,(anonymous_10)
FN:77,(anonymous_11)
FN:89,(anonymous_12)
FN:99,(anonymous_13)
FN:110,(anonymous_14)
FN:111,(anonymous_15)
FN:122,(anonymous_16)
FN:123,(anonymous_17)
FN:138,(anonymous_18)
FN:152,(anonymous_19)
FN:163,(anonymous_20)
FN:171,(anonymous_21)
FN:178,(anonymous_22)
FN:199,(anonymous_23)
FN:210,(anonymous_24)
FN:211,(anonymous_25)
FN:221,(anonymous_26)
FN:222,(anonymous_27)
FN:232,(anonymous_28)
FN:234,(anonymous_29)
FN:243,(anonymous_30)
FN:248,(anonymous_31)
FN:257,(anonymous_32)
FN:258,(anonymous_33)
FN:266,(anonymous_34)
FNF:34
FNH:1
FNDA:0,(anonymous_1)
FNDA:0,(anonymous_2)
FNDA:0,(anonymous_3)
FNDA:0,(anonymous_4)
FNDA:0,(anonymous_5)
FNDA:0,(anonymous_6)
FNDA:0,(anonymous_7)
FNDA:0,(anonymous_8)
FNDA:0,(anonymous_9)
FNDA:0,(anonymous_10)
FNDA:21048,(anonymous_11)
FNDA:0,(anonymous_12)
FNDA:0,(anonymous_13)
FNDA:0,(anonymous_14)
FNDA:0,(anonymous_15)
FNDA:0,(anonymous_16)
FNDA:0,(anonymous_17)
FNDA:0,(anonymous_18)
FNDA:0,(anonymous_19)
FNDA:0,(anonymous_20)
FNDA:0,(anonymous_21)
FNDA:0,(anonymous_22)
FNDA:0,(anonymous_23)
FNDA:0,(anonymous_24)
FNDA:0,(anonymous_25)
FNDA:0,(anonymous_26)
FNDA:0,(anonymous_27)
FNDA:0,(anonymous_28)
FNDA:0,(anonymous_29)
FNDA:0,(anonymous_30)
FNDA:0,(anonymous_31)
FNDA:0,(anonymous_32)
FNDA:0,(anonymous_33)
FNDA:0,(anonymous_34)
DA:1,1
DA:2,1
DA:9,1
DA:20,0
DA:37,0
DA:38,0
DA:55,0
DA:56,0
DA:67,0
DA:78,21048
DA:79,21048
DA:80,21048
DA:90,0
DA:100,0
DA:111,0
DA:123,0
DA:124,0
DA:125,0
DA:126,0
DA:127,0
DA:139,0
DA:140,0
DA:142,0
DA:143,0
DA:153,0
DA:164,0
DA:172,0
DA:179,0
DA:182,0
DA:183,0
DA:184,0
DA:185,0
DA:186,0
DA:187,0
DA:200,0
DA:201,0
DA:203,0
DA:204,0
DA:205,0
DA:207,0
DA:211,0
DA:222,0
DA:233,0
DA:234,0
DA:245,0
DA:246,0
DA:248,0
DA:258,0
DA:267,0
DA:271,1
LF:50
LH:7
BRDA:37,0,0,0
BRDA:37,0,1,0
BRDA:55,1,0,0
BRDA:55,1,1,0
BRDA:79,2,0,21048
BRDA:124,3,0,0
BRDA:139,4,0,0
BRDA:139,5,0,0
BRDA:139,5,1,0
BRDA:200,6,0,0
BRDA:221,7,0,0
BRDA:245,8,0,0
BRF:12
BRH:1
end_of_record
TN:
SF:src/whisker/utils/Container.ts
FNF:0
FNH:0
DA:11,1
LF:1
LH:1
BRF:0
BRH:0
end_of_record
TN:
SF:src/whisker/utils/Preconditions.ts
FN:28,(anonymous_0)
FN:38,(anonymous_1)
FN:55,(anonymous_2)
FNF:3
FNH:1
FNDA:10,(anonymous_0)
FNDA:0,(anonymous_1)
FNDA:0,(anonymous_2)
DA:21,1
DA:26,1
DA:29,10
DA:30,0
DA:31,0
DA:33,0
DA:39,0
DA:41,0
DA:44,0
DA:45,0
DA:46,0
DA:48,0
DA:52,0
DA:56,0
DA:57,0
DA:58,0
DA:60,0
LF:17
LH:3
BRDA:29,0,0,0
BRDA:30,1,0,0
BRDA:30,1,1,0
BRDA:39,2,0,0
BRDA:39,3,0,0
BRDA:39,3,1,0
BRDA:44,4,0,0
BRDA:45,5,0,0
BRDA:45,5,1,0
BRDA:56,6,0,0
BRDA:57,7,0,0
BRDA:57,7,1,0
BRF:12
BRH:0
end_of_record
TN:
SF:src/whisker/utils/Randomness.ts
FN:56,(anonymous_1)
FN:67,(anonymous_2)
FN:79,(anonymous_3)
FN:91,(anonymous_4)
FN:103,(anonymous_5)
FN:116,(anonymous_6)
FN:125,(anonymous_7)
FN:125,(anonymous_8)
FN:137,(anonymous_9)
FN:147,(anonymous_10)
FN:162,(anonymous_11)
FN:169,(anonymous_12)
FN:178,(anonymous_13)
FN:185,(anonymous_14)
FN:194,(anonymous_15)
FN:203,(anonymous_16)
FN:219,(anonymous_17)
FN:227,(anonymous_18)
FN:237,(anonymous_19)
FNF:19
FNH:9
FNDA:1,(anonymous_1)
FNDA:80479,(anonymous_2)
FNDA:0,(anonymous_3)
FNDA:0,(anonymous_4)
FNDA:0,(anonymous_5)
FNDA:0,(anonymous_6)
FNDA:0,(anonymous_7)
FNDA:0,(anonymous_8)
FNDA:0,(anonymous_9)
FNDA:755107,(anonymous_10)
FNDA:430894,(anonymous_11)
FNDA:281082,(anonymous_12)
FNDA:3400,(anonymous_13)
FNDA:39731,(anonymous_14)
FNDA:430894,(anonymous_15)
FNDA:26701,(anonymous_16)
FNDA:0,(anonymous_17)
FNDA:0,(anonymous_18)
FNDA:0,(anonymous_19)
DA:22,1
DA:30,1
DA:51,1
DA:57,1
DA:58,0
DA:60,1
DA:68,80479
DA:69,1
DA:72,80479
DA:80,0
DA:82,0
DA:83,0
DA:92,0
DA:93,0
DA:94,0
DA:95,0
DA:104,0
DA:105,0
DA:106,0
DA:108,0
DA:118,0
DA:119,0
DA:120,0
DA:122,0
DA:124,0
DA:125,0
DA:127,0
DA:129,0
DA:138,0
DA:148,755107
DA:149,755107
DA:151,755107
DA:152,755107
DA:154,755107
DA:163,430894
DA:170,281082
DA:179,3400
DA:186,39731
DA:195,430894
DA:205,26701
DA:206,33953
DA:207,33953
DA:208,33953
DA:210,26701
DA:211,26701
DA:220,0
DA:228,0
DA:231,0
DA:233,0
DA:238,0
LF:50
LH:24
BRDA:57,0,0,0
BRDA:57,0,1,1
BRDA:68,1,0,1
BRDA:82,2,0,0
BRDA:103,3,0,0
BRDA:105,4,0,0
BRDA:118,5,0,0
BRDA:118,5,1,0
BRDA:120,6,0,0
BRDA:120,6,1,0
BRDA:124,7,0,0
BRDA:148,8,0,755107
BRDA:148,8,1,0
BRDA:149,9,0,755107
BRDA:149,9,1,751707
BRDA:209,10,0,33953
BRDA:209,10,1,26701
BRDA:228,11,0,0
BRDA:228,11,1,0
BRF:19
BRH:7
end_of_record
TN:
SF:src/whisker/utils/StatisticsCollector.ts
FN:73,(anonymous_0)
FN:102,(anonymous_1)
FN:110,(anonymous_2)
FN:114,(anonymous_3)
FN:118,(anonymous_4)
FN:122,(anonymous_5)
FN:126,(anonymous_6)
FN:130,(anonymous_7)
FN:134,(anonymous_8)
FN:138,(anonymous_9)
FN:145,(anonymous_10)
FN:149,(anonymous_11)
FN:153,(anonymous_12)
FN:157,(anonymous_13)
FN:161,(anonymous_14)
FN:168,(anonymous_15)
FN:177,(anonymous_16)
FN:183,(anonymous_17)
FN:189,(anonymous_18)
FN:195,(anonymous_19)
FN:201,(anonymous_20)
FN:205,(anonymous_21)
FN:209,(anonymous_22)
FN:213,(anonymous_23)
FN:217,(anonymous_24)
FN:221,(anonymous_25)
FN:225,(anonymous_26)
FN:229,(anonymous_27)
FN:233,(anonymous_28)
FN:237,(anonymous_29)
FN:244,(anonymous_30)
FN:248,(anonymous_31)
FN:252,(anonymous_32)
FN:256,(anonymous_33)
FN:260,(anonymous_34)
FN:264,(anonymous_35)
FN:268,(anonymous_36)
FN:272,(anonymous_37)
FN:276,(anonymous_38)
FN:280,(anonymous_39)
FN:284,(anonymous_40)
FN:288,(anonymous_41)
FN:292,(anonymous_42)
FN:296,(anonymous_43)
FN:300,(anonymous_44)
FN:304,(anonymous_45)
FN:308,(anonymous_46)
FN:312,(anonymous_47)
FN:316,(anonymous_48)
FN:320,(anonymous_49)
FN:324,(anonymous_50)
FN:328,(anonymous_51)
FN:332,(anonymous_52)
FN:343,(anonymous_53)
FN:346,(anonymous_54)
FN:347,(anonymous_55)
FN:364,(anonymous_56)
FN:365,(anonymous_57)
FN:388,(anonymous_58)
FN:391,(anonymous_59)
FN:392,(anonymous_60)
FN:408,(anonymous_61)
FN:409,(anonymous_62)
FN:436,(anonymous_63)
FN:451,(anonymous_64)
FN:479,(anonymous_65)
FN:503,(anonymous_66)
FNF:67
FNH:3
FNDA:1,(anonymous_0)
FNDA:1,(anonymous_1)
FNDA:0,(anonymous_2)
FNDA:0,(anonymous_3)
FNDA:0,(anonymous_4)
FNDA:0,(anonymous_5)
FNDA:0,(anonymous_6)
FNDA:1,(anonymous_7)
FNDA:0,(anonymous_8)
FNDA:0,(anonymous_9)
FNDA:0,(anonymous_10)
FNDA:0,(anonymous_11)
FNDA:0,(anonymous_12)
FNDA:0,(anonymous_13)
FNDA:0,(anonymous_14)
FNDA:0,(anonymous_15)
FNDA:0,(anonymous_16)
FNDA:0,(anonymous_17)
FNDA:0,(anonymous_18)
FNDA:0,(anonymous_19)
FNDA:0,(anonymous_20)
FNDA:0,(anonymous_21)
FNDA:0,(anonymous_22)
FNDA:0,(anonymous_23)
FNDA:0,(anonymous_24)
FNDA:0,(anonymous_25)
FNDA:0,(anonymous_26)
FNDA:0,(anonymous_27)
FNDA:0,(anonymous_28)
FNDA:0,(anonymous_29)
FNDA:0,(anonymous_30)
FNDA:0,(anonymous_31)
FNDA:0,(anonymous_32)
FNDA:0,(anonymous_33)
FNDA:0,(anonymous_34)
FNDA:0,(anonymous_35)
FNDA:0,(anonymous_36)
FNDA:0,(anonymous_37)
FNDA:0,(anonymous_38)
FNDA:0,(anonymous_39)
FNDA:0,(anonymous_40)
FNDA:0,(anonymous_41)
FNDA:0,(anonymous_42)
FNDA:0,(anonymous_43)
FNDA:0,(anonymous_44)
FNDA:0,(anonymous_45)
FNDA:0,(anonymous_46)
FNDA:0,(anonymous_47)
FNDA:0,(anonymous_48)
FNDA:0,(anonymous_49)
FNDA:0,(anonymous_50)
FNDA:0,(anonymous_51)
FNDA:0,(anonymous_52)
FNDA:0,(anonymous_53)
FNDA:0,(anonymous_54)
FNDA:0,(anonymous_55)
FNDA:0,(anonymous_56)
FNDA:0,(anonymous_57)
FNDA:0,(anonymous_58)
FNDA:0,(anonymous_59)
FNDA:0,(anonymous_60)
FNDA:0,(anonymous_61)
FNDA:0,(anonymous_62)
FNDA:0,(anonymous_63)
FNDA:0,(anonymous_64)
FNDA:0,(anonymous_65)
FNDA:0,(anonymous_66)
DA:28,1
DA:66,1
DA:67,1
DA:74,1
DA:75,1
DA:76,1
DA:77,1
DA:78,1
DA:79,1
DA:80,1
DA:81,1
DA:82,1
DA:83,1
DA:84,1
DA:85,1
DA:86,1
DA:87,1
DA:88,1
DA:89,1
DA:90,1
DA:91,1
DA:92,1
DA:93,1
DA:94,1
DA:95,1
DA:96,1
DA:97,1
DA:98,1
DA:99,1
DA:103,1
DA:104,1
DA:107,1
DA:111,0
DA:115,0
DA:119,0
DA:123,0
DA:127,0
DA:131,1
DA:135,0
DA:139,0
DA:146,0
DA:150,0
DA:154,0
DA:158,0
DA:162,0
DA:169,0
DA:170,0
DA:171,0
DA:172,0
DA:173,0
DA:178,0
DA:179,0
DA:184,0
DA:185,0
DA:190,0
DA:191,0
DA:196,0
DA:197,0
DA:202,0
DA:206,0
DA:210,0
DA:214,0
DA:218,0
DA:222,0
DA:226,0
DA:230,0
DA:234,0
DA:238,0
DA:245,0
DA:249,0
DA:253,0
DA:257,0
DA:261,0
DA:265,0
DA:269,0
DA:273,0
DA:277,0
DA:281,0
DA:285,0
DA:289,0
DA:293,0
DA:297,0
DA:301,0
DA:305,0
DA:309,0
DA:313,0
DA:317,0
DA:321,0
DA:325,0
DA:329,0
DA:333,0
DA:345,0
DA:346,0
DA:347,0
DA:349,0
DA:350,0
DA:353,0
DA:358,0
DA:359,0
DA:360,0
DA:362,0
DA:364,0
DA:365,0
DA:366,0
DA:368,0
DA:369,0
DA:372,0
DA:373,0
DA:375,0
DA:379,0
DA:380,0
DA:384,0
DA:385,0
DA:390,0
DA:391,0
DA:392,0
DA:394,0
DA:395,0
DA:398,0
DA:403,0
DA:404,0
DA:405,0
DA:407,0
DA:408,0
DA:409,0
DA:410,0
DA:413,0
DA:414,0
DA:415,0
DA:418,0
DA:419,0
DA:422,0
DA:425,0
DA:431,0
DA:432,0
DA:433,0
DA:437,0
DA:440,0
DA:441,0
DA:445,0
DA:446,0
DA:448,0
DA:452,0
DA:453,0
DA:454,0
DA:455,0
DA:456,0
DA:457,0
DA:458,0
DA:462,0
DA:468,0
DA:469,0
DA:470,0
DA:472,0
DA:476,0
DA:480,0
DA:481,0
DA:482,0
DA:483,0
DA:484,0
DA:485,0
DA:486,0
DA:490,0
DA:491,0
DA:492,0
DA:493,0
DA:495,0
DA:500,0
DA:504,0
DA:505,0
DA:506,0
DA:507,0
DA:508,0
DA:509,0
DA:510,0
DA:511,0
DA:512,0
LF:177
LH:33
BRDA:103,0,0,1
BRDA:169,1,0,0
BRDA:178,2,0,0
BRDA:190,3,0,0
BRDA:196,4,0,0
BRDA:353,5,0,0
BRDA:353,5,1,0
BRDA:358,6,0,0
BRDA:398,7,0,0
BRDA:398,7,1,0
BRDA:403,8,0,0
BRDA:431,9,0,0
BRDA:431,9,1,0
BRDA:432,10,0,0
BRDA:432,10,1,0
BRDA:457,11,0,0
BRDA:469,12,0,0
BRDA:469,12,1,0
BRDA:485,13,0,0
BRDA:492,14,0,0
BRDA:492,14,1,0
BRF:21
BRH:1
end_of_record
TN:
SF:src/whisker/whiskerNet/Algorithms/NEAT.ts
FN:29,(anonymous_8)
FN:45,(anonymous_10)
FN:67,(anonymous_12)
FN:90,(anonymous_14)
FN:98,(anonymous_15)
FN:105,(anonymous_16)
FN:106,(anonymous_17)
FN:107,(anonymous_18)
FN:131,(anonymous_19)
FN:155,(anonymous_20)
FN:159,(anonymous_21)
FN:165,(anonymous_22)
FN:169,(anonymous_23)
FN:173,(anonymous_24)
FN:177,(anonymous_25)
FN:181,(anonymous_26)
FN:186,(anonymous_27)
FN:190,(anonymous_28)
FN:194,(anonymous_29)
FNF:19
FNH:3
FNDA:0,(anonymous_8)
FNDA:0,(anonymous_10)
FNDA:0,(anonymous_12)
FNDA:0,(anonymous_14)
FNDA:0,(anonymous_15)
FNDA:0,(anonymous_16)
FNDA:0,(anonymous_17)
FNDA:0,(anonymous_18)
FNDA:0,(anonymous_19)
FNDA:0,(anonymous_20)
FNDA:1,(anonymous_21)
FNDA:1,(anonymous_22)
FNDA:0,(anonymous_23)
FNDA:0,(anonymous_24)
FNDA:0,(anonymous_25)
FNDA:1,(anonymous_26)
FNDA:0,(anonymous_27)
FNDA:0,(anonymous_28)
FNDA:0,(anonymous_29)
DA:3,1
DA:5,1
DA:6,1
DA:8,1
DA:10,1
DA:13,1
DA:30,0
DA:32,0
DA:34,0
DA:35,0
DA:36,0
DA:46,0
DA:47,0
DA:48,0
DA:49,0
DA:51,0
DA:52,0
DA:53,0
DA:54,0
DA:55,0
DA:56,0
DA:57,0
DA:59,0
DA:68,0
DA:69,0
DA:70,0
DA:71,0
DA:72,0
DA:73,0
DA:78,0
DA:79,0
DA:81,0
DA:83,0
DA:91,0
DA:99,0
DA:100,0
DA:101,0
DA:102,0
DA:103,0
DA:105,0
DA:106,0
DA:107,0
DA:108,0
DA:109,0
DA:111,0
DA:117,0
DA:119,0
DA:120,0
DA:121,0
DA:123,0
DA:132,0
DA:133,0
DA:134,0
DA:135,0
DA:136,0
DA:137,0
DA:138,0
DA:140,0
DA:141,0
DA:142,0
DA:145,0
DA:146,0
DA:147,0
DA:148,0
DA:149,0
DA:150,0
DA:152,0
DA:156,0
DA:160,1
DA:161,1
DA:162,1
DA:166,1
DA:170,0
DA:174,0
DA:178,0
DA:182,1
DA:183,1
DA:187,0
DA:191,0
DA:195,0
LF:80
LH:12
BRDA:35,0,0,0
BRDA:71,1,0,0
BRDA:71,2,0,0
BRDA:71,2,1,0
BRDA:79,3,0,0
BRDA:79,4,0,0
BRDA:79,4,1,0
BRDA:119,5,0,0
BRDA:119,6,0,0
BRDA:119,6,1,0
BRDA:141,7,0,0
BRDA:147,8,0,0
BRF:12
BRH:0
end_of_record
TN:
SF:src/whisker/whiskerNet/Algorithms/Neatest.ts
FN:16,(anonymous_8)
FN:65,(anonymous_9)
FN:96,(anonymous_11)
FN:97,(anonymous_12)
FN:131,(anonymous_13)
FN:146,(anonymous_14)
FN:156,(anonymous_15)
FN:161,(anonymous_16)
FN:201,(anonymous_17)
FN:218,(anonymous_18)
FN:230,(anonymous_19)
FN:251,(anonymous_21)
FN:252,(anonymous_22)
FN:272,(anonymous_23)
FN:286,(anonymous_24)
FN:314,(anonymous_26)
FN:325,(anonymous_28)
FN:334,(anonymous_29)
FN:348,(anonymous_30)
FN:355,(anonymous_31)
FN:356,(anonymous_32)
FN:357,(anonymous_33)
FN:382,(anonymous_34)
FN:394,(anonymous_35)
FN:401,(anonymous_36)
FN:429,(anonymous_37)
FN:437,(anonymous_38)
FNF:27
FNH:0
FNDA:0,(anonymous_8)
FNDA:0,(anonymous_9)
FNDA:0,(anonymous_11)
FNDA:0,(anonymous_12)
FNDA:0,(anonymous_13)
FNDA:0,(anonymous_14)
FNDA:0,(anonymous_15)
FNDA:0,(anonymous_16)
FNDA:0,(anonymous_17)
FNDA:0,(anonymous_18)
FNDA:0,(anonymous_19)
FNDA:0,(anonymous_21)
FNDA:0,(anonymous_22)
FNDA:0,(anonymous_23)
FNDA:0,(anonymous_24)
FNDA:0,(anonymous_26)
FNDA:0,(anonymous_28)
FNDA:0,(anonymous_29)
FNDA:0,(anonymous_30)
FNDA:0,(anonymous_31)
FNDA:0,(anonymous_32)
FNDA:0,(anonymous_33)
FNDA:0,(anonymous_34)
FNDA:0,(anonymous_35)
FNDA:0,(anonymous_36)
FNDA:0,(anonymous_37)
FNDA:0,(anonymous_38)
DA:1,1
DA:3,1
DA:6,1
DA:7,1
DA:8,1
DA:9,1
DA:10,1
DA:11,1
DA:12,1
DA:14,1
DA:16,1
DA:43,0
DA:48,0
DA:53,0
DA:59,0
DA:66,0
DA:67,0
DA:68,0
DA:69,0
DA:70,0
DA:71,0
DA:72,0
DA:73,0
DA:74,0
DA:75,0
DA:76,0
DA:77,0
DA:80,0
DA:81,0
DA:82,0
DA:86,0
DA:87,0
DA:88,0
DA:92,0
DA:96,0
DA:97,0
DA:98,0
DA:100,0
DA:101,0
DA:102,0
DA:103,0
DA:106,0
DA:107,0
DA:110,0
DA:111,0
DA:112,0
DA:113,0
DA:116,0
DA:117,0
DA:118,0
DA:121,0
DA:122,0
DA:125,0
DA:132,0
DA:133,0
DA:134,0
DA:135,0
DA:136,0
DA:138,0
DA:147,0
DA:148,0
DA:151,0
DA:155,0
DA:156,0
DA:160,0
DA:161,0
DA:162,0
DA:163,0
DA:164,0
DA:165,0
DA:166,0
DA:170,0
DA:172,0
DA:175,0
DA:176,0
DA:177,0
DA:178,0
DA:179,0
DA:180,0
DA:183,0
DA:184,0
DA:189,0
DA:190,0
DA:192,0
DA:193,0
DA:194,0
DA:202,0
DA:205,0
DA:206,0
DA:207,0
DA:210,0
DA:219,0
DA:220,0
DA:221,0
DA:224,0
DA:231,0
DA:232,0
DA:234,0
DA:239,0
DA:241,0
DA:245,0
DA:246,0
DA:250,0
DA:251,0
DA:252,0
DA:253,0
DA:254,0
DA:255,0
DA:256,0
DA:262,0
DA:263,0
DA:273,0
DA:274,0
DA:275,0
DA:277,0
DA:287,0
DA:288,0
DA:291,0
DA:292,0
DA:293,0
DA:294,0
DA:295,0
DA:296,0
DA:297,0
DA:300,0
DA:301,0
DA:305,0
DA:315,0
DA:316,0
DA:317,0
DA:318,0
DA:326,0
DA:327,0
DA:328,0
DA:329,0
DA:330,0
DA:331,0
DA:332,0
DA:334,0
DA:335,0
DA:336,0
DA:337,0
DA:338,0
DA:340,0
DA:341,0
DA:342,0
DA:349,0
DA:350,0
DA:351,0
DA:352,0
DA:353,0
DA:355,0
DA:356,0
DA:357,0
DA:358,0
DA:359,0
DA:362,0
DA:368,0
DA:370,0
DA:371,0
DA:372,0
DA:374,0
DA:383,0
DA:384,0
DA:385,0
DA:386,0
DA:395,0
DA:397,0
DA:399,0
DA:400,0
DA:401,0
DA:402,0
DA:403,0
DA:405,0
DA:406,0
DA:409,0
DA:410,0
DA:411,0
DA:412,0
DA:413,0
DA:414,0
DA:418,0
DA:422,0
DA:430,0
DA:438,0
DA:439,0
DA:440,0
DA:441,0
DA:442,0
DA:443,0
DA:447,0
LF:191
LH:11
BRDA:68,0,0,0
BRDA:68,0,1,0
BRDA:80,1,0,0
BRDA:86,2,0,0
BRDA:98,3,0,0
BRDA:98,4,0,0
BRDA:98,4,1,0
BRDA:112,5,0,0
BRDA:160,6,0,0
BRDA:163,7,0,0
BRDA:163,7,1,0
BRDA:170,8,0,0
BRDA:170,9,0,0
BRDA:170,9,1,0
BRDA:176,10,0,0
BRDA:176,10,1,0
BRDA:179,11,0,0
BRDA:179,12,0,0
BRDA:179,12,1,0
BRDA:183,13,0,0
BRDA:189,14,0,0
BRDA:206,15,0,0
BRDA:220,16,0,0
BRDA:239,17,0,0
BRDA:239,18,0,0
BRDA:239,18,1,0
BRDA:250,19,0,0
BRDA:254,20,0,0
BRDA:254,21,0,0
BRDA:254,21,1,0
BRDA:262,22,0,0
BRDA:262,23,0,0
BRDA:262,23,1,0
BRDA:275,24,0,0
BRDA:275,25,0,0
BRDA:275,25,1,0
BRDA:291,26,0,0
BRDA:296,27,0,0
BRDA:300,28,0,0
BRDA:318,29,0,0
BRDA:318,29,1,0
BRDA:318,29,2,0
BRDA:318,29,3,0
BRDA:318,29,4,0
BRDA:370,30,0,0
BRDA:370,31,0,0
BRDA:370,31,1,0
BRDA:395,32,0,0
BRDA:395,32,1,0
BRDA:395,32,2,0
BRDA:395,32,3,0
BRDA:397,33,0,0
BRDA:397,33,1,0
BRDA:402,34,0,0
BRDA:413,35,0,0
BRDA:413,36,0,0
BRDA:413,36,1,0
BRDA:440,37,0,0
BRDA:442,38,0,0
BRF:59
BRH:0
end_of_record
TN:
SF:src/whisker/whiskerNet/HyperParameter/BasicNeuroevolutionParameter.ts
FN:24,(anonymous_0)
FN:28,(anonymous_1)
FN:32,(anonymous_2)
FN:36,(anonymous_3)
FN:40,(anonymous_4)
FN:44,(anonymous_5)
FNF:6
FNH:2
FNDA:1,(anonymous_0)
FNDA:1,(anonymous_1)
FNDA:0,(anonymous_2)
FNDA:0,(anonymous_3)
FNDA:0,(anonymous_4)
FNDA:0,(anonymous_5)
DA:7,1
DA:25,1
DA:29,1
DA:33,0
DA:37,0
DA:41,0
DA:45,0
LF:7
LH:3
BRF:0
BRH:0
end_of_record
TN:
SF:src/whisker/whiskerNet/HyperParameter/NeatestParameter.ts
FN:4,(anonymous_0)
FN:61,(anonymous_1)
FN:65,(anonymous_2)
FN:69,(anonymous_3)
FN:73,(anonymous_4)
FN:77,(anonymous_5)
FN:81,(anonymous_6)
FN:85,(anonymous_7)
FN:89,(anonymous_8)
FN:93,(anonymous_9)
FN:97,(anonymous_10)
FN:101,(anonymous_11)
FN:105,(anonymous_12)
FN:109,(anonymous_13)
FN:113,(anonymous_14)
FN:117,(anonymous_15)
FN:121,(anonymous_16)
FNF:17
FNH:0
FNDA:0,(anonymous_0)
FNDA:0,(anonymous_1)
FNDA:0,(anonymous_2)
FNDA:0,(anonymous_3)
FNDA:0,(anonymous_4)
FNDA:0,(anonymous_5)
FNDA:0,(anonymous_6)
FNDA:0,(anonymous_7)
FNDA:0,(anonymous_8)
FNDA:0,(anonymous_9)
FNDA:0,(anonymous_10)
FNDA:0,(anonymous_11)
FNDA:0,(anonymous_12)
FNDA:0,(anonymous_13)
FNDA:0,(anonymous_14)
FNDA:0,(anonymous_15)
FNDA:0,(anonymous_16)
DA:1,1
DA:4,1
DA:9,0
DA:14,0
DA:32,0
DA:37,0
DA:42,0
DA:53,0
DA:62,0
DA:66,0
DA:70,0
DA:74,0
DA:78,0
DA:82,0
DA:86,0
DA:90,0
DA:94,0
DA:98,0
DA:102,0
DA:106,0
DA:110,0
DA:114,0
DA:118,0
DA:122,0
LF:24
LH:2
BRF:0
BRH:0
end_of_record
TN:
SF:src/whisker/whiskerNet/HyperParameter/NeuroevolutionTestGenerationParameter.ts
FN:7,(anonymous_0)
FN:166,(anonymous_1)
FN:170,(anonymous_2)
FN:174,(anonymous_3)
FN:178,(anonymous_4)
FN:182,(anonymous_5)
FN:186,(anonymous_6)
FN:190,(anonymous_7)
FN:194,(anonymous_8)
FN:198,(anonymous_9)
FN:202,(anonymous_10)
FN:206,(anonymous_11)
FN:210,(anonymous_12)
FN:214,(anonymous_13)
FN:218,(anonymous_14)
FN:222,(anonymous_15)
FN:226,(anonymous_16)
FN:230,(anonymous_17)
FN:234,(anonymous_18)
FN:238,(anonymous_19)
FN:242,(anonymous_20)
FN:246,(anonymous_21)
FN:250,(anonymous_22)
FN:254,(anonymous_23)
FN:258,(anonymous_24)
FN:262,(anonymous_25)
FN:266,(anonymous_26)
FN:270,(anonymous_27)
FN:274,(anonymous_28)
FN:278,(anonymous_29)
FN:282,(anonymous_30)
FN:286,(anonymous_31)
FN:290,(anonymous_32)
FN:294,(anonymous_33)
FN:298,(anonymous_34)
FN:302,(anonymous_35)
FN:306,(anonymous_36)
FN:310,(anonymous_37)
FN:314,(anonymous_38)
FN:318,(anonymous_39)
FN:322,(anonymous_40)
FN:326,(anonymous_41)
FN:330,(anonymous_42)
FN:334,(anonymous_43)
FN:338,(anonymous_44)
FN:342,(anonymous_45)
FN:346,(anonymous_46)
FN:350,(anonymous_47)
FN:354,(anonymous_48)
FN:358,(anonymous_49)
FN:362,(anonymous_50)
FN:366,(anonymous_51)
FN:370,(anonymous_52)
FN:374,(anonymous_53)
FN:378,(anonymous_54)
FN:382,(anonymous_55)
FN:386,(anonymous_56)
FN:390,(anonymous_57)
FN:394,(anonymous_58)
FNF:59
FNH:18
FNDA:1,(anonymous_0)
FNDA:1,(anonymous_1)
FNDA:1,(anonymous_2)
FNDA:1,(anonymous_3)
FNDA:0,(anonymous_4)
FNDA:687,(anonymous_5)
FNDA:0,(anonymous_6)
FNDA:827,(anonymous_7)
FNDA:0,(anonymous_8)
FNDA:13269,(anonymous_9)
FNDA:0,(anonymous_10)
FNDA:0,(anonymous_11)
FNDA:0,(anonymous_12)
FNDA:0,(anonymous_13)
FNDA:0,(anonymous_14)
FNDA:20042,(anonymous_15)
FNDA:0,(anonymous_16)
FNDA:0,(anonymous_17)
FNDA:0,(anonymous_18)
FNDA:0,(anonymous_19)
FNDA:0,(anonymous_20)
FNDA:0,(anonymous_21)
FNDA:0,(anonymous_22)
FNDA:140,(anonymous_23)
FNDA:0,(anonymous_24)
FNDA:416,(anonymous_25)
FNDA:0,(anonymous_26)
FNDA:0,(anonymous_27)
FNDA:0,(anonymous_28)
FNDA:0,(anonymous_29)
FNDA:0,(anonymous_30)
FNDA:0,(anonymous_31)
FNDA:0,(anonymous_32)
FNDA:0,(anonymous_33)
FNDA:0,(anonymous_34)
FNDA:0,(anonymous_35)
FNDA:0,(anonymous_36)
FNDA:0,(anonymous_37)
FNDA:0,(anonymous_38)
FNDA:0,(anonymous_39)
FNDA:0,(anonymous_40)
FNDA:13576,(anonymous_41)
FNDA:0,(anonymous_42)
FNDA:13576,(anonymous_43)
FNDA:0,(anonymous_44)
FNDA:1,(anonymous_45)
FNDA:0,(anonymous_46)
FNDA:173479,(anonymous_47)
FNDA:0,(anonymous_48)
FNDA:173479,(anonymous_49)
FNDA:0,(anonymous_50)
FNDA:173479,(anonymous_51)
FNDA:0,(anonymous_52)
FNDA:1,(anonymous_53)
FNDA:1,(anonymous_54)
FNDA:0,(anonymous_55)
FNDA:0,(anonymous_56)
FNDA:0,(anonymous_57)
FNDA:0,(anonymous_58)
DA:4,1
DA:7,1
DA:14,1
DA:19,1
DA:24,1
DA:29,1
DA:34,1
DA:40,1
DA:52,1
DA:57,1
DA:62,1
DA:67,1
DA:72,1
DA:77,1
DA:82,1
DA:87,1
DA:92,1
DA:97,1
DA:102,1
DA:107,1
DA:112,1
DA:119,1
DA:124,1
DA:131,1
DA:136,1
DA:141,1
DA:146,1
DA:159,1
DA:164,1
DA:167,1
DA:171,1
DA:175,1
DA:179,0
DA:183,687
DA:187,0
DA:191,827
DA:195,0
DA:199,13269
DA:203,0
DA:207,0
DA:211,0
DA:215,0
DA:219,0
DA:223,20042
DA:227,0
DA:231,0
DA:235,0
DA:239,0
DA:243,0
DA:247,0
DA:251,0
DA:255,140
DA:259,0
DA:263,416
DA:267,0
DA:271,0
DA:275,0
DA:279,0
DA:283,0
DA:287,0
DA:291,0
DA:295,0
DA:299,0
DA:303,0
DA:307,0
DA:311,0
DA:315,0
DA:319,0
DA:323,0
DA:327,13576
DA:331,0
DA:335,13576
DA:339,0
DA:343,1
DA:347,0
DA:351,173479
DA:355,0
DA:359,173479
DA:363,0
DA:367,173479
DA:371,0
DA:375,1
DA:379,1
DA:383,0
DA:387,0
DA:391,0
DA:395,0
LF:87
LH:46
BRF:0
BRH:0
end_of_record
TN:
SF:src/whisker/whiskerNet/Misc/ActivationTrace.ts
FN:8,(anonymous_0)
FN:19,(anonymous_1)
FN:21,(anonymous_2)
FN:22,(anonymous_3)
FN:46,(anonymous_4)
FN:54,(anonymous_5)
FN:66,(anonymous_6)
FN:70,(anonymous_7)
FNF:8
FNH:0
FNDA:0,(anonymous_0)
FNDA:0,(anonymous_1)
FNDA:0,(anonymous_2)
FNDA:0,(anonymous_3)
FNDA:0,(anonymous_4)
FNDA:0,(anonymous_5)
FNDA:0,(anonymous_6)
FNDA:0,(anonymous_7)
DA:3,1
DA:9,0
DA:10,0
DA:21,0
DA:22,0
DA:23,0
DA:24,0
DA:25,0
DA:26,0
DA:31,0
DA:32,0
DA:34,0
DA:35,0
DA:36,0
DA:37,0
DA:38,0
DA:39,0
DA:41,0
DA:47,0
DA:48,0
DA:49,0
DA:51,0
DA:55,0
DA:56,0
DA:57,0
DA:58,0
DA:59,0
DA:61,0
DA:63,0
DA:67,0
DA:71,0
LF:31
LH:1
BRDA:25,0,0,0
BRDA:31,1,0,0
BRDA:38,2,0,0
BRDA:38,2,1,0
BRF:4
BRH:0
end_of_record
TN:
SF:src/whisker/whiskerNet/Misc/GradientDescent.ts
FN:50,(anonymous_1)
FN:61,(anonymous_2)
FN:80,(anonymous_3)
FN:103,(anonymous_4)
FN:133,(anonymous_5)
FN:177,(anonymous_6)
FN:191,(anonymous_7)
FN:221,(anonymous_8)
FN:235,(anonymous_9)
FN:264,(anonymous_10)
FN:270,(anonymous_11)
FN:275,(anonymous_12)
FN:280,(anonymous_13)
FN:281,(anonymous_14)
FN:294,(anonymous_15)
FN:312,(anonymous_16)
FN:327,(anonymous_17)
FN:329,(anonymous_18)
FN:380,(anonymous_19)
FN:396,(anonymous_20)
FN:407,(anonymous_21)
FN:416,(anonymous_22)
FN:448,(anonymous_23)
FN:480,(anonymous_24)
FN:498,(anonymous_25)
FN:516,(anonymous_26)
FN:555,(anonymous_27)
FN:570,(anonymous_28)
FN:590,(anonymous_29)
FN:594,(anonymous_30)
FN:30,(anonymous_31)
FN:33,(anonymous_32)
FN:34,(anonymous_33)
FN:35,(anonymous_34)
FN:36,(anonymous_35)
FN:620,(anonymous_36)
FNF:36
FNH:1
FNDA:0,(anonymous_1)
FNDA:0,(anonymous_2)
FNDA:0,(anonymous_3)
FNDA:0,(anonymous_4)
FNDA:0,(anonymous_5)
FNDA:0,(anonymous_6)
FNDA:0,(anonymous_7)
FNDA:0,(anonymous_8)
FNDA:0,(anonymous_9)
FNDA:0,(anonymous_10)
FNDA:0,(anonymous_11)
FNDA:0,(anonymous_12)
FNDA:0,(anonymous_13)
FNDA:0,(anonymous_14)
FNDA:0,(anonymous_15)
FNDA:0,(anonymous_16)
FNDA:0,(anonymous_17)
FNDA:0,(anonymous_18)
FNDA:0,(anonymous_19)
FNDA:0,(anonymous_20)
FNDA:0,(anonymous_21)
FNDA:0,(anonymous_22)
FNDA:0,(anonymous_23)
FNDA:0,(anonymous_24)
FNDA:0,(anonymous_25)
FNDA:0,(anonymous_26)
FNDA:0,(anonymous_27)
FNDA:0,(anonymous_28)
FNDA:0,(anonymous_29)
FNDA:0,(anonymous_30)
FNDA:0,(anonymous_31)
FNDA:0,(anonymous_32)
FNDA:0,(anonymous_33)
FNDA:0,(anonymous_34)
FNDA:0,(anonymous_35)
FNDA:1,(anonymous_36)
DA:3,1
DA:4,1
DA:6,1
DA:7,1
DA:8,1
DA:9,1
DA:11,1
DA:13,1
DA:18,1
DA:23,1
DA:28,1
DA:30,0
DA:33,0
DA:34,0
DA:35,0
DA:36,0
DA:42,0
DA:50,0
DA:51,0
DA:52,0
DA:64,0
DA:65,0
DA:66,0
DA:67,0
DA:68,0
DA:72,0
DA:73,0
DA:74,0
DA:78,0
DA:79,0
DA:80,0
DA:83,0
DA:84,0
DA:85,0
DA:86,0
DA:87,0
DA:88,0
DA:89,0
DA:93,0
DA:94,0
DA:95,0
DA:96,0
DA:97,0
DA:102,0
DA:103,0
DA:104,0
DA:105,0
DA:107,0
DA:110,0
DA:111,0
DA:112,0
DA:118,0
DA:119,0
DA:122,0
DA:123,0
DA:137,0
DA:138,0
DA:139,0
DA:140,0
DA:141,0
DA:143,0
DA:148,0
DA:149,0
DA:150,0
DA:151,0
DA:153,0
DA:159,0
DA:160,0
DA:161,0
DA:162,0
DA:166,0
DA:178,0
DA:179,0
DA:180,0
DA:182,0
DA:183,0
DA:186,0
DA:187,0
DA:189,0
DA:191,0
DA:192,0
DA:197,0
DA:198,0
DA:199,0
DA:203,0
DA:204,0
DA:208,0
DA:212,0
DA:222,0
DA:223,0
DA:224,0
DA:226,0
DA:227,0
DA:230,0
DA:231,0
DA:232,0
DA:235,0
DA:236,0
DA:240,0
DA:241,0
DA:247,0
DA:248,0
DA:252,0
DA:266,0
DA:267,0
DA:268,0
DA:270,0
DA:271,0
DA:272,0
DA:275,0
DA:276,0
DA:277,0
DA:280,0
DA:281,0
DA:282,0
DA:285,0
DA:295,0
DA:296,0
DA:297,0
DA:298,0
DA:299,0
DA:300,0
DA:303,0
DA:313,0
DA:314,0
DA:315,0
DA:316,0
DA:317,0
DA:319,0
DA:329,0
DA:330,0
DA:333,0
DA:334,0
DA:337,0
DA:338,0
DA:339,0
DA:343,0
DA:344,0
DA:345,0
DA:346,0
DA:348,0
DA:349,0
DA:350,0
DA:354,0
DA:355,0
DA:361,0
DA:362,0
DA:363,0
DA:364,0
DA:365,0
DA:366,0
DA:367,0
DA:381,0
DA:382,0
DA:383,0
DA:384,0
DA:388,0
DA:398,0
DA:401,0
DA:402,0
DA:403,0
DA:407,0
DA:417,0
DA:420,0
DA:423,0
DA:424,0
DA:428,0
DA:429,0
DA:434,0
DA:435,0
DA:441,0
DA:451,0
DA:452,0
DA:455,0
DA:456,0
DA:457,0
DA:458,0
DA:462,0
DA:463,0
DA:464,0
DA:465,0
DA:466,0
DA:467,0
DA:469,0
DA:471,0
DA:483,0
DA:484,0
DA:486,0
DA:487,0
DA:488,0
DA:490,0
DA:499,0
DA:500,0
DA:501,0
DA:502,0
DA:503,0
DA:505,0
DA:507,0
DA:517,0
DA:520,0
DA:521,0
DA:524,0
DA:525,0
DA:526,0
DA:527,0
DA:530,0
DA:531,0
DA:532,0
DA:533,0
DA:536,0
DA:537,0
DA:538,0
DA:545,0
DA:547,0
DA:556,0
DA:558,0
DA:560,0
DA:571,0
DA:573,0
DA:574,0
DA:576,0
DA:578,0
DA:579,0
DA:580,0
DA:582,0
DA:591,0
DA:595,0
DA:620,1
DA:621,1
DA:622,1
DA:623,1
LF:231
LH:15
BRDA:64,0,0,0
BRDA:72,1,0,0
BRDA:87,2,0,0
BRDA:93,3,0,0
BRDA:95,4,0,0
BRDA:102,5,0,0
BRDA:102,5,1,0
BRDA:110,6,0,0
BRDA:140,7,0,0
BRDA:140,7,1,0
BRDA:148,8,0,0
BRDA:150,9,0,0
BRDA:150,9,1,0
BRDA:159,10,0,0
BRDA:191,11,0,0
BRDA:203,12,0,0
BRDA:235,13,0,0
BRDA:247,14,0,0
BRDA:268,15,0,0
BRDA:268,15,1,0
BRDA:268,15,2,0
BRDA:298,16,0,0
BRDA:333,17,0,0
BRDA:333,17,1,0
BRDA:337,18,0,0
BRDA:343,19,0,0
BRDA:345,20,0,0
BRDA:361,21,0,0
BRDA:383,22,0,0
BRDA:423,23,0,0
BRDA:434,24,0,0
BRDA:441,25,0,0
BRDA:441,25,1,0
BRDA:451,26,0,0
BRDA:464,27,0,0
BRDA:464,27,1,0
BRDA:483,28,0,0
BRDA:520,29,0,0
BRDA:536,30,0,0
BRDA:556,31,0,0
BRDA:556,31,1,0
BRDA:573,32,0,0
BRDA:573,32,1,0
BRDA:579,33,0,0
BRDA:35,34,0,0
BRDA:35,34,1,0
BRDA:36,35,0,0
BRDA:36,35,1,0
BRDA:620,36,0,1
BRDA:620,36,1,1
BRF:50
BRH:2
end_of_record
TN:
SF:src/whisker/whiskerNet/Misc/NeuroevolutionUtil.ts
FN:11,(anonymous_0)
FN:21,(anonymous_1)
FN:36,(anonymous_2)
FNF:3
FNH:1
FNDA:137594,(anonymous_0)
FNDA:0,(anonymous_1)
FNDA:0,(anonymous_2)
DA:4,1
DA:12,137594
DA:22,0
DA:23,0
DA:24,0
DA:25,0
DA:26,0
DA:29,0
DA:37,0
LF:9
LH:2
BRDA:25,0,0,0
BRF:1
BRH:0
end_of_record
TN:
SF:src/whisker/whiskerNet/NetworkComponents/ActivationFunction.ts
FN:1,(anonymous_0)
FNF:1
FNH:1
FNDA:1,(anonymous_0)
DA:1,1
DA:2,1
DA:4,1
DA:6,1
DA:8,1
DA:10,1
LF:6
LH:6
BRDA:1,0,0,1
BRDA:1,0,1,1
BRF:2
BRH:2
end_of_record
TN:
SF:src/whisker/whiskerNet/NetworkComponents/BiasNode.ts
FN:11,(anonymous_0)
FN:23,(anonymous_1)
FN:28,(anonymous_2)
FN:42,(anonymous_3)
FN:49,(anonymous_4)
FN:60,(anonymous_5)
FN:64,(anonymous_6)
FN:70,(anonymous_7)
FNF:8
FNH:4
FNDA:59422,(anonymous_0)
FNDA:403134,(anonymous_1)
FNDA:59272,(anonymous_2)
FNDA:0,(anonymous_3)
FNDA:0,(anonymous_4)
FNDA:0,(anonymous_5)
FNDA:59327,(anonymous_6)
FNDA:0,(anonymous_7)
DA:1,1
DA:2,1
DA:3,1
DA:5,1
DA:12,59422
DA:13,59422
DA:14,59422
DA:15,59422
DA:16,59422
DA:24,403134
DA:25,85861
DA:29,59272
DA:30,59272
DA:31,59272
DA:32,59272
DA:33,59272
DA:34,59272
DA:35,59272
DA:43,0
DA:50,0
DA:51,0
DA:52,0
DA:53,0
DA:61,0
DA:65,59327
DA:71,0
DA:72,0
DA:73,0
DA:74,0
DA:75,0
DA:76,0
LF:31
LH:19
BRDA:24,0,0,317273
BRF:1
BRH:1
end_of_record
TN:
SF:src/whisker/whiskerNet/NetworkComponents/ClassificationNode.ts
FN:20,(anonymous_0)
FN:29,(anonymous_1)
FN:34,(anonymous_2)
FN:49,(anonymous_3)
FN:63,(anonymous_4)
FN:67,(anonymous_5)
FN:77,(anonymous_6)
FN:87,(anonymous_7)
FNF:8
FNH:6
FNDA:59422,(anonymous_0)
FNDA:206145,(anonymous_1)
FNDA:59272,(anonymous_2)
FNDA:104940,(anonymous_3)
FNDA:0,(anonymous_4)
FNDA:59371,(anonymous_5)
FNDA:0,(anonymous_6)
FNDA:592331,(anonymous_7)
DA:1,1
DA:2,1
DA:3,1
DA:5,1
DA:7,1
DA:21,59422
DA:22,59422
DA:30,206145
DA:31,206145
DA:35,59272
DA:36,59272
DA:37,59272
DA:38,59272
DA:39,59272
DA:40,59272
DA:41,59272
DA:50,104940
DA:52,0
DA:55,104940
DA:64,0
DA:68,59371
DA:78,0
DA:79,0
DA:80,0
DA:81,0
DA:82,0
DA:83,0
DA:84,0
DA:88,592331
LF:29
LH:20
BRDA:30,0,0,0
BRDA:50,1,0,0
BRDA:50,1,1,0
BRDA:50,1,2,104940
BRF:4
BRH:1
end_of_record
TN:
SF:src/whisker/whiskerNet/NetworkComponents/ConnectionGene.ts
FN:52,(anonymous_0)
FN:66,(anonymous_1)
FN:74,(anonymous_2)
FN:85,(anonymous_3)
FN:89,(anonymous_4)
FN:102,(anonymous_5)
FN:113,(anonymous_6)
FN:117,(anonymous_7)
FN:121,(anonymous_8)
FN:125,(anonymous_9)
FN:129,(anonymous_10)
FN:133,(anonymous_11)
FN:137,(anonymous_12)
FN:141,(anonymous_13)
FN:145,(anonymous_14)
FN:149,(anonymous_15)
FN:153,(anonymous_16)
FNF:17
FNH:12
FNDA:291497,(anonymous_0)
FNDA:288549,(anonymous_1)
FNDA:0,(anonymous_2)
FNDA:0,(anonymous_3)
FNDA:362850,(anonymous_4)
FNDA:0,(anonymous_5)
FNDA:2428264,(anonymous_6)
FNDA:2273822,(anonymous_7)
FNDA:2551220,(anonymous_8)
FNDA:75659,(anonymous_9)
FNDA:0,(anonymous_10)
FNDA:0,(anonymous_11)
FNDA:950386,(anonymous_12)
FNDA:4982,(anonymous_13)
FNDA:5615054,(anonymous_14)
FNDA:902,(anonymous_15)
FNDA:1636350,(anonymous_16)
DA:3,1
DA:22,291497
DA:42,1
DA:53,291497
DA:54,291497
DA:55,291497
DA:56,291497
DA:57,291497
DA:58,291497
DA:67,288549
DA:75,0
DA:76,0
DA:86,0
DA:90,362850
DA:103,0
DA:104,0
DA:105,0
DA:106,0
DA:107,0
DA:108,0
DA:109,0
DA:110,0
DA:114,2428264
DA:118,2273822
DA:122,2551220
DA:126,75659
DA:130,0
DA:134,0
DA:138,950386
DA:142,4982
DA:146,5615054
DA:150,902
DA:154,1636350
LF:33
LH:20
BRDA:75,0,0,0
BRDA:76,1,0,0
BRDA:76,1,1,0
BRDA:76,1,2,0
BRF:4
BRH:0
end_of_record
TN:
SF:src/whisker/whiskerNet/NetworkComponents/HiddenNode.ts
FN:14,(anonymous_0)
FN:23,(anonymous_1)
FN:28,(anonymous_2)
FN:42,(anonymous_3)
FN:67,(anonymous_4)
FN:71,(anonymous_5)
FN:77,(anonymous_6)
FNF:7
FNH:5
FNDA:29689,(anonymous_0)
FNDA:229409,(anonymous_1)
FNDA:28666,(anonymous_2)
FNDA:53654,(anonymous_3)
FNDA:0,(anonymous_4)
FNDA:57403,(anonymous_5)
FNDA:0,(anonymous_6)
DA:1,1
DA:2,1
DA:3,1
DA:4,1
DA:6,1
DA:15,29689
DA:24,229409
DA:25,113845
DA:29,28666
DA:30,28666
DA:31,28666
DA:32,28666
DA:33,28666
DA:34,28666
DA:35,28666
DA:43,53654
DA:44,53654
DA:46,53654
DA:47,53654
DA:49,0
DA:50,0
DA:52,0
DA:53,0
DA:55,0
DA:56,0
DA:58,53654
DA:60,0
DA:68,0
DA:72,57403
DA:78,0
DA:79,0
DA:80,0
DA:81,0
DA:82,0
DA:83,0
LF:35
LH:21
BRDA:24,0,0,115564
BRDA:43,1,0,53654
BRDA:43,1,1,0
BRDA:44,2,0,53654
BRDA:44,2,1,0
BRDA:44,2,2,0
BRDA:44,2,3,0
BRF:7
BRH:3
end_of_record
TN:
SF:src/whisker/whiskerNet/NetworkComponents/InputNode.ts
FN:24,(anonymous_0)
FN:30,(anonymous_1)
FN:35,(anonymous_2)
FN:49,(anonymous_3)
FN:58,(anonymous_4)
FN:62,(anonymous_5)
FN:74,(anonymous_6)
FN:85,(anonymous_7)
FN:89,(anonymous_8)
FNF:9
FNH:6
FNDA:118844,(anonymous_0)
FNDA:1067165,(anonymous_1)
FNDA:118544,(anonymous_2)
FNDA:0,(anonymous_3)
FNDA:0,(anonymous_4)
FNDA:118654,(anonymous_5)
FNDA:0,(anonymous_6)
FNDA:1063802,(anonymous_7)
FNDA:941108,(anonymous_8)
DA:1,1
DA:2,1
DA:3,1
DA:5,1
DA:25,118844
DA:26,118844
DA:27,118844
DA:31,1067165
DA:32,260897
DA:36,118544
DA:37,118544
DA:38,118544
DA:39,118544
DA:40,118544
DA:41,118544
DA:42,118544
DA:50,0
DA:51,0
DA:59,0
DA:63,118654
DA:75,0
DA:76,0
DA:77,0
DA:78,0
DA:79,0
DA:80,0
DA:81,0
DA:82,0
DA:86,1063802
DA:90,941108
LF:30
LH:19
BRDA:31,0,0,806268
BRDA:32,1,0,260897
BRDA:32,1,1,260897
BRF:3
BRH:3
end_of_record
TN:
SF:src/whisker/whiskerNet/NetworkComponents/NodeGene.ts
FN:60,(anonymous_0)
FN:78,(anonymous_1)
FN:113,(anonymous_2)
FN:117,(anonymous_3)
FN:121,(anonymous_4)
FN:125,(anonymous_5)
FN:129,(anonymous_6)
FN:133,(anonymous_7)
FN:137,(anonymous_8)
FN:141,(anonymous_9)
FN:145,(anonymous_10)
FN:149,(anonymous_11)
FN:153,(anonymous_12)
FN:157,(anonymous_13)
FN:161,(anonymous_14)
FN:165,(anonymous_15)
FN:169,(anonymous_16)
FN:173,(anonymous_17)
FN:177,(anonymous_18)
FN:181,(anonymous_19)
FNF:20
FNH:16
FNDA:267377,(anonymous_0)
FNDA:0,(anonymous_1)
FNDA:1962370,(anonymous_2)
FNDA:632651,(anonymous_3)
FNDA:1107303,(anonymous_4)
FNDA:1502545,(anonymous_5)
FNDA:1108238,(anonymous_6)
FNDA:1115778,(anonymous_7)
FNDA:475634,(anonymous_8)
FNDA:535056,(anonymous_9)
FNDA:529288,(anonymous_10)
FNDA:1239011,(anonymous_11)
FNDA:1507264,(anonymous_12)
FNDA:0,(anonymous_13)
FNDA:246532,(anonymous_14)
FNDA:0,(anonymous_15)
FNDA:0,(anonymous_16)
FNDA:265754,(anonymous_17)
FNDA:265754,(anonymous_18)
FNDA:71616,(anonymous_19)
DA:4,1
DA:6,1
DA:11,267377
DA:21,267377
DA:26,267377
DA:31,267377
DA:36,267377
DA:41,267377
DA:46,267377
DA:60,267377
DA:61,267377
DA:62,267377
DA:63,267377
DA:64,3
DA:79,0
DA:80,0
DA:81,0
DA:82,0
DA:83,0
DA:114,1962370
DA:118,632651
DA:122,1107303
DA:126,1502545
DA:130,1108238
DA:134,1115778
DA:138,475634
DA:142,535056
DA:146,529288
DA:150,1239011
DA:154,1507264
DA:158,0
DA:162,246532
DA:166,0
DA:170,0
DA:174,265754
DA:178,265754
DA:182,71616
LF:37
LH:29
BRDA:63,0,0,3
BRF:1
BRH:1
end_of_record
TN:
SF:src/whisker/whiskerNet/NetworkComponents/NodeType.ts
FN:4,(anonymous_0)
FNF:1
FNH:1
FNDA:1,(anonymous_0)
DA:4,1
DA:8,1
DA:13,1
DA:18,1
DA:23,1
LF:5
LH:5
BRDA:4,0,0,1
BRDA:4,0,1,1
BRF:2
BRH:2
end_of_record
TN:
SF:src/whisker/whiskerNet/NetworkComponents/RegressionNode.ts
FN:25,(anonymous_0)
FN:51,(anonymous_1)
FN:57,(anonymous_2)
FN:71,(anonymous_3)
FN:88,(anonymous_4)
FN:92,(anonymous_5)
FN:100,(anonymous_6)
FN:104,(anonymous_7)
FN:117,(anonymous_8)
FNF:9
FNH:0
FNDA:0,(anonymous_0)
FNDA:0,(anonymous_1)
FNDA:0,(anonymous_2)
FNDA:0,(anonymous_3)
FNDA:0,(anonymous_4)
FNDA:0,(anonymous_5)
FNDA:0,(anonymous_6)
FNDA:0,(anonymous_7)
FNDA:0,(anonymous_8)
DA:1,1
DA:2,1
DA:3,1
DA:4,1
DA:7,1
DA:29,0
DA:33,0
DA:34,0
DA:36,0
DA:37,0
DA:39,0
DA:42,0
DA:43,0
DA:44,0
DA:52,0
DA:53,0
DA:58,0
DA:59,0
DA:60,0
DA:61,0
DA:62,0
DA:63,0
DA:64,0
DA:72,0
DA:73,0
DA:75,0
DA:77,0
DA:79,0
DA:82,0
DA:85,0
DA:89,0
DA:93,0
DA:101,0
DA:105,0
DA:118,0
DA:119,0
DA:120,0
DA:121,0
DA:122,0
DA:123,0
DA:124,0
DA:125,0
LF:42
LH:5
BRDA:29,0,0,0
BRDA:29,0,1,0
BRDA:29,0,2,0
BRDA:29,0,3,0
BRDA:29,0,4,0
BRDA:52,1,0,0
BRDA:53,2,0,0
BRDA:53,2,1,0
BRDA:72,3,0,0
BRDA:72,3,1,0
BRDA:73,4,0,0
BRDA:73,4,1,0
BRDA:73,4,2,0
BRDA:73,4,3,0
BRDA:73,4,4,0
BRF:15
BRH:0
end_of_record
TN:
SF:src/whisker/whiskerNet/NetworkGenerators/NeatChromosomeGenerator.ts
FN:28,(anonymous_0)
FN:41,(anonymous_1)
FN:66,(anonymous_2)
FN:86,(anonymous_3)
FN:96,(anonymous_4)
FN:100,(anonymous_5)
FN:104,(anonymous_6)
FN:108,(anonymous_7)
FNF:8
FNH:3
FNDA:2,(anonymous_0)
FNDA:150,(anonymous_1)
FNDA:150,(anonymous_2)
FNDA:0,(anonymous_3)
FNDA:0,(anonymous_4)
FNDA:0,(anonymous_5)
FNDA:0,(anonymous_6)
FNDA:0,(anonymous_7)
DA:4,1
DA:5,1
DA:8,1
DA:10,1
DA:11,1
DA:12,1
DA:15,1
DA:28,2
DA:29,2
DA:30,2
DA:31,2
DA:32,2
DA:33,2
DA:34,2
DA:42,150
DA:43,150
DA:46,150
DA:47,150
DA:48,150
DA:49,300
DA:50,300
DA:55,150
DA:56,150
DA:59,150
DA:60,150
DA:61,150
DA:62,150
DA:66,150
DA:67,150
DA:68,0
DA:72,150
DA:74,150
DA:75,150
DA:77,150
DA:87,0
DA:88,0
DA:90,0
DA:91,0
DA:97,0
DA:101,0
DA:105,0
DA:109,0
LF:42
LH:33
BRDA:34,0,0,2
BRDA:67,1,0,0
BRF:2
BRH:1
end_of_record
TN:
SF:src/whisker/whiskerNet/Networks/NeatChromosome.ts
FN:74,(anonymous_0)
FN:87,(anonymous_1)
FN:118,(anonymous_2)
FN:125,(anonymous_3)
FN:126,(anonymous_4)
FN:140,(anonymous_5)
FN:147,(anonymous_6)
FN:163,(anonymous_7)
FN:182,(anonymous_8)
FN:196,(anonymous_9)
FN:198,(anonymous_10)
FN:210,(anonymous_11)
FN:231,(anonymous_12)
FN:248,(anonymous_13)
FN:250,(anonymous_14)
FN:280,(anonymous_15)
FN:305,(anonymous_16)
FN:355,(anonymous_17)
FN:387,(anonymous_18)
FN:391,(anonymous_19)
FN:396,(anonymous_20)
FN:400,(anonymous_21)
FN:404,(anonymous_22)
FN:408,(anonymous_23)
FN:412,(anonymous_24)
FN:416,(anonymous_25)
FN:420,(anonymous_26)
FN:424,(anonymous_27)
FN:428,(anonymous_28)
FN:432,(anonymous_29)
FN:436,(anonymous_30)
FN:440,(anonymous_31)
FN:444,(anonymous_32)
FN:448,(anonymous_33)
FNF:34
FNH:26
FNDA:59422,(anonymous_0)
FNDA:27152,(anonymous_1)
FNDA:59272,(anonymous_2)
FNDA:634143,(anonymous_3)
FNDA:1271710,(anonymous_4)
FNDA:59272,(anonymous_5)
FNDA:0,(anonymous_6)
FNDA:150,(anonymous_7)
FNDA:150,(anonymous_8)
FNDA:0,(anonymous_9)
FNDA:0,(anonymous_10)
FNDA:0,(anonymous_11)
FNDA:0,(anonymous_12)
FNDA:0,(anonymous_13)
FNDA:0,(anonymous_14)
FNDA:902,(anonymous_15)
FNDA:1023,(anonymous_16)
FNDA:0,(anonymous_17)
FNDA:72848,(anonymous_18)
FNDA:77134,(anonymous_19)
FNDA:145572,(anonymous_20)
FNDA:82587,(anonymous_21)
FNDA:48214,(anonymous_22)
FNDA:48302,(anonymous_23)
FNDA:27152,(anonymous_24)
FNDA:27839,(anonymous_25)
FNDA:69410,(anonymous_26)
FNDA:27292,(anonymous_27)
FNDA:48152,(anonymous_28)
FNDA:31780,(anonymous_29)
FNDA:69152,(anonymous_30)
FNDA:48152,(anonymous_31)
FNDA:6658,(anonymous_32)
FNDA:556,(anonymous_33)
DA:2,1
DA:4,1
DA:7,1
DA:8,1
DA:13,1
DA:14,1
DA:15,1
DA:16,1
DA:18,1
DA:32,59422
DA:42,59422
DA:47,59422
DA:57,59422
DA:78,59422
DA:79,59422
DA:80,59422
DA:88,27152
DA:89,27152
DA:90,27152
DA:91,27152
DA:92,27152
DA:93,27152
DA:94,27152
DA:95,27152
DA:96,27152
DA:97,27152
DA:98,27152
DA:99,27152
DA:100,27152
DA:101,27152
DA:102,0
DA:104,27152
DA:105,0
DA:107,27152
DA:108,27152
DA:109,27152
DA:119,59272
DA:120,59272
DA:123,59272
DA:124,59272
DA:125,634143
DA:126,1271710
DA:127,288549
DA:128,288549
DA:130,59272
DA:141,59272
DA:148,0
DA:149,0
DA:150,0
DA:151,0
DA:153,0
DA:154,0
DA:165,150
DA:167,0
DA:168,0
DA:170,0
DA:171,0
DA:174,150
DA:183,150
DA:184,450
DA:185,450
DA:186,450
DA:197,0
DA:198,0
DA:200,0
DA:202,0
DA:203,0
DA:204,0
DA:205,0
DA:206,0
DA:209,0
DA:210,0
DA:213,0
DA:214,0
DA:215,0
DA:216,0
DA:217,0
DA:222,0
DA:223,0
DA:224,0
DA:225,0
DA:231,0
DA:232,0
DA:233,0
DA:234,0
DA:235,0
DA:238,0
DA:249,0
DA:250,0
DA:251,0
DA:252,0
DA:253,0
DA:257,0
DA:258,0
DA:260,0
DA:263,0
DA:264,0
DA:265,0
DA:266,0
DA:269,0
DA:272,0
DA:281,902
DA:284,902
DA:285,884
DA:287,18
DA:294,18
DA:295,18
DA:297,902
DA:298,902
DA:307,1023
DA:310,1023
DA:311,1023
DA:312,1023
DA:315,1023
DA:319,1023
DA:320,1023
DA:321,1023
DA:322,1014
DA:323,1014
DA:324,1014
DA:326,9
DA:327,9
DA:329,9
DA:338,9
DA:339,9
DA:340,9
DA:345,1023
DA:346,1023
DA:347,1023
DA:348,1023
DA:356,0
DA:357,0
DA:358,0
DA:359,0
DA:361,0
DA:362,0
DA:365,0
DA:366,0
DA:367,0
DA:369,0
DA:371,0
DA:372,0
DA:373,0
DA:375,0
DA:378,0
DA:379,0
DA:381,0
DA:384,0
DA:388,72848
DA:392,77134
DA:397,145572
DA:401,82587
DA:405,48214
DA:409,48302
DA:413,27152
DA:417,27839
DA:421,69410
DA:425,27292
DA:429,48152
DA:433,31780
DA:437,69152
DA:441,48152
DA:445,6658
DA:449,556
LF:164
LH:95
BRDA:77,0,0,0
BRDA:77,1,0,150
BRDA:101,2,0,0
BRDA:104,3,0,0
BRDA:118,4,0,0
BRDA:150,5,0,0
BRDA:164,6,0,0
BRDA:165,7,0,0
BRDA:165,7,1,0
BRDA:165,7,2,0
BRDA:165,7,3,150
BRDA:202,8,0,0
BRDA:214,9,0,0
BRDA:271,10,0,0
BRDA:271,10,1,0
BRDA:284,11,0,884
BRDA:284,11,1,18
BRDA:284,12,0,902
BRDA:284,12,1,884
BRDA:321,13,0,1014
BRDA:321,13,1,9
BRDA:321,14,0,1023
BRDA:321,14,1,1014
BRDA:361,15,0,0
BRDA:378,16,0,0
BRDA:378,16,1,0
BRF:26
BRH:10
end_of_record
TN:
SF:src/whisker/whiskerNet/Networks/NetworkChromosome.ts
FN:152,(anonymous_8)
FN:188,(anonymous_9)
FN:190,(anonymous_10)
FN:196,(anonymous_11)
FN:207,(anonymous_12)
FN:231,(anonymous_13)
FN:288,(anonymous_14)
FN:302,(anonymous_15)
FN:350,(anonymous_16)
FN:393,(anonymous_17)
FN:423,(anonymous_18)
FN:437,(anonymous_19)
FN:446,(anonymous_20)
FN:447,(anonymous_21)
FN:463,(anonymous_22)
FN:466,(anonymous_23)
FN:468,(anonymous_24)
FN:479,(anonymous_25)
FN:480,(anonymous_26)
FN:488,(anonymous_27)
FN:498,(anonymous_28)
FN:508,(anonymous_29)
FN:509,(anonymous_30)
FN:522,(anonymous_31)
FN:531,(anonymous_32)
FN:536,(anonymous_33)
FN:541,(anonymous_34)
FN:576,(anonymous_35)
FN:580,(anonymous_36)
FN:594,(anonymous_38)
FN:602,(anonymous_39)
FN:612,(anonymous_40)
FN:620,(anonymous_41)
FN:632,(anonymous_42)
FN:648,(anonymous_43)
FN:656,(anonymous_44)
FN:672,(anonymous_45)
FN:674,(anonymous_46)
FN:685,(anonymous_47)
FN:706,(anonymous_48)
FN:710,(anonymous_49)
FN:714,(anonymous_50)
FN:718,(anonymous_51)
FN:722,(anonymous_52)
FN:726,(anonymous_53)
FN:730,(anonymous_54)
FN:734,(anonymous_55)
FN:738,(anonymous_56)
FN:742,(anonymous_57)
FN:746,(anonymous_58)
FN:750,(anonymous_59)
FN:754,(anonymous_60)
FN:758,(anonymous_61)
FN:762,(anonymous_62)
FN:766,(anonymous_63)
FN:770,(anonymous_64)
FN:774,(anonymous_65)
FN:778,(anonymous_66)
FN:782,(anonymous_67)
FN:786,(anonymous_68)
FN:790,(anonymous_69)
FN:794,(anonymous_70)
FN:798,(anonymous_71)
FN:802,(anonymous_72)
FN:806,(anonymous_73)
FN:810,(anonymous_74)
FN:814,(anonymous_75)
FN:818,(anonymous_76)
FN:822,(anonymous_77)
FN:826,(anonymous_78)
FN:830,(anonymous_79)
FN:834,(anonymous_80)
FN:838,(anonymous_81)
FN:842,(anonymous_82)
FN:846,(anonymous_83)
FN:850,(anonymous_84)
FN:854,(anonymous_85)
FN:858,(anonymous_86)
FN:862,(anonymous_87)
FNF:79
FNH:43
FNDA:59422,(anonymous_8)
FNDA:104940,(anonymous_9)
FNDA:104940,(anonymous_10)
FNDA:0,(anonymous_11)
FNDA:209880,(anonymous_12)
FNDA:0,(anonymous_13)
FNDA:0,(anonymous_14)
FNDA:61347,(anonymous_15)
FNDA:104940,(anonymous_16)
FNDA:104940,(anonymous_17)
FNDA:158594,(anonymous_18)
FNDA:104940,(anonymous_19)
FNDA:104940,(anonymous_20)
FNDA:209880,(anonymous_21)
FNDA:21000,(anonymous_22)
FNDA:21000,(anonymous_23)
FNDA:42000,(anonymous_24)
FNDA:435457,(anonymous_25)
FNDA:1654203,(anonymous_26)
FNDA:0,(anonymous_27)
FNDA:0,(anonymous_28)
FNDA:0,(anonymous_29)
FNDA:0,(anonymous_30)
FNDA:0,(anonymous_31)
FNDA:0,(anonymous_32)
FNDA:0,(anonymous_33)
FNDA:0,(anonymous_34)
FNDA:0,(anonymous_35)
FNDA:0,(anonymous_36)
FNDA:415786,(anonymous_38)
FNDA:0,(anonymous_39)
FNDA:1023,(anonymous_40)
FNDA:1023,(anonymous_41)
FNDA:59272,(anonymous_42)
FNDA:59272,(anonymous_43)
FNDA:0,(anonymous_44)
FNDA:0,(anonymous_45)
FNDA:0,(anonymous_46)
FNDA:0,(anonymous_47)
FNDA:27152,(anonymous_48)
FNDA:27152,(anonymous_49)
FNDA:426494,(anonymous_50)
FNDA:2063759,(anonymous_51)
FNDA:59272,(anonymous_52)
FNDA:60295,(anonymous_53)
FNDA:955450,(anonymous_54)
FNDA:309649,(anonymous_55)
FNDA:0,(anonymous_56)
FNDA:559331,(anonymous_57)
FNDA:48137,(anonymous_58)
FNDA:0,(anonymous_59)
FNDA:0,(anonymous_60)
FNDA:0,(anonymous_61)
FNDA:0,(anonymous_62)
FNDA:0,(anonymous_63)
FNDA:0,(anonymous_64)
FNDA:27152,(anonymous_65)
FNDA:0,(anonymous_66)
FNDA:27152,(anonymous_67)
FNDA:0,(anonymous_68)
FNDA:0,(anonymous_69)
FNDA:0,(anonymous_70)
FNDA:0,(anonymous_71)
FNDA:0,(anonymous_72)
FNDA:0,(anonymous_73)
FNDA:0,(anonymous_74)
FNDA:27152,(anonymous_75)
FNDA:27152,(anonymous_76)
FNDA:27152,(anonymous_77)
FNDA:27152,(anonymous_78)
FNDA:27152,(anonymous_79)
FNDA:27152,(anonymous_80)
FNDA:27152,(anonymous_81)
FNDA:27152,(anonymous_82)
FNDA:0,(anonymous_83)
FNDA:0,(anonymous_84)
FNDA:27152,(anonymous_85)
FNDA:27152,(anonymous_86)
FNDA:0,(anonymous_87)
DA:1,1
DA:4,1
DA:7,1
DA:8,1
DA:9,1
DA:10,1
DA:12,1
DA:13,1
DA:14,1
DA:15,1
DA:16,1
DA:19,1
DA:21,1
DA:23,1
DA:28,1
DA:38,59422
DA:43,59422
DA:48,59422
DA:55,59422
DA:70,59422
DA:75,59422
DA:80,59422
DA:85,59422
DA:90,59422
DA:100,59422
DA:105,59422
DA:110,59422
DA:116,59422
DA:126,59422
DA:132,59422
DA:137,59422
DA:142,59422
DA:152,59422
DA:153,59422
DA:154,59422
DA:155,59422
DA:157,59422
DA:158,59422
DA:159,59422
DA:160,59422
DA:161,32270
DA:189,104940
DA:190,104940
DA:193,104940
DA:194,0
DA:195,0
DA:196,0
DA:197,0
DA:198,0
DA:199,0
DA:200,0
DA:201,0
DA:203,0
DA:207,104940
DA:208,209880
DA:209,209880
DA:210,0
DA:211,0
DA:212,0
DA:213,0
DA:214,0
DA:215,0
DA:222,104940
DA:223,0
DA:232,0
DA:233,0
DA:236,0
DA:237,0
DA:238,0
DA:239,0
DA:240,0
DA:242,0
DA:243,0
DA:244,0
DA:250,0
DA:251,0
DA:252,0
DA:253,0
DA:254,0
DA:255,0
DA:256,0
DA:259,0
DA:260,0
DA:261,0
DA:262,0
DA:263,0
DA:264,0
DA:265,0
DA:266,0
DA:271,0
DA:272,0
DA:289,0
DA:290,0
DA:292,0
DA:293,0
DA:294,0
DA:303,61347
DA:305,61347
DA:306,184041
DA:307,122694
DA:308,59422
DA:309,59422
DA:310,59422
DA:311,63272
DA:312,59422
DA:317,61347
DA:319,61347
DA:320,61347
DA:321,59422
DA:326,61347
DA:327,0
DA:328,0
DA:329,0
DA:330,0
DA:331,0
DA:332,0
DA:337,61347
DA:338,299779
DA:340,299779
DA:341,280722
DA:352,104940
DA:353,473414
DA:354,473414
DA:355,494075
DA:356,0
DA:362,104940
DA:363,473414
DA:364,368474
DA:368,104940
DA:369,104940
DA:370,261982
DA:373,261982
DA:374,104940
DA:378,157042
DA:381,52102
DA:382,53654
DA:383,53654
DA:388,104940
DA:389,104940
DA:393,104940
DA:394,0
DA:398,104940
DA:399,104940
DA:400,104940
DA:401,104940
DA:407,104940
DA:408,104940
DA:409,104940
DA:410,0
DA:411,0
DA:416,104940
DA:424,158594
DA:425,494075
DA:426,494075
DA:427,494075
DA:429,494075
DA:440,104940
DA:441,104940
DA:442,209880
DA:445,104940
DA:446,104940
DA:447,104940
DA:448,209880
DA:449,209880
DA:450,209880
DA:451,209880
DA:452,209880
DA:453,209880
DA:464,21000
DA:465,21000
DA:466,21000
DA:467,21000
DA:468,21000
DA:469,42000
DA:471,21000
DA:473,21000
DA:480,1654203
DA:489,0
DA:490,0
DA:491,0
DA:499,0
DA:500,0
DA:509,0
DA:511,0
DA:512,0
DA:515,0
DA:523,0
DA:524,0
DA:532,0
DA:533,0
DA:534,0
DA:536,0
DA:537,0
DA:541,0
DA:545,0
DA:546,0
DA:547,0
DA:548,0
DA:549,0
DA:553,0
DA:554,0
DA:556,0
DA:557,0
DA:558,0
DA:559,0
DA:560,0
DA:561,0
DA:562,0
DA:565,0
DA:566,0
DA:567,0
DA:577,0
DA:581,0
DA:582,0
DA:584,0
DA:585,0
DA:586,0
DA:595,415786
DA:603,0
DA:613,1023
DA:621,1023
DA:622,1023
DA:623,839
DA:625,1023
DA:633,59272
DA:634,59272
DA:635,59272
DA:636,146828
DA:637,146828
DA:638,265754
DA:640,146828
DA:642,59272
DA:649,59272
DA:657,0
DA:658,0
DA:659,0
DA:660,0
DA:661,0
DA:663,0
DA:665,0
DA:673,0
DA:674,0
DA:675,0
DA:677,0
DA:688,0
DA:689,0
DA:690,0
DA:694,0
DA:695,0
DA:696,0
DA:697,0
DA:699,0
DA:703,0
DA:707,27152
DA:711,27152
DA:715,426494
DA:719,2063759
DA:723,59272
DA:727,60295
DA:731,955450
DA:735,309649
DA:739,0
DA:743,559331
DA:747,48137
DA:751,0
DA:755,0
DA:759,0
DA:763,0
DA:767,0
DA:771,0
DA:775,27152
DA:779,0
DA:783,27152
DA:787,0
DA:791,0
DA:795,0
DA:799,0
DA:803,0
DA:807,0
DA:811,0
DA:815,27152
DA:819,27152
DA:823,27152
DA:827,27152
DA:831,27152
DA:835,27152
DA:839,27152
DA:843,27152
DA:847,0
DA:851,0
DA:855,27152
DA:859,27152
DA:863,0
LF:293
LH:156
BRDA:155,0,0,0
BRDA:156,1,0,0
BRDA:160,2,0,32270
BRDA:193,3,0,0
BRDA:193,3,1,104940
BRDA:209,4,0,0
BRDA:222,5,0,0
BRDA:236,6,0,0
BRDA:240,7,0,0
BRDA:240,8,0,0
BRDA:240,8,1,0
BRDA:240,8,2,0
BRDA:240,8,3,0
BRDA:250,9,0,0
BRDA:259,10,0,0
BRDA:259,11,0,0
BRDA:259,11,1,0
BRDA:271,12,0,0
BRDA:289,13,0,0
BRDA:289,13,1,0
BRDA:306,14,0,122694
BRDA:307,15,0,59422
BRDA:307,15,1,63272
BRDA:311,16,0,59422
BRDA:319,17,0,61347
BRDA:320,18,0,59422
BRDA:326,19,0,0
BRDA:327,20,0,0
BRDA:327,20,1,0
BRDA:331,21,0,0
BRDA:340,22,0,280722
BRDA:340,23,0,299779
BRDA:340,23,1,292187
BRDA:355,24,0,0
BRDA:363,25,0,368474
BRDA:373,26,0,104940
BRDA:373,26,1,157042
BRDA:378,27,0,52102
BRDA:378,27,1,104940
BRDA:393,28,0,0
BRDA:400,29,0,104940
BRDA:408,30,0,104940
BRDA:408,30,1,0
BRDA:410,31,0,0
BRDA:426,32,0,494075
BRDA:449,33,0,209880
BRDA:511,34,0,0
BRDA:546,35,0,0
BRDA:546,35,1,0
BRDA:546,36,0,0
BRDA:546,36,1,0
BRDA:548,37,0,0
BRDA:559,38,0,0
BRDA:559,38,1,0
BRDA:581,39,0,0
BRDA:581,39,1,0
BRDA:622,40,0,839
BRF:57
BRH:21
end_of_record
TN:
SF:src/whisker/whiskerNet/NeuroevolutionPopulations/NeatPopulation.ts
FN:65,(anonymous_1)
FN:71,(anonymous_2)
FN:78,(anonymous_3)
FN:89,(anonymous_4)
FN:100,(anonymous_5)
FN:148,(anonymous_6)
FN:158,(anonymous_7)
FN:179,(anonymous_8)
FN:199,(anonymous_9)
FN:252,(anonymous_10)
FN:276,(anonymous_11)
FN:277,(anonymous_12)
FN:287,(anonymous_13)
FN:306,(anonymous_14)
FN:358,(anonymous_15)
FN:440,(anonymous_16)
FN:444,(anonymous_17)
FN:452,(anonymous_18)
FN:460,(anonymous_19)
FN:466,(anonymous_20)
FN:467,(anonymous_21)
FN:473,(anonymous_22)
FN:474,(anonymous_23)
FN:481,(anonymous_24)
FN:490,(anonymous_25)
FN:511,(anonymous_26)
FN:523,(anonymous_27)
FN:527,(anonymous_28)
FN:531,(anonymous_29)
FN:535,(anonymous_30)
FN:539,(anonymous_31)
FN:543,(anonymous_32)
FNF:32
FNH:28
FNDA:1,(anonymous_1)
FNDA:36,(anonymous_2)
FNDA:1,(anonymous_3)
FNDA:140,(anonymous_4)
FNDA:21000,(anonymous_5)
FNDA:140,(anonymous_6)
FNDA:140,(anonymous_7)
FNDA:140,(anonymous_8)
FNDA:140,(anonymous_9)
FNDA:0,(anonymous_10)
FNDA:140,(anonymous_11)
FNDA:21000,(anonymous_12)
FNDA:140,(anonymous_13)
FNDA:21150,(anonymous_14)
FNDA:173479,(anonymous_15)
FNDA:1925,(anonymous_16)
FNDA:5609,(anonymous_17)
FNDA:6945,(anonymous_18)
FNDA:12554,(anonymous_19)
FNDA:140,(anonymous_20)
FNDA:112292,(anonymous_21)
FNDA:140,(anonymous_22)
FNDA:1078,(anonymous_23)
FNDA:0,(anonymous_24)
FNDA:0,(anonymous_25)
FNDA:0,(anonymous_26)
FNDA:21000,(anonymous_27)
FNDA:140,(anonymous_28)
FNDA:104,(anonymous_29)
FNDA:52,(anonymous_30)
FNDA:44162,(anonymous_31)
FNDA:236,(anonymous_32)
DA:1,1
DA:2,1
DA:7,1
DA:8,1
DA:10,1
DA:21,1
DA:32,1
DA:37,1
DA:42,1
DA:53,1
DA:58,1
DA:66,1
DA:67,1
DA:68,1
DA:72,36
DA:79,1
DA:80,150
DA:81,150
DA:82,150
DA:92,140
DA:93,140
DA:94,21000
DA:95,16372
DA:96,16372
DA:97,16372
DA:100,21000
DA:103,140
DA:104,140
DA:105,687
DA:109,140
DA:110,140
DA:111,21000
DA:115,140
DA:116,4628
DA:117,4628
DA:119,140
DA:123,140
DA:124,140
DA:125,738
DA:126,48
DA:129,690
DA:130,52
DA:132,638
DA:133,690
DA:134,21000
DA:138,140
DA:139,48
DA:141,140
DA:149,140
DA:150,140
DA:151,140
DA:152,140
DA:159,140
DA:160,140
DA:162,139
DA:163,42
DA:165,97
DA:166,53
DA:169,139
DA:170,0
DA:182,140
DA:183,687
DA:184,687
DA:188,140
DA:189,140
DA:190,21000
DA:192,140
DA:193,140
DA:202,140
DA:203,21000
DA:207,140
DA:208,140
DA:209,140
DA:210,687
DA:211,687
DA:215,140
DA:216,140
DA:217,140
DA:218,140
DA:219,140
DA:222,140
DA:224,62
DA:225,62
DA:229,140
DA:230,103
DA:231,103
DA:233,37
DA:237,140
DA:238,0
DA:239,0
DA:240,0
DA:243,0
DA:244,0
DA:245,0
DA:246,0
DA:247,0
DA:252,0
DA:253,0
DA:254,0
DA:255,0
DA:256,0
DA:257,0
DA:258,0
DA:262,0
DA:263,0
DA:277,21000
DA:279,140
DA:288,140
DA:289,687
DA:290,687
DA:291,687
DA:292,103050
DA:293,103050
DA:294,4541
DA:295,4541
DA:298,687
DA:309,21150
DA:310,1
DA:311,1
DA:312,1
DA:313,1
DA:314,1
DA:315,1
DA:320,21149
DA:321,21149
DA:323,56853
DA:324,0
DA:328,56853
DA:332,56853
DA:333,21098
DA:334,21098
DA:335,21098
DA:336,21098
DA:341,21149
DA:342,51
DA:343,51
DA:344,51
DA:345,51
DA:346,51
DA:347,51
DA:361,173479
DA:362,0
DA:363,0
DA:367,173479
DA:368,173479
DA:371,173479
DA:372,173479
DA:373,173479
DA:374,173479
DA:377,173479
DA:378,173479
DA:379,173479
DA:382,173479
DA:383,173479
DA:387,173479
DA:390,937307
DA:391,131846
DA:392,131846
DA:393,805461
DA:394,77780
DA:395,77780
DA:401,727681
DA:402,727681
DA:405,727681
DA:406,727681
DA:409,727681
DA:410,642526
DA:411,642526
DA:412,642526
DA:413,642526
DA:414,85155
DA:415,42280
DA:416,42280
DA:417,42875
DA:418,42875
DA:419,42875
DA:425,173479
DA:426,173479
DA:427,173479
DA:428,173479
DA:429,0
DA:431,173479
DA:442,1925
DA:444,902
DA:445,5609
DA:450,902
DA:452,1023
DA:453,6945
DA:458,1023
DA:460,12554
DA:467,112292
DA:474,1078
DA:482,0
DA:483,0
DA:491,0
DA:492,0
DA:493,0
DA:494,0
DA:495,0
DA:496,0
DA:497,0
DA:498,0
DA:499,0
DA:501,0
DA:502,0
DA:504,0
DA:512,0
DA:513,0
DA:514,0
DA:515,0
DA:516,0
DA:517,0
DA:519,0
DA:524,21000
DA:528,140
DA:532,104
DA:536,52
DA:540,44162
DA:544,236
LF:219
LH:176
BRDA:94,0,0,16372
BRDA:125,1,0,48
BRDA:125,1,1,690
BRDA:129,2,0,52
BRDA:129,2,1,638
BRDA:160,3,0,139
BRDA:162,4,0,42
BRDA:162,4,1,97
BRDA:165,5,0,53
BRDA:169,6,0,0
BRDA:222,7,0,62
BRDA:229,8,0,103
BRDA:229,8,1,37
BRDA:237,9,0,0
BRDA:243,10,0,0
BRDA:243,10,1,0
BRDA:255,11,0,0
BRDA:255,11,1,0
BRDA:293,12,0,4541
BRDA:309,13,0,1
BRDA:309,13,1,21149
BRDA:323,14,0,0
BRDA:332,15,0,21098
BRDA:341,16,0,51
BRDA:361,17,0,0
BRDA:361,18,0,173479
BRDA:361,18,1,173479
BRDA:390,19,0,131846
BRDA:390,19,1,805461
BRDA:393,20,0,77780
BRDA:393,20,1,727681
BRDA:409,21,0,642526
BRDA:409,21,1,85155
BRDA:414,22,0,42280
BRDA:414,22,1,42875
BRDA:417,23,0,42875
BRDA:428,24,0,0
BRDA:428,24,1,173479
BRDA:442,25,0,902
BRDA:442,25,1,1023
BRDA:445,26,0,5609
BRDA:445,26,1,3919
BRDA:445,26,2,1534
BRDA:445,26,3,884
BRDA:453,27,0,6945
BRDA:453,27,1,2586
BRDA:453,27,2,1276
BRDA:453,27,3,1014
BRF:48
BRH:39
end_of_record
TN:
SF:src/whisker/whiskerNet/NeuroevolutionPopulations/NeuroevolutionPopulation.ts
FN:57,(anonymous_0)
FN:85,(anonymous_1)
FN:89,(anonymous_2)
FN:93,(anonymous_3)
FN:97,(anonymous_4)
FN:101,(anonymous_5)
FN:105,(anonymous_6)
FN:109,(anonymous_7)
FN:113,(anonymous_8)
FN:117,(anonymous_9)
FN:121,(anonymous_10)
FN:125,(anonymous_11)
FN:129,(anonymous_12)
FN:133,(anonymous_13)
FN:137,(anonymous_14)
FNF:15
FNH:15
FNDA:1,(anonymous_0)
FNDA:22981,(anonymous_1)
FNDA:140,(anonymous_2)
FNDA:103,(anonymous_3)
FNDA:177,(anonymous_4)
FNDA:140,(anonymous_5)
FNDA:280,(anonymous_6)
FNDA:140,(anonymous_7)
FNDA:586,(anonymous_8)
FNDA:140,(anonymous_9)
FNDA:493,(anonymous_10)
FNDA:140,(anonymous_11)
FNDA:140,(anonymous_12)
FNDA:520769,(anonymous_13)
FNDA:150,(anonymous_14)
DA:5,1
DA:25,1
DA:30,1
DA:35,1
DA:40,1
DA:45,1
DA:58,1
DA:59,1
DA:60,1
DA:86,22981
DA:90,140
DA:94,103
DA:98,177
DA:102,140
DA:106,280
DA:110,140
DA:114,586
DA:118,140
DA:122,493
DA:126,140
DA:130,140
DA:134,520769
DA:138,150
LF:23
LH:23
BRF:0
BRH:0
end_of_record
TN:
SF:src/whisker/whiskerNet/NeuroevolutionPopulations/Species.ts
FN:87,(anonymous_1)
FN:97,(anonymous_2)
FN:104,(anonymous_3)
FN:141,(anonymous_4)
FN:174,(anonymous_5)
FN:208,(anonymous_6)
FN:230,(anonymous_7)
FN:285,(anonymous_8)
FN:295,(anonymous_9)
FN:306,(anonymous_10)
FN:318,(anonymous_11)
FN:349,(anonymous_12)
FN:350,(anonymous_13)
FN:357,(anonymous_14)
FN:358,(anonymous_15)
FN:366,(anonymous_16)
FN:367,(anonymous_17)
FN:375,(anonymous_18)
FN:394,(anonymous_19)
FN:410,(anonymous_20)
FN:414,(anonymous_21)
FN:418,(anonymous_22)
FN:422,(anonymous_23)
FN:426,(anonymous_24)
FN:430,(anonymous_25)
FN:434,(anonymous_26)
FN:438,(anonymous_27)
FN:442,(anonymous_28)
FN:446,(anonymous_29)
FN:450,(anonymous_30)
FN:454,(anonymous_31)
FN:458,(anonymous_32)
FN:462,(anonymous_33)
FN:466,(anonymous_34)
FN:470,(anonymous_35)
FN:474,(anonymous_36)
FN:478,(anonymous_37)
FN:482,(anonymous_38)
FN:486,(anonymous_39)
FN:490,(anonymous_40)
FN:494,(anonymous_41)
FN:498,(anonymous_42)
FNF:42
FNH:38
FNDA:52,(anonymous_1)
FNDA:21000,(anonymous_2)
FNDA:687,(anonymous_3)
FNDA:687,(anonymous_4)
FNDA:687,(anonymous_5)
FNDA:0,(anonymous_6)
FNDA:687,(anonymous_7)
FNDA:276,(anonymous_8)
FNDA:6466,(anonymous_9)
FNDA:13576,(anonymous_10)
FNDA:75,(anonymous_11)
FNDA:1374,(anonymous_12)
FNDA:88193,(anonymous_13)
FNDA:687,(anonymous_14)
FNDA:21000,(anonymous_15)
FNDA:687,(anonymous_16)
FNDA:21000,(anonymous_17)
FNDA:0,(anonymous_18)
FNDA:0,(anonymous_19)
FNDA:3192,(anonymous_20)
FNDA:159903,(anonymous_21)
FNDA:739,(anonymous_22)
FNDA:2428,(anonymous_23)
FNDA:638,(anonymous_24)
FNDA:687,(anonymous_25)
FNDA:687,(anonymous_26)
FNDA:1374,(anonymous_27)
FNDA:687,(anonymous_28)
FNDA:0,(anonymous_29)
FNDA:687,(anonymous_30)
FNDA:687,(anonymous_31)
FNDA:416,(anonymous_32)
FNDA:56450,(anonymous_33)
FNDA:31233,(anonymous_34)
FNDA:179685,(anonymous_35)
FNDA:690,(anonymous_36)
FNDA:52,(anonymous_37)
FNDA:687,(anonymous_38)
FNDA:416,(anonymous_39)
FNDA:29303,(anonymous_40)
FNDA:1374,(anonymous_41)
FNDA:15059,(anonymous_42)
DA:1,1
DA:5,1
DA:6,1
DA:8,1
DA:23,52
DA:33,52
DA:38,52
DA:43,52
DA:48,52
DA:53,52
DA:58,52
DA:68,52
DA:78,52
DA:88,52
DA:89,52
DA:90,52
DA:98,21000
DA:107,687
DA:108,687
DA:109,4
DA:112,687
DA:113,21000
DA:116,21000
DA:117,151
DA:118,151
DA:122,21000
DA:123,13269
DA:127,21000
DA:128,15
DA:132,21000
DA:135,687
DA:143,687
DA:144,687
DA:145,687
DA:146,687
DA:147,687
DA:151,687
DA:152,416
DA:153,416
DA:158,687
DA:161,687
DA:162,4628
DA:175,687
DA:176,687
DA:178,687
DA:179,687
DA:180,687
DA:182,687
DA:183,21000
DA:184,21000
DA:186,21000
DA:187,21000
DA:189,21000
DA:190,9484
DA:191,9484
DA:192,9484
DA:196,687
DA:209,0
DA:210,0
DA:211,0
DA:213,0
DA:214,0
DA:216,0
DA:217,0
DA:218,0
DA:219,0
DA:221,0
DA:231,687
DA:232,0
DA:235,687
DA:237,687
DA:238,687
DA:241,687
DA:242,687
DA:246,21000
DA:247,416
DA:248,140
DA:249,140
DA:250,140
DA:252,276
DA:257,20584
DA:258,542
DA:259,542
DA:260,20042
DA:263,6466
DA:268,13576
DA:272,21000
DA:273,0
DA:276,21000
DA:278,687
DA:286,276
DA:287,276
DA:288,276
DA:296,6466
DA:297,6466
DA:308,13576
DA:312,13576
DA:313,13561
DA:318,75
DA:320,15
DA:321,15
DA:325,0
DA:330,13576
DA:333,13576
DA:334,0
DA:339,13576
DA:340,13576
DA:341,11120
DA:343,13576
DA:350,88193
DA:358,21000
DA:359,687
DA:367,21000
DA:368,687
DA:376,0
DA:377,0
DA:378,0
DA:379,0
DA:380,0
DA:381,0
DA:382,0
DA:383,0
DA:384,0
DA:385,0
DA:387,0
DA:395,0
DA:396,0
DA:399,0
DA:400,0
DA:401,0
DA:402,0
DA:403,0
DA:404,0
DA:405,0
DA:407,0
DA:411,3192
DA:415,159903
DA:419,739
DA:423,2428
DA:427,638
DA:431,687
DA:435,687
DA:439,1374
DA:443,687
DA:447,0
DA:451,687
DA:455,687
DA:459,416
DA:463,56450
DA:467,31233
DA:471,179685
DA:475,690
DA:479,52
DA:483,687
DA:487,416
DA:491,29303
DA:495,1374
DA:499,15059
LF:158
LH:122
BRDA:108,0,0,4
BRDA:116,1,0,151
BRDA:122,2,0,13269
BRDA:127,3,0,15
BRDA:151,4,0,416
BRDA:189,5,0,9484
BRDA:216,6,0,0
BRDA:231,7,0,0
BRDA:231,8,0,687
BRDA:231,8,1,682
BRDA:246,9,0,416
BRDA:246,9,1,20584
BRDA:246,10,0,21000
BRDA:246,10,1,6242
BRDA:247,11,0,140
BRDA:247,11,1,276
BRDA:257,12,0,542
BRDA:257,12,1,20042
BRDA:260,13,0,6466
BRDA:260,13,1,13576
BRDA:260,14,0,20042
BRDA:260,14,1,14963
BRDA:272,15,0,0
BRDA:312,16,0,13561
BRDA:312,16,1,15
BRDA:312,17,0,13576
BRDA:312,17,1,15
BRDA:318,18,0,75
BRDA:318,18,1,60
BRDA:320,19,0,15
BRDA:320,19,1,0
BRDA:333,20,0,0
BRDA:340,21,0,11120
BRDA:340,22,0,13576
BRDA:340,22,1,3369
BRF:35
BRH:30
end_of_record
TN:
SF:src/whisker/whiskerNet/NeuroevolutionPopulations/TargetStatementPopulation.ts
FN:15,(anonymous_0)
FN:30,(anonymous_1)
FN:78,(anonymous_2)
FN:102,(anonymous_3)
FN:117,(anonymous_4)
FNF:5
FNH:0
FNDA:0,(anonymous_0)
FNDA:0,(anonymous_1)
FNDA:0,(anonymous_2)
FNDA:0,(anonymous_3)
FNDA:0,(anonymous_4)
DA:1,1
DA:5,1
DA:6,1
DA:11,1
DA:13,1
DA:16,0
DA:17,0
DA:18,0
DA:19,0
DA:20,0
DA:21,0
DA:33,0
DA:34,0
DA:35,0
DA:36,0
DA:40,0
DA:41,0
DA:42,0
DA:43,0
DA:44,0
DA:48,0
DA:50,0
DA:51,0
DA:53,0
DA:54,0
DA:58,0
DA:59,0
DA:61,0
DA:63,0
DA:64,0
DA:66,0
DA:69,0
DA:71,0
DA:74,0
DA:78,0
DA:79,0
DA:80,0
DA:81,0
DA:82,0
DA:83,0
DA:84,0
DA:90,0
DA:91,0
DA:92,0
DA:93,0
DA:103,0
DA:104,0
DA:105,0
DA:106,0
DA:107,0
DA:110,0
DA:118,0
DA:119,0
DA:120,0
DA:121,0
DA:122,0
DA:125,0
LF:57
LH:5
BRDA:33,0,0,0
BRDA:33,0,1,0
BRDA:42,1,0,0
BRDA:50,2,0,0
BRDA:63,3,0,0
BRDA:69,4,0,0
BRDA:69,5,0,0
BRDA:69,5,1,0
BRDA:69,5,2,0
BRF:9
BRH:0
end_of_record
TN:
SF:src/whisker/whiskerNet/Operators/NeatCrossover.ts
FN:23,(anonymous_0)
FN:33,(anonymous_1)
FN:51,(anonymous_2)
FN:64,(anonymous_3)
FNF:4
FNH:3
FNDA:2,(anonymous_0)
FNDA:13576,(anonymous_1)
FNDA:0,(anonymous_2)
FNDA:13576,(anonymous_3)
DA:2,1
DA:3,1
DA:7,1
DA:12,2
DA:24,2
DA:25,2
DA:34,13576
DA:35,13576
DA:37,13576
DA:38,13576
DA:42,13576
DA:43,13576
DA:44,13576
DA:52,0
DA:71,13576
DA:72,4557
DA:73,4557
DA:74,9019
DA:75,4668
DA:76,4668
DA:77,4351
DA:78,3
DA:79,3
DA:81,4348
DA:82,4348
DA:86,13576
DA:89,13576
DA:90,13576
DA:91,66641
DA:96,13576
DA:99,66615
DA:100,65608
DA:103,65608
DA:104,26329
DA:108,39279
DA:109,19679
DA:114,13576
LF:37
LH:36
BRDA:71,0,0,4557
BRDA:71,0,1,9019
BRDA:74,1,0,4668
BRDA:74,1,1,4351
BRDA:77,2,0,3
BRDA:77,2,1,4348
BRDA:99,3,0,65608
BRDA:103,4,0,26329
BRDA:103,4,1,39279
BRDA:108,5,0,19679
BRF:10
BRH:10
end_of_record
TN:
SF:src/whisker/whiskerNet/Operators/NeatMutation.ts
FN:91,(anonymous_0)
FN:120,(anonymous_1)
FN:171,(anonymous_2)
FN:177,(anonymous_3)
FN:267,(anonymous_4)
FN:292,(anonymous_5)
FN:320,(anonymous_6)
FN:336,(anonymous_7)
FN:345,(anonymous_8)
FN:357,(anonymous_9)
FNF:10
FNH:9
FNDA:2,(anonymous_0)
FNDA:17862,(anonymous_1)
FNDA:10114,(anonymous_2)
FNDA:45155,(anonymous_3)
FNDA:6206,(anonymous_4)
FNDA:1034,(anonymous_5)
FNDA:6206,(anonymous_6)
FNDA:0,(anonymous_7)
FNDA:976,(anonymous_8)
FNDA:282,(anonymous_9)
DA:2,1
DA:3,1
DA:4,1
DA:7,1
DA:8,1
DA:10,1
DA:14,1
DA:19,2
DA:74,2
DA:93,2
DA:94,2
DA:95,2
DA:96,2
DA:97,2
DA:98,2
DA:99,2
DA:100,2
DA:101,2
DA:102,2
DA:104,2
DA:105,0
DA:106,0
DA:108,0
DA:109,0
DA:111,0
DA:121,17862
DA:122,17862
DA:123,17862
DA:125,21258
DA:126,507
DA:127,507
DA:128,135
DA:130,372
DA:138,20751
DA:139,1034
DA:140,1034
DA:141,19717
DA:142,9979
DA:143,9979
DA:148,9738
DA:149,976
DA:150,976
DA:152,9738
DA:153,282
DA:154,282
DA:156,9738
DA:157,5834
DA:158,5834
DA:163,17862
DA:172,10114
DA:177,10114
DA:178,45155
DA:181,10114
DA:182,10114
DA:183,0
DA:187,10114
DA:188,10114
DA:190,195792
DA:192,0
DA:193,0
DA:194,0
DA:197,0
DA:198,0
DA:199,0
DA:203,0
DA:204,0
DA:210,195792
DA:211,195792
DA:215,195792
DA:218,195792
DA:219,44607
DA:223,195792
DA:224,151185
DA:225,464058
DA:226,0
DA:227,0
DA:230,464058
DA:231,142224
DA:232,142224
DA:238,195792
DA:240,8961
DA:241,8961
DA:242,452
DA:243,452
DA:245,8509
DA:248,186831
DA:254,10114
DA:255,452
DA:256,452
DA:257,452
DA:258,452
DA:269,6206
DA:270,6206
DA:273,0
DA:276,0
DA:277,0
DA:278,0
DA:283,6206
DA:284,6206
DA:294,1034
DA:295,1034
DA:299,1034
DA:300,1788
DA:301,1788
DA:302,1023
DA:303,1788
DA:307,1034
DA:308,11
DA:311,1023
DA:321,6206
DA:322,6206
DA:323,29651
DA:324,2950
DA:326,26701
DA:337,0
DA:346,976
DA:348,3904
DA:349,3904
DA:358,282
DA:359,1108
DA:360,55
DA:361,55
LF:122
LH:101
BRDA:104,0,0,0
BRDA:104,1,0,2
BRDA:104,1,1,0
BRDA:108,2,0,0
BRDA:108,3,0,0
BRDA:108,3,1,0
BRDA:125,4,0,507
BRDA:125,4,1,20751
BRDA:127,5,0,135
BRDA:127,5,1,372
BRDA:138,6,0,1034
BRDA:138,6,1,19717
BRDA:141,7,0,9979
BRDA:141,7,1,9738
BRDA:148,8,0,976
BRDA:152,9,0,282
BRDA:156,10,0,5834
BRDA:178,11,0,45155
BRDA:178,11,1,24927
BRDA:182,12,0,0
BRDA:190,13,0,0
BRDA:190,13,1,195792
BRDA:193,14,0,0
BRDA:197,15,0,0
BRDA:197,15,1,0
BRDA:218,16,0,44607
BRDA:218,17,0,195792
BRDA:218,17,1,195792
BRDA:223,18,0,151185
BRDA:225,19,0,0
BRDA:225,20,0,464058
BRDA:225,20,1,167816
BRDA:225,20,2,142224
BRDA:225,20,3,0
BRDA:230,21,0,142224
BRDA:230,22,0,464058
BRDA:230,22,1,167816
BRDA:230,22,2,142224
BRDA:230,22,3,142224
BRDA:238,23,0,8961
BRDA:238,23,1,186831
BRDA:241,24,0,452
BRDA:241,24,1,8509
BRDA:254,25,0,452
BRDA:255,26,0,226
BRDA:255,26,1,226
BRDA:270,27,0,0
BRDA:270,28,0,6206
BRDA:270,28,1,0
BRDA:270,28,2,0
BRDA:276,29,0,0
BRDA:283,30,0,6206
BRDA:299,31,0,2822
BRDA:299,31,1,2811
BRDA:301,32,0,1023
BRDA:301,33,0,1788
BRDA:301,33,1,1534
BRDA:307,34,0,11
BRDA:323,35,0,2950
BRDA:323,35,1,26701
BRDA:359,36,0,55
BRF:61
BRH:45
end_of_record
TN:
SF:src/whisker/whiskerNet/Operators/NetworkCrossover.ts
FNF:0
FNH:0
DA:1,1
DA:5,1
LF:2
LH:2
BRF:0
BRH:0
end_of_record
TN:
SF:test/whisker/utils/VMWrapperMock.ts
FN:9,(anonymous_0)
FN:18,(anonymous_1)
FN:25,(anonymous_2)
FN:32,(anonymous_3)
FNF:4
FNH:1
FNDA:1,(anonymous_0)
FNDA:0,(anonymous_1)
FNDA:0,(anonymous_2)
FNDA:0,(anonymous_3)
DA:3,1
DA:10,1
DA:11,1
DA:12,1
DA:19,0
DA:26,0
DA:33,0
LF:7
LH:4
BRF:0
BRH:0
end_of_record
